running egg_info
creating ../build/robot_positions/robot_positions.egg-info
writing ../build/robot_positions/robot_positions.egg-info/PKG-INFO
writing dependency_links to ../build/robot_positions/robot_positions.egg-info/dependency_links.txt
writing entry points to ../build/robot_positions/robot_positions.egg-info/entry_points.txt
writing requirements to ../build/robot_positions/robot_positions.egg-info/requires.txt
writing top-level names to ../build/robot_positions/robot_positions.egg-info/top_level.txt
writing manifest file '../build/robot_positions/robot_positions.egg-info/SOURCES.txt'
reading manifest file '../build/robot_positions/robot_positions.egg-info/SOURCES.txt'
writing manifest file '../build/robot_positions/robot_positions.egg-info/SOURCES.txt'
running build
running install
/usr/lib/python3/dist-packages/setuptools/command/install.py:34: SetuptoolsDeprecationWarning: setup.py install is deprecated. Use build and pip and other standards-based tools.
  warnings.warn(
running install_data
creating /home/robot1/ros2_ws/src/install/robot_positions/share/ament_index
creating /home/robot1/ros2_ws/src/install/robot_positions/share/ament_index/resource_index
creating /home/robot1/ros2_ws/src/install/robot_positions/share/ament_index/resource_index/packages
copying resource/robot_positions -> /home/robot1/ros2_ws/src/install/robot_positions/share/ament_index/resource_index/packages
copying package.xml -> /home/robot1/ros2_ws/src/install/robot_positions/share/robot_positions
running install_egg_info
Copying ../build/robot_positions/robot_positions.egg-info to /home/robot1/ros2_ws/src/install/robot_positions/lib/python3.10/site-packages/robot_positions-0.0.1-py3.10.egg-info
running install_scripts
Installing robot_pos_updater script to /home/robot1/ros2_ws/src/install/robot_positions/lib/robot_positions
writing list of installed files to '/home/robot1/ros2_ws/src/build/robot_positions/install.log'
