[3.368s] Invoking command in '/home/robot1/ros2_ws/src/gotoxy': PYTHONPATH=/home/robot1/ros2_ws/src/build/gotoxy/prefix_override:/home/robot1/ros2_ws/src/install/gotoxy/lib/python3.10/site-packages:${PYTHONPATH} /usr/bin/python3 setup.py egg_info --egg-base ../build/gotoxy build --build-base /home/robot1/ros2_ws/src/build/gotoxy/build install --record /home/robot1/ros2_ws/src/build/gotoxy/install.log --single-version-externally-managed
[4.473s] running egg_info
[4.476s] writing ../build/gotoxy/gotoxy.egg-info/PKG-INFO
[4.477s] writing dependency_links to ../build/gotoxy/gotoxy.egg-info/dependency_links.txt
[4.479s] writing entry points to ../build/gotoxy/gotoxy.egg-info/entry_points.txt
[4.479s] writing requirements to ../build/gotoxy/gotoxy.egg-info/requires.txt
[4.480s] writing top-level names to ../build/gotoxy/gotoxy.egg-info/top_level.txt
[4.485s] package init file 'gotoxy/__init__.py' not found (or not a regular file)
[4.487s] reading manifest file '../build/gotoxy/gotoxy.egg-info/SOURCES.txt'
[4.489s] adding license file 'LICENSE'
[4.491s] writing manifest file '../build/gotoxy/gotoxy.egg-info/SOURCES.txt'
[4.492s] running build
[4.492s] running build_py
[4.493s] copying gotoxy/gotoxy_action_server.py -> /home/robot1/ros2_ws/src/build/gotoxy/build/lib/gotoxy
[4.494s] running install
[4.495s] /usr/lib/python3/dist-packages/setuptools/command/install.py:34: SetuptoolsDeprecationWarning: setup.py install is deprecated. Use build and pip and other standards-based tools.
[4.495s]   warnings.warn(
[4.496s] running install_lib
[4.499s] copying /home/robot1/ros2_ws/src/build/gotoxy/build/lib/gotoxy/gotoxy_action_server.py -> /home/robot1/ros2_ws/src/install/gotoxy/lib/python3.10/site-packages/gotoxy
[4.502s] byte-compiling /home/robot1/ros2_ws/src/install/gotoxy/lib/python3.10/site-packages/gotoxy/gotoxy_action_server.py to gotoxy_action_server.cpython-310.pyc
[4.507s] running install_data
[4.509s] running install_egg_info
[4.516s] removing '/home/robot1/ros2_ws/src/install/gotoxy/lib/python3.10/site-packages/gotoxy-0.32.0-py3.10.egg-info' (and everything under it)
[4.518s] Copying ../build/gotoxy/gotoxy.egg-info to /home/robot1/ros2_ws/src/install/gotoxy/lib/python3.10/site-packages/gotoxy-0.32.0-py3.10.egg-info
[4.522s] running install_scripts
[4.605s] Installing gotoxy_client script to /home/robot1/ros2_ws/src/install/gotoxy/lib/action_tutorials_py
[4.606s] Installing gotoxy_server script to /home/robot1/ros2_ws/src/install/gotoxy/lib/action_tutorials_py
[4.607s] writing list of installed files to '/home/robot1/ros2_ws/src/build/gotoxy/install.log'
[4.720s] Invoked command in '/home/robot1/ros2_ws/src/gotoxy' returned '0': PYTHONPATH=/home/robot1/ros2_ws/src/build/gotoxy/prefix_override:/home/robot1/ros2_ws/src/install/gotoxy/lib/python3.10/site-packages:${PYTHONPATH} /usr/bin/python3 setup.py egg_info --egg-base ../build/gotoxy build --build-base /home/robot1/ros2_ws/src/build/gotoxy/build install --record /home/robot1/ros2_ws/src/build/gotoxy/install.log --single-version-externally-managed
