[5.695s] DEBUG:colcon:Command line arguments: ['/usr/bin/colcon', 'build', '--packages-select', 'robot_pos_interface']
[5.696s] DEBUG:colcon:Parsed command line arguments: Namespace(log_base=None, log_level=None, verb_name='build', build_base='build', install_base='install', merge_install=False, symlink_install=False, test_result_base=None, continue_on_error=False, executor='parallel', parallel_workers=4, event_handlers=None, ignore_user_meta=False, metas=['./colcon.meta'], base_paths=['.'], packages_ignore=None, packages_ignore_regex=None, paths=None, packages_up_to=None, packages_up_to_regex=None, packages_above=None, packages_above_and_dependencies=None, packages_above_depth=None, packages_select_by_dep=None, packages_skip_by_dep=None, packages_skip_up_to=None, packages_select_build_failed=False, packages_skip_build_finished=False, packages_select_test_failures=False, packages_skip_test_passed=False, packages_select=['robot_pos_interface'], packages_skip=None, packages_select_regex=None, packages_skip_regex=None, packages_start=None, packages_end=None, allow_overriding=[], cmake_args=None, cmake_target=None, cmake_target_skip_unavailable=False, cmake_clean_cache=False, cmake_clean_first=False, cmake_force_configure=False, ament_cmake_args=None, catkin_cmake_args=None, catkin_skip_building_tests=False, verb_parser=<colcon_defaults.argument_parser.defaults.DefaultArgumentsDecorator object at 0xffffb663d9f0>, verb_extension=<colcon_core.verb.build.BuildVerb object at 0xffffb69716f0>, main=<bound method BuildVerb.main of <colcon_core.verb.build.BuildVerb object at 0xffffb69716f0>>)
[5.964s] Level 1:colcon.colcon_core.package_discovery:discover_packages(colcon_meta) check parameters
[5.964s] Level 1:colcon.colcon_core.package_discovery:discover_packages(recursive) check parameters
[5.964s] Level 1:colcon.colcon_core.package_discovery:discover_packages(ignore) check parameters
[5.964s] Level 1:colcon.colcon_core.package_discovery:discover_packages(path) check parameters
[5.965s] Level 1:colcon.colcon_core.package_discovery:discover_packages(colcon_meta) discover
[5.965s] Level 1:colcon.colcon_core.package_discovery:discover_packages(recursive) discover
[5.965s] INFO:colcon.colcon_core.package_discovery:Crawling recursively for packages in '/home/robot1/ros2_ws/src'
[5.966s] Level 1:colcon.colcon_core.package_identification:_identify(.) by extensions ['ignore', 'ignore_ament_install']
[5.966s] Level 1:colcon.colcon_core.package_identification:_identify(.) by extension 'ignore'
[5.966s] Level 1:colcon.colcon_core.package_identification:_identify(.) by extension 'ignore_ament_install'
[5.967s] Level 1:colcon.colcon_core.package_identification:_identify(.) by extensions ['colcon_pkg']
[5.967s] Level 1:colcon.colcon_core.package_identification:_identify(.) by extension 'colcon_pkg'
[5.967s] Level 1:colcon.colcon_core.package_identification:_identify(.) by extensions ['colcon_meta']
[5.967s] Level 1:colcon.colcon_core.package_identification:_identify(.) by extension 'colcon_meta'
[5.968s] Level 1:colcon.colcon_core.package_identification:_identify(.) by extensions ['ros']
[5.968s] Level 1:colcon.colcon_core.package_identification:_identify(.) by extension 'ros'
[6.017s] Level 1:colcon.colcon_core.package_identification:_identify(.) by extensions ['cmake', 'python']
[6.017s] Level 1:colcon.colcon_core.package_identification:_identify(.) by extension 'cmake'
[6.017s] Level 1:colcon.colcon_core.package_identification:_identify(.) by extension 'python'
[6.018s] Level 1:colcon.colcon_core.package_identification:_identify(.) by extensions ['python_setup_py']
[6.018s] Level 1:colcon.colcon_core.package_identification:_identify(.) by extension 'python_setup_py'
[6.018s] Level 1:colcon.colcon_core.package_identification:_identify(ROSArduinoBridge-RF24) by extensions ['ignore', 'ignore_ament_install']
[6.019s] Level 1:colcon.colcon_core.package_identification:_identify(ROSArduinoBridge-RF24) by extension 'ignore'
[6.019s] Level 1:colcon.colcon_core.package_identification:_identify(ROSArduinoBridge-RF24) by extension 'ignore_ament_install'
[6.020s] Level 1:colcon.colcon_core.package_identification:_identify(ROSArduinoBridge-RF24) by extensions ['colcon_pkg']
[6.020s] Level 1:colcon.colcon_core.package_identification:_identify(ROSArduinoBridge-RF24) by extension 'colcon_pkg'
[6.020s] Level 1:colcon.colcon_core.package_identification:_identify(ROSArduinoBridge-RF24) by extensions ['colcon_meta']
[6.020s] Level 1:colcon.colcon_core.package_identification:_identify(ROSArduinoBridge-RF24) by extension 'colcon_meta'
[6.021s] Level 1:colcon.colcon_core.package_identification:_identify(ROSArduinoBridge-RF24) by extensions ['ros']
[6.021s] Level 1:colcon.colcon_core.package_identification:_identify(ROSArduinoBridge-RF24) by extension 'ros'
[6.021s] Level 1:colcon.colcon_core.package_identification:_identify(ROSArduinoBridge-RF24) by extensions ['cmake', 'python']
[6.021s] Level 1:colcon.colcon_core.package_identification:_identify(ROSArduinoBridge-RF24) by extension 'cmake'
[6.022s] Level 1:colcon.colcon_core.package_identification:_identify(ROSArduinoBridge-RF24) by extension 'python'
[6.022s] Level 1:colcon.colcon_core.package_identification:_identify(ROSArduinoBridge-RF24) by extensions ['python_setup_py']
[6.022s] Level 1:colcon.colcon_core.package_identification:_identify(ROSArduinoBridge-RF24) by extension 'python_setup_py'
[6.022s] Level 1:colcon.colcon_core.package_identification:_identify(ROSArduinoPixyBridge) by extensions ['ignore', 'ignore_ament_install']
[6.023s] Level 1:colcon.colcon_core.package_identification:_identify(ROSArduinoPixyBridge) by extension 'ignore'
[6.023s] Level 1:colcon.colcon_core.package_identification:_identify(ROSArduinoPixyBridge) by extension 'ignore_ament_install'
[6.023s] Level 1:colcon.colcon_core.package_identification:_identify(ROSArduinoPixyBridge) by extensions ['colcon_pkg']
[6.024s] Level 1:colcon.colcon_core.package_identification:_identify(ROSArduinoPixyBridge) by extension 'colcon_pkg'
[6.024s] Level 1:colcon.colcon_core.package_identification:_identify(ROSArduinoPixyBridge) by extensions ['colcon_meta']
[6.024s] Level 1:colcon.colcon_core.package_identification:_identify(ROSArduinoPixyBridge) by extension 'colcon_meta'
[6.024s] Level 1:colcon.colcon_core.package_identification:_identify(ROSArduinoPixyBridge) by extensions ['ros']
[6.024s] Level 1:colcon.colcon_core.package_identification:_identify(ROSArduinoPixyBridge) by extension 'ros'
[6.025s] Level 1:colcon.colcon_core.package_identification:_identify(ROSArduinoPixyBridge) by extensions ['cmake', 'python']
[6.025s] Level 1:colcon.colcon_core.package_identification:_identify(ROSArduinoPixyBridge) by extension 'cmake'
[6.025s] Level 1:colcon.colcon_core.package_identification:_identify(ROSArduinoPixyBridge) by extension 'python'
[6.025s] Level 1:colcon.colcon_core.package_identification:_identify(ROSArduinoPixyBridge) by extensions ['python_setup_py']
[6.026s] Level 1:colcon.colcon_core.package_identification:_identify(ROSArduinoPixyBridge) by extension 'python_setup_py'
[6.026s] Level 1:colcon.colcon_core.package_identification:_identify(ROS_GUI) by extensions ['ignore', 'ignore_ament_install']
[6.027s] Level 1:colcon.colcon_core.package_identification:_identify(ROS_GUI) by extension 'ignore'
[6.027s] Level 1:colcon.colcon_core.package_identification:_identify(ROS_GUI) by extension 'ignore_ament_install'
[6.027s] Level 1:colcon.colcon_core.package_identification:_identify(ROS_GUI) by extensions ['colcon_pkg']
[6.027s] Level 1:colcon.colcon_core.package_identification:_identify(ROS_GUI) by extension 'colcon_pkg'
[6.028s] Level 1:colcon.colcon_core.package_identification:_identify(ROS_GUI) by extensions ['colcon_meta']
[6.028s] Level 1:colcon.colcon_core.package_identification:_identify(ROS_GUI) by extension 'colcon_meta'
[6.028s] Level 1:colcon.colcon_core.package_identification:_identify(ROS_GUI) by extensions ['ros']
[6.028s] Level 1:colcon.colcon_core.package_identification:_identify(ROS_GUI) by extension 'ros'
[6.029s] Level 1:colcon.colcon_core.package_identification:_identify(ROS_GUI) by extensions ['cmake', 'python']
[6.029s] Level 1:colcon.colcon_core.package_identification:_identify(ROS_GUI) by extension 'cmake'
[6.029s] Level 1:colcon.colcon_core.package_identification:_identify(ROS_GUI) by extension 'python'
[6.029s] Level 1:colcon.colcon_core.package_identification:_identify(ROS_GUI) by extensions ['python_setup_py']
[6.029s] Level 1:colcon.colcon_core.package_identification:_identify(ROS_GUI) by extension 'python_setup_py'
[6.030s] Level 1:colcon.colcon_core.package_identification:_identify(ROS_GUI/tkinter_serial_monitor-1.0.0) by extensions ['ignore', 'ignore_ament_install']
[6.030s] Level 1:colcon.colcon_core.package_identification:_identify(ROS_GUI/tkinter_serial_monitor-1.0.0) by extension 'ignore'
[6.031s] Level 1:colcon.colcon_core.package_identification:_identify(ROS_GUI/tkinter_serial_monitor-1.0.0) by extension 'ignore_ament_install'
[6.031s] Level 1:colcon.colcon_core.package_identification:_identify(ROS_GUI/tkinter_serial_monitor-1.0.0) by extensions ['colcon_pkg']
[6.031s] Level 1:colcon.colcon_core.package_identification:_identify(ROS_GUI/tkinter_serial_monitor-1.0.0) by extension 'colcon_pkg'
[6.031s] Level 1:colcon.colcon_core.package_identification:_identify(ROS_GUI/tkinter_serial_monitor-1.0.0) by extensions ['colcon_meta']
[6.032s] Level 1:colcon.colcon_core.package_identification:_identify(ROS_GUI/tkinter_serial_monitor-1.0.0) by extension 'colcon_meta'
[6.032s] Level 1:colcon.colcon_core.package_identification:_identify(ROS_GUI/tkinter_serial_monitor-1.0.0) by extensions ['ros']
[6.032s] Level 1:colcon.colcon_core.package_identification:_identify(ROS_GUI/tkinter_serial_monitor-1.0.0) by extension 'ros'
[6.033s] Level 1:colcon.colcon_core.package_identification:_identify(ROS_GUI/tkinter_serial_monitor-1.0.0) by extensions ['cmake', 'python']
[6.033s] Level 1:colcon.colcon_core.package_identification:_identify(ROS_GUI/tkinter_serial_monitor-1.0.0) by extension 'cmake'
[6.033s] Level 1:colcon.colcon_core.package_identification:_identify(ROS_GUI/tkinter_serial_monitor-1.0.0) by extension 'python'
[6.034s] DEBUG:colcon.colcon_core.package_identification:Python package in 'ROS_GUI/tkinter_serial_monitor-1.0.0' passes arguments to the setup() function which requires a different identification extension than 'python'
[6.034s] Level 1:colcon.colcon_core.package_identification:_identify(ROS_GUI/tkinter_serial_monitor-1.0.0) by extensions ['python_setup_py']
[6.034s] Level 1:colcon.colcon_core.package_identification:_identify(ROS_GUI/tkinter_serial_monitor-1.0.0) by extension 'python_setup_py'
[7.516s] DEBUG:colcon.colcon_core.package_identification:Package 'ROS_GUI/tkinter_serial_monitor-1.0.0' with type 'python' and name 'tkinter_serial_monitor'
[7.517s] Level 1:colcon.colcon_core.package_identification:_identify(build) by extensions ['ignore', 'ignore_ament_install']
[7.517s] Level 1:colcon.colcon_core.package_identification:_identify(build) by extension 'ignore'
[7.517s] Level 1:colcon.colcon_core.package_identification:_identify(build) ignored
[7.518s] Level 1:colcon.colcon_core.package_identification:_identify(install) by extensions ['ignore', 'ignore_ament_install']
[7.519s] Level 1:colcon.colcon_core.package_identification:_identify(install) by extension 'ignore'
[7.519s] Level 1:colcon.colcon_core.package_identification:_identify(install) ignored
[7.520s] Level 1:colcon.colcon_core.package_identification:_identify(log) by extensions ['ignore', 'ignore_ament_install']
[7.520s] Level 1:colcon.colcon_core.package_identification:_identify(log) by extension 'ignore'
[7.520s] Level 1:colcon.colcon_core.package_identification:_identify(log) ignored
[7.521s] Level 1:colcon.colcon_core.package_identification:_identify(map_interface) by extensions ['ignore', 'ignore_ament_install']
[7.521s] Level 1:colcon.colcon_core.package_identification:_identify(map_interface) by extension 'ignore'
[7.522s] Level 1:colcon.colcon_core.package_identification:_identify(map_interface) by extension 'ignore_ament_install'
[7.522s] Level 1:colcon.colcon_core.package_identification:_identify(map_interface) by extensions ['colcon_pkg']
[7.522s] Level 1:colcon.colcon_core.package_identification:_identify(map_interface) by extension 'colcon_pkg'
[7.522s] Level 1:colcon.colcon_core.package_identification:_identify(map_interface) by extensions ['colcon_meta']
[7.523s] Level 1:colcon.colcon_core.package_identification:_identify(map_interface) by extension 'colcon_meta'
[7.523s] Level 1:colcon.colcon_core.package_identification:_identify(map_interface) by extensions ['ros']
[7.523s] Level 1:colcon.colcon_core.package_identification:_identify(map_interface) by extension 'ros'
[7.532s] DEBUG:colcon.colcon_core.package_identification:Package 'map_interface' with type 'ros.ament_cmake' and name 'map_interface'
[7.533s] Level 1:colcon.colcon_core.package_identification:_identify(map_updater) by extensions ['ignore', 'ignore_ament_install']
[7.534s] Level 1:colcon.colcon_core.package_identification:_identify(map_updater) by extension 'ignore'
[7.534s] Level 1:colcon.colcon_core.package_identification:_identify(map_updater) by extension 'ignore_ament_install'
[7.534s] Level 1:colcon.colcon_core.package_identification:_identify(map_updater) by extensions ['colcon_pkg']
[7.534s] Level 1:colcon.colcon_core.package_identification:_identify(map_updater) by extension 'colcon_pkg'
[7.535s] Level 1:colcon.colcon_core.package_identification:_identify(map_updater) by extensions ['colcon_meta']
[7.535s] Level 1:colcon.colcon_core.package_identification:_identify(map_updater) by extension 'colcon_meta'
[7.535s] Level 1:colcon.colcon_core.package_identification:_identify(map_updater) by extensions ['ros']
[7.535s] Level 1:colcon.colcon_core.package_identification:_identify(map_updater) by extension 'ros'
[7.537s] DEBUG:colcon.colcon_core.package_identification:Package 'map_updater' with type 'ros.ament_python' and name 'map_updater'
[7.538s] Level 1:colcon.colcon_core.package_identification:_identify(map_viewer) by extensions ['ignore', 'ignore_ament_install']
[7.539s] Level 1:colcon.colcon_core.package_identification:_identify(map_viewer) by extension 'ignore'
[7.539s] Level 1:colcon.colcon_core.package_identification:_identify(map_viewer) by extension 'ignore_ament_install'
[7.539s] Level 1:colcon.colcon_core.package_identification:_identify(map_viewer) by extensions ['colcon_pkg']
[7.539s] Level 1:colcon.colcon_core.package_identification:_identify(map_viewer) by extension 'colcon_pkg'
[7.540s] Level 1:colcon.colcon_core.package_identification:_identify(map_viewer) by extensions ['colcon_meta']
[7.540s] Level 1:colcon.colcon_core.package_identification:_identify(map_viewer) by extension 'colcon_meta'
[7.540s] Level 1:colcon.colcon_core.package_identification:_identify(map_viewer) by extensions ['ros']
[7.540s] Level 1:colcon.colcon_core.package_identification:_identify(map_viewer) by extension 'ros'
[7.542s] DEBUG:colcon.colcon_core.package_identification:Package 'map_viewer' with type 'ros.ament_python' and name 'map_viewer'
[7.543s] Level 1:colcon.colcon_core.package_identification:_identify(pixy_viewer) by extensions ['ignore', 'ignore_ament_install']
[7.543s] Level 1:colcon.colcon_core.package_identification:_identify(pixy_viewer) by extension 'ignore'
[7.544s] Level 1:colcon.colcon_core.package_identification:_identify(pixy_viewer) by extension 'ignore_ament_install'
[7.544s] Level 1:colcon.colcon_core.package_identification:_identify(pixy_viewer) by extensions ['colcon_pkg']
[7.544s] Level 1:colcon.colcon_core.package_identification:_identify(pixy_viewer) by extension 'colcon_pkg'
[7.545s] Level 1:colcon.colcon_core.package_identification:_identify(pixy_viewer) by extensions ['colcon_meta']
[7.545s] Level 1:colcon.colcon_core.package_identification:_identify(pixy_viewer) by extension 'colcon_meta'
[7.545s] Level 1:colcon.colcon_core.package_identification:_identify(pixy_viewer) by extensions ['ros']
[7.545s] Level 1:colcon.colcon_core.package_identification:_identify(pixy_viewer) by extension 'ros'
[7.546s] Level 1:colcon.colcon_core.package_identification:_identify(pixy_viewer) by extensions ['cmake', 'python']
[7.546s] Level 1:colcon.colcon_core.package_identification:_identify(pixy_viewer) by extension 'cmake'
[7.546s] Level 1:colcon.colcon_core.package_identification:_identify(pixy_viewer) by extension 'python'
[7.546s] Level 1:colcon.colcon_core.package_identification:_identify(pixy_viewer) by extensions ['python_setup_py']
[7.546s] Level 1:colcon.colcon_core.package_identification:_identify(pixy_viewer) by extension 'python_setup_py'
[7.547s] Level 1:colcon.colcon_core.package_identification:_identify(pwm_interface) by extensions ['ignore', 'ignore_ament_install']
[7.547s] Level 1:colcon.colcon_core.package_identification:_identify(pwm_interface) by extension 'ignore'
[7.548s] Level 1:colcon.colcon_core.package_identification:_identify(pwm_interface) by extension 'ignore_ament_install'
[7.548s] Level 1:colcon.colcon_core.package_identification:_identify(pwm_interface) by extensions ['colcon_pkg']
[7.548s] Level 1:colcon.colcon_core.package_identification:_identify(pwm_interface) by extension 'colcon_pkg'
[7.549s] Level 1:colcon.colcon_core.package_identification:_identify(pwm_interface) by extensions ['colcon_meta']
[7.549s] Level 1:colcon.colcon_core.package_identification:_identify(pwm_interface) by extension 'colcon_meta'
[7.549s] Level 1:colcon.colcon_core.package_identification:_identify(pwm_interface) by extensions ['ros']
[7.549s] Level 1:colcon.colcon_core.package_identification:_identify(pwm_interface) by extension 'ros'
[7.552s] DEBUG:colcon.colcon_core.package_identification:Package 'pwm_interface' with type 'ros.ament_cmake' and name 'pwm_interface'
[7.552s] Level 1:colcon.colcon_core.package_identification:_identify(py_motor_raw_pwm) by extensions ['ignore', 'ignore_ament_install']
[7.553s] Level 1:colcon.colcon_core.package_identification:_identify(py_motor_raw_pwm) by extension 'ignore'
[7.553s] Level 1:colcon.colcon_core.package_identification:_identify(py_motor_raw_pwm) by extension 'ignore_ament_install'
[7.554s] Level 1:colcon.colcon_core.package_identification:_identify(py_motor_raw_pwm) by extensions ['colcon_pkg']
[7.554s] Level 1:colcon.colcon_core.package_identification:_identify(py_motor_raw_pwm) by extension 'colcon_pkg'
[7.554s] Level 1:colcon.colcon_core.package_identification:_identify(py_motor_raw_pwm) by extensions ['colcon_meta']
[7.554s] Level 1:colcon.colcon_core.package_identification:_identify(py_motor_raw_pwm) by extension 'colcon_meta'
[7.554s] Level 1:colcon.colcon_core.package_identification:_identify(py_motor_raw_pwm) by extensions ['ros']
[7.555s] Level 1:colcon.colcon_core.package_identification:_identify(py_motor_raw_pwm) by extension 'ros'
[7.557s] DEBUG:colcon.colcon_core.package_identification:Package 'py_motor_raw_pwm' with type 'ros.ament_python' and name 'py_motor_raw_pwm'
[7.558s] Level 1:colcon.colcon_core.package_identification:_identify(py_ping) by extensions ['ignore', 'ignore_ament_install']
[7.558s] Level 1:colcon.colcon_core.package_identification:_identify(py_ping) by extension 'ignore'
[7.559s] Level 1:colcon.colcon_core.package_identification:_identify(py_ping) by extension 'ignore_ament_install'
[7.559s] Level 1:colcon.colcon_core.package_identification:_identify(py_ping) by extensions ['colcon_pkg']
[7.559s] Level 1:colcon.colcon_core.package_identification:_identify(py_ping) by extension 'colcon_pkg'
[7.559s] Level 1:colcon.colcon_core.package_identification:_identify(py_ping) by extensions ['colcon_meta']
[7.559s] Level 1:colcon.colcon_core.package_identification:_identify(py_ping) by extension 'colcon_meta'
[7.560s] Level 1:colcon.colcon_core.package_identification:_identify(py_ping) by extensions ['ros']
[7.560s] Level 1:colcon.colcon_core.package_identification:_identify(py_ping) by extension 'ros'
[7.562s] DEBUG:colcon.colcon_core.package_identification:Package 'py_ping' with type 'ros.ament_python' and name 'py_ping'
[7.563s] Level 1:colcon.colcon_core.package_identification:_identify(robot_pos_interface) by extensions ['ignore', 'ignore_ament_install']
[7.563s] Level 1:colcon.colcon_core.package_identification:_identify(robot_pos_interface) by extension 'ignore'
[7.564s] Level 1:colcon.colcon_core.package_identification:_identify(robot_pos_interface) by extension 'ignore_ament_install'
[7.564s] Level 1:colcon.colcon_core.package_identification:_identify(robot_pos_interface) by extensions ['colcon_pkg']
[7.565s] Level 1:colcon.colcon_core.package_identification:_identify(robot_pos_interface) by extension 'colcon_pkg'
[7.565s] Level 1:colcon.colcon_core.package_identification:_identify(robot_pos_interface) by extensions ['colcon_meta']
[7.565s] Level 1:colcon.colcon_core.package_identification:_identify(robot_pos_interface) by extension 'colcon_meta'
[7.565s] Level 1:colcon.colcon_core.package_identification:_identify(robot_pos_interface) by extensions ['ros']
[7.565s] Level 1:colcon.colcon_core.package_identification:_identify(robot_pos_interface) by extension 'ros'
[7.568s] DEBUG:colcon.colcon_core.package_identification:Package 'robot_pos_interface' with type 'ros.ament_cmake' and name 'robot_pos_interface'
[7.568s] Level 1:colcon.colcon_core.package_identification:_identify(robot_positions) by extensions ['ignore', 'ignore_ament_install']
[7.569s] Level 1:colcon.colcon_core.package_identification:_identify(robot_positions) by extension 'ignore'
[7.569s] Level 1:colcon.colcon_core.package_identification:_identify(robot_positions) by extension 'ignore_ament_install'
[7.569s] Level 1:colcon.colcon_core.package_identification:_identify(robot_positions) by extensions ['colcon_pkg']
[7.570s] Level 1:colcon.colcon_core.package_identification:_identify(robot_positions) by extension 'colcon_pkg'
[7.570s] Level 1:colcon.colcon_core.package_identification:_identify(robot_positions) by extensions ['colcon_meta']
[7.570s] Level 1:colcon.colcon_core.package_identification:_identify(robot_positions) by extension 'colcon_meta'
[7.570s] Level 1:colcon.colcon_core.package_identification:_identify(robot_positions) by extensions ['ros']
[7.570s] Level 1:colcon.colcon_core.package_identification:_identify(robot_positions) by extension 'ros'
[7.573s] DEBUG:colcon.colcon_core.package_identification:Package 'robot_positions' with type 'ros.ament_python' and name 'robot_positions'
[7.573s] Level 1:colcon.colcon_core.package_discovery:discover_packages(recursive) using defaults
[7.573s] Level 1:colcon.colcon_core.package_discovery:discover_packages(ignore) discover
[7.573s] Level 1:colcon.colcon_core.package_discovery:discover_packages(ignore) using defaults
[7.573s] Level 1:colcon.colcon_core.package_discovery:discover_packages(path) discover
[7.573s] Level 1:colcon.colcon_core.package_discovery:discover_packages(path) using defaults
[7.943s] INFO:colcon.colcon_core.package_selection:Skipping not selected package 'map_interface' in 'map_interface'
[7.943s] INFO:colcon.colcon_core.package_selection:Skipping not selected package 'pwm_interface' in 'pwm_interface'
[7.943s] INFO:colcon.colcon_core.package_selection:Skipping not selected package 'py_ping' in 'py_ping'
[7.943s] INFO:colcon.colcon_core.package_selection:Skipping not selected package 'robot_positions' in 'robot_positions'
[7.943s] INFO:colcon.colcon_core.package_selection:Skipping not selected package 'tkinter_serial_monitor' in 'ROS_GUI/tkinter_serial_monitor-1.0.0'
[7.943s] INFO:colcon.colcon_core.package_selection:Skipping not selected package 'map_updater' in 'map_updater'
[7.944s] INFO:colcon.colcon_core.package_selection:Skipping not selected package 'map_viewer' in 'map_viewer'
[7.944s] INFO:colcon.colcon_core.package_selection:Skipping not selected package 'py_motor_raw_pwm' in 'py_motor_raw_pwm'
[8.104s] Level 1:colcon.colcon_core.package_discovery:discover_packages(prefix_path) check parameters
[8.104s] Level 1:colcon.colcon_core.package_discovery:discover_packages(prefix_path) discover
[8.288s] DEBUG:colcon.colcon_installed_package_information.package_discovery:Found 9 installed packages in /home/robot1/ros2_ws/install
[8.377s] DEBUG:colcon.colcon_installed_package_information.package_discovery:Found 270 installed packages in /opt/ros/humble
[8.384s] Level 1:colcon.colcon_core.package_discovery:discover_packages(prefix_path) using defaults
[8.894s] Level 5:colcon.colcon_core.verb:set package 'robot_pos_interface' build argument 'cmake_args' from command line to 'None'
[8.894s] Level 5:colcon.colcon_core.verb:set package 'robot_pos_interface' build argument 'cmake_target' from command line to 'None'
[8.894s] Level 5:colcon.colcon_core.verb:set package 'robot_pos_interface' build argument 'cmake_target_skip_unavailable' from command line to 'False'
[8.894s] Level 5:colcon.colcon_core.verb:set package 'robot_pos_interface' build argument 'cmake_clean_cache' from command line to 'False'
[8.895s] Level 5:colcon.colcon_core.verb:set package 'robot_pos_interface' build argument 'cmake_clean_first' from command line to 'False'
[8.895s] Level 5:colcon.colcon_core.verb:set package 'robot_pos_interface' build argument 'cmake_force_configure' from command line to 'False'
[8.895s] Level 5:colcon.colcon_core.verb:set package 'robot_pos_interface' build argument 'ament_cmake_args' from command line to 'None'
[8.895s] Level 5:colcon.colcon_core.verb:set package 'robot_pos_interface' build argument 'catkin_cmake_args' from command line to 'None'
[8.895s] Level 5:colcon.colcon_core.verb:set package 'robot_pos_interface' build argument 'catkin_skip_building_tests' from command line to 'False'
[8.895s] DEBUG:colcon.colcon_core.verb:Building package 'robot_pos_interface' with the following arguments: {'ament_cmake_args': None, 'build_base': '/home/robot1/ros2_ws/src/build/robot_pos_interface', 'catkin_cmake_args': None, 'catkin_skip_building_tests': False, 'cmake_args': None, 'cmake_clean_cache': False, 'cmake_clean_first': False, 'cmake_force_configure': False, 'cmake_target': None, 'cmake_target_skip_unavailable': False, 'install_base': '/home/robot1/ros2_ws/src/install/robot_pos_interface', 'merge_install': False, 'path': '/home/robot1/ros2_ws/src/robot_pos_interface', 'symlink_install': False, 'test_result_base': None}
[8.976s] INFO:colcon.colcon_core.executor:Executing jobs using 'parallel' executor
[9.060s] DEBUG:colcon.colcon_parallel_executor.executor.parallel:run_until_complete
[9.061s] INFO:colcon.colcon_ros.task.ament_cmake.build:Building ROS package in '/home/robot1/ros2_ws/src/robot_pos_interface' with build type 'ament_cmake'
[9.062s] INFO:colcon.colcon_cmake.task.cmake.build:Building CMake package in '/home/robot1/ros2_ws/src/robot_pos_interface'
[9.162s] INFO:colcon.colcon_core.plugin_system:Skipping extension 'colcon_core.shell.bat': Not used on non-Windows systems
[9.163s] INFO:colcon.colcon_core.shell:Skip shell extension 'powershell' for command environment: Not usable outside of PowerShell
[9.163s] DEBUG:colcon.colcon_core.shell:Skip shell extension 'dsv' for command environment
[9.468s] DEBUG:colcon.colcon_core.event_handler.log_command:Invoking command in '/home/robot1/ros2_ws/src/build/robot_pos_interface': CMAKE_PREFIX_PATH=${CMAKE_PREFIX_PATH}:/home/robot1/ros2_ws/install/py_ping:/home/robot1/ros2_ws/install/position_updater:/home/robot1/ros2_ws/install/map_viewer:/home/robot1/ros2_ws/install/map_updater:/opt/ros/humble /usr/bin/cmake /home/robot1/ros2_ws/src/robot_pos_interface -DCMAKE_INSTALL_PREFIX=/home/robot1/ros2_ws/src/install/robot_pos_interface
[15.537s] DEBUG:colcon.colcon_core.event_handler.log_command:Invoked command in '/home/robot1/ros2_ws/src/build/robot_pos_interface' returned '0': CMAKE_PREFIX_PATH=${CMAKE_PREFIX_PATH}:/home/robot1/ros2_ws/install/py_ping:/home/robot1/ros2_ws/install/position_updater:/home/robot1/ros2_ws/install/map_viewer:/home/robot1/ros2_ws/install/map_updater:/opt/ros/humble /usr/bin/cmake /home/robot1/ros2_ws/src/robot_pos_interface -DCMAKE_INSTALL_PREFIX=/home/robot1/ros2_ws/src/install/robot_pos_interface
[15.547s] DEBUG:colcon.colcon_core.event_handler.log_command:Invoking command in '/home/robot1/ros2_ws/src/build/robot_pos_interface': CMAKE_PREFIX_PATH=${CMAKE_PREFIX_PATH}:/home/robot1/ros2_ws/install/py_ping:/home/robot1/ros2_ws/install/position_updater:/home/robot1/ros2_ws/install/map_viewer:/home/robot1/ros2_ws/install/map_updater:/opt/ros/humble /usr/bin/cmake --build /home/robot1/ros2_ws/src/build/robot_pos_interface -- -j4 -l4
[30.160s] DEBUG:colcon.colcon_core.event_handler.log_command:Invoked command in '/home/robot1/ros2_ws/src/build/robot_pos_interface' returned '0': CMAKE_PREFIX_PATH=${CMAKE_PREFIX_PATH}:/home/robot1/ros2_ws/install/py_ping:/home/robot1/ros2_ws/install/position_updater:/home/robot1/ros2_ws/install/map_viewer:/home/robot1/ros2_ws/install/map_updater:/opt/ros/humble /usr/bin/cmake --build /home/robot1/ros2_ws/src/build/robot_pos_interface -- -j4 -l4
[30.564s] DEBUG:colcon.colcon_core.event_handler.log_command:Invoking command in '/home/robot1/ros2_ws/src/build/robot_pos_interface': CMAKE_PREFIX_PATH=${CMAKE_PREFIX_PATH}:/home/robot1/ros2_ws/install/py_ping:/home/robot1/ros2_ws/install/position_updater:/home/robot1/ros2_ws/install/map_viewer:/home/robot1/ros2_ws/install/map_updater:/opt/ros/humble /usr/bin/cmake --install /home/robot1/ros2_ws/src/build/robot_pos_interface
[30.961s] Level 1:colcon.colcon_core.environment:create_environment_scripts_only(robot_pos_interface)
[30.963s] DEBUG:colcon.colcon_core.event_handler.log_command:Invoked command in '/home/robot1/ros2_ws/src/build/robot_pos_interface' returned '0': CMAKE_PREFIX_PATH=${CMAKE_PREFIX_PATH}:/home/robot1/ros2_ws/install/py_ping:/home/robot1/ros2_ws/install/position_updater:/home/robot1/ros2_ws/install/map_viewer:/home/robot1/ros2_ws/install/map_updater:/opt/ros/humble /usr/bin/cmake --install /home/robot1/ros2_ws/src/build/robot_pos_interface
[31.059s] Level 1:colcon.colcon_core.environment:checking '/home/robot1/ros2_ws/src/install/robot_pos_interface' for CMake module files
[31.064s] Level 1:colcon.colcon_core.environment:checking '/home/robot1/ros2_ws/src/install/robot_pos_interface' for CMake config files
[31.068s] Level 1:colcon.colcon_core.shell:create_environment_hook('robot_pos_interface', 'cmake_prefix_path')
[31.149s] INFO:colcon.colcon_core.shell:Creating environment hook '/home/robot1/ros2_ws/src/install/robot_pos_interface/share/robot_pos_interface/hook/cmake_prefix_path.ps1'
[31.153s] INFO:colcon.colcon_core.shell:Creating environment descriptor '/home/robot1/ros2_ws/src/install/robot_pos_interface/share/robot_pos_interface/hook/cmake_prefix_path.dsv'
[31.156s] INFO:colcon.colcon_core.shell:Creating environment hook '/home/robot1/ros2_ws/src/install/robot_pos_interface/share/robot_pos_interface/hook/cmake_prefix_path.sh'
[31.161s] Level 1:colcon.colcon_core.environment:checking '/home/robot1/ros2_ws/src/install/robot_pos_interface/lib'
[31.162s] Level 1:colcon.colcon_core.shell:create_environment_hook('robot_pos_interface', 'ld_library_path_lib')
[31.247s] INFO:colcon.colcon_core.shell:Creating environment hook '/home/robot1/ros2_ws/src/install/robot_pos_interface/share/robot_pos_interface/hook/ld_library_path_lib.ps1'
[31.249s] INFO:colcon.colcon_core.shell:Creating environment descriptor '/home/robot1/ros2_ws/src/install/robot_pos_interface/share/robot_pos_interface/hook/ld_library_path_lib.dsv'
[31.251s] INFO:colcon.colcon_core.shell:Creating environment hook '/home/robot1/ros2_ws/src/install/robot_pos_interface/share/robot_pos_interface/hook/ld_library_path_lib.sh'
[31.252s] Level 1:colcon.colcon_core.environment:checking '/home/robot1/ros2_ws/src/install/robot_pos_interface/bin'
[31.254s] Level 1:colcon.colcon_core.environment:checking '/home/robot1/ros2_ws/src/install/robot_pos_interface/lib/pkgconfig/robot_pos_interface.pc'
[31.255s] Level 1:colcon.colcon_core.environment:checking '/home/robot1/ros2_ws/src/install/robot_pos_interface/lib/python3.10/site-packages'
[31.256s] Level 1:colcon.colcon_core.environment:checking '/home/robot1/ros2_ws/src/install/robot_pos_interface/bin'
[31.328s] INFO:colcon.colcon_core.shell:Creating package script '/home/robot1/ros2_ws/src/install/robot_pos_interface/share/robot_pos_interface/package.ps1'
[31.332s] INFO:colcon.colcon_core.shell:Creating package descriptor '/home/robot1/ros2_ws/src/install/robot_pos_interface/share/robot_pos_interface/package.dsv'
[31.335s] INFO:colcon.colcon_core.shell:Creating package script '/home/robot1/ros2_ws/src/install/robot_pos_interface/share/robot_pos_interface/package.sh'
[31.338s] INFO:colcon.colcon_core.shell:Creating package script '/home/robot1/ros2_ws/src/install/robot_pos_interface/share/robot_pos_interface/package.bash'
[31.342s] INFO:colcon.colcon_core.shell:Creating package script '/home/robot1/ros2_ws/src/install/robot_pos_interface/share/robot_pos_interface/package.zsh'
[31.346s] Level 1:colcon.colcon_core.environment:create_file_with_runtime_dependencies(/home/robot1/ros2_ws/src/install/robot_pos_interface/share/colcon-core/packages/robot_pos_interface)
[31.796s] Level 1:colcon.colcon_core.environment:create_environment_scripts_only(robot_pos_interface)
[31.879s] Level 1:colcon.colcon_core.environment:checking '/home/robot1/ros2_ws/src/install/robot_pos_interface' for CMake module files
[31.883s] Level 1:colcon.colcon_core.environment:checking '/home/robot1/ros2_ws/src/install/robot_pos_interface' for CMake config files
[31.888s] Level 1:colcon.colcon_core.shell:create_environment_hook('robot_pos_interface', 'cmake_prefix_path')
[31.970s] INFO:colcon.colcon_core.shell:Creating environment hook '/home/robot1/ros2_ws/src/install/robot_pos_interface/share/robot_pos_interface/hook/cmake_prefix_path.ps1'
[31.972s] INFO:colcon.colcon_core.shell:Creating environment descriptor '/home/robot1/ros2_ws/src/install/robot_pos_interface/share/robot_pos_interface/hook/cmake_prefix_path.dsv'
[31.974s] INFO:colcon.colcon_core.shell:Creating environment hook '/home/robot1/ros2_ws/src/install/robot_pos_interface/share/robot_pos_interface/hook/cmake_prefix_path.sh'
[31.977s] Level 1:colcon.colcon_core.environment:checking '/home/robot1/ros2_ws/src/install/robot_pos_interface/lib'
[31.977s] Level 1:colcon.colcon_core.shell:create_environment_hook('robot_pos_interface', 'ld_library_path_lib')
[32.053s] INFO:colcon.colcon_core.shell:Creating environment hook '/home/robot1/ros2_ws/src/install/robot_pos_interface/share/robot_pos_interface/hook/ld_library_path_lib.ps1'
[32.055s] INFO:colcon.colcon_core.shell:Creating environment descriptor '/home/robot1/ros2_ws/src/install/robot_pos_interface/share/robot_pos_interface/hook/ld_library_path_lib.dsv'
[32.057s] INFO:colcon.colcon_core.shell:Creating environment hook '/home/robot1/ros2_ws/src/install/robot_pos_interface/share/robot_pos_interface/hook/ld_library_path_lib.sh'
[32.059s] Level 1:colcon.colcon_core.environment:checking '/home/robot1/ros2_ws/src/install/robot_pos_interface/bin'
[32.060s] Level 1:colcon.colcon_core.environment:checking '/home/robot1/ros2_ws/src/install/robot_pos_interface/lib/pkgconfig/robot_pos_interface.pc'
[32.061s] Level 1:colcon.colcon_core.environment:checking '/home/robot1/ros2_ws/src/install/robot_pos_interface/lib/python3.10/site-packages'
[32.062s] Level 1:colcon.colcon_core.environment:checking '/home/robot1/ros2_ws/src/install/robot_pos_interface/bin'
[32.145s] INFO:colcon.colcon_core.shell:Creating package script '/home/robot1/ros2_ws/src/install/robot_pos_interface/share/robot_pos_interface/package.ps1'
[32.148s] INFO:colcon.colcon_core.shell:Creating package descriptor '/home/robot1/ros2_ws/src/install/robot_pos_interface/share/robot_pos_interface/package.dsv'
[32.151s] INFO:colcon.colcon_core.shell:Creating package script '/home/robot1/ros2_ws/src/install/robot_pos_interface/share/robot_pos_interface/package.sh'
[32.153s] INFO:colcon.colcon_core.shell:Creating package script '/home/robot1/ros2_ws/src/install/robot_pos_interface/share/robot_pos_interface/package.bash'
[32.156s] INFO:colcon.colcon_core.shell:Creating package script '/home/robot1/ros2_ws/src/install/robot_pos_interface/share/robot_pos_interface/package.zsh'
[32.158s] Level 1:colcon.colcon_core.environment:create_file_with_runtime_dependencies(/home/robot1/ros2_ws/src/install/robot_pos_interface/share/colcon-core/packages/robot_pos_interface)
[32.160s] DEBUG:colcon.colcon_parallel_executor.executor.parallel:closing loop
[32.161s] DEBUG:colcon.colcon_parallel_executor.executor.parallel:loop closed
[32.161s] DEBUG:colcon.colcon_parallel_executor.executor.parallel:run_until_complete finished with '0'
[32.162s] DEBUG:colcon.colcon_core.event_reactor:joining thread
[32.263s] INFO:colcon.colcon_core.plugin_system:Skipping extension 'colcon_notification.desktop_notification.terminal_notifier': Not used on non-Darwin systems
[32.264s] INFO:colcon.colcon_core.plugin_system:Skipping extension 'colcon_notification.desktop_notification.win32': Not used on non-Windows systems
[32.264s] INFO:colcon.colcon_notification.desktop_notification:Sending desktop notification using 'notify2'
[32.302s] DEBUG:colcon.colcon_core.event_reactor:joined thread
[32.401s] INFO:colcon.colcon_core.shell:Creating prefix script '/home/robot1/ros2_ws/src/install/local_setup.ps1'
[32.405s] INFO:colcon.colcon_core.shell:Creating prefix util module '/home/robot1/ros2_ws/src/install/_local_setup_util_ps1.py'
[32.410s] INFO:colcon.colcon_core.shell:Creating prefix chain script '/home/robot1/ros2_ws/src/install/setup.ps1'
[32.475s] INFO:colcon.colcon_core.shell:Creating prefix script '/home/robot1/ros2_ws/src/install/local_setup.sh'
[32.477s] INFO:colcon.colcon_core.shell:Creating prefix util module '/home/robot1/ros2_ws/src/install/_local_setup_util_sh.py'
[32.479s] INFO:colcon.colcon_core.shell:Creating prefix chain script '/home/robot1/ros2_ws/src/install/setup.sh'
[32.545s] INFO:colcon.colcon_core.shell:Creating prefix script '/home/robot1/ros2_ws/src/install/local_setup.bash'
[32.547s] INFO:colcon.colcon_core.shell:Creating prefix chain script '/home/robot1/ros2_ws/src/install/setup.bash'
[32.611s] INFO:colcon.colcon_core.shell:Creating prefix script '/home/robot1/ros2_ws/src/install/local_setup.zsh'
[32.613s] INFO:colcon.colcon_core.shell:Creating prefix chain script '/home/robot1/ros2_ws/src/install/setup.zsh'
