[4.412s] DEBUG:colcon:Command line arguments: ['/usr/bin/colcon', 'build', '--packages-select', 'py_motor_raw_pwm']
[4.412s] DEBUG:colcon:Parsed command line arguments: Namespace(log_base=None, log_level=None, verb_name='build', build_base='build', install_base='install', merge_install=False, symlink_install=False, test_result_base=None, continue_on_error=False, executor='parallel', parallel_workers=4, event_handlers=None, ignore_user_meta=False, metas=['./colcon.meta'], base_paths=['.'], packages_ignore=None, packages_ignore_regex=None, paths=None, packages_up_to=None, packages_up_to_regex=None, packages_above=None, packages_above_and_dependencies=None, packages_above_depth=None, packages_select_by_dep=None, packages_skip_by_dep=None, packages_skip_up_to=None, packages_select_build_failed=False, packages_skip_build_finished=False, packages_select_test_failures=False, packages_skip_test_passed=False, packages_select=['py_motor_raw_pwm'], packages_skip=None, packages_select_regex=None, packages_skip_regex=None, packages_start=None, packages_end=None, allow_overriding=[], cmake_args=None, cmake_target=None, cmake_target_skip_unavailable=False, cmake_clean_cache=False, cmake_clean_first=False, cmake_force_configure=False, ament_cmake_args=None, catkin_cmake_args=None, catkin_skip_building_tests=False, verb_parser=<colcon_defaults.argument_parser.defaults.DefaultArgumentsDecorator object at 0xffff8f3e8760>, verb_extension=<colcon_core.verb.build.BuildVerb object at 0xffff90344bb0>, main=<bound method BuildVerb.main of <colcon_core.verb.build.BuildVerb object at 0xffff90344bb0>>)
[4.616s] Level 1:colcon.colcon_core.package_discovery:discover_packages(colcon_meta) check parameters
[4.616s] Level 1:colcon.colcon_core.package_discovery:discover_packages(recursive) check parameters
[4.616s] Level 1:colcon.colcon_core.package_discovery:discover_packages(ignore) check parameters
[4.616s] Level 1:colcon.colcon_core.package_discovery:discover_packages(path) check parameters
[4.616s] Level 1:colcon.colcon_core.package_discovery:discover_packages(colcon_meta) discover
[4.617s] Level 1:colcon.colcon_core.package_discovery:discover_packages(recursive) discover
[4.617s] INFO:colcon.colcon_core.package_discovery:Crawling recursively for packages in '/home/robot1/ros2_ws/src'
[4.617s] Level 1:colcon.colcon_core.package_identification:_identify(.) by extensions ['ignore', 'ignore_ament_install']
[4.618s] Level 1:colcon.colcon_core.package_identification:_identify(.) by extension 'ignore'
[4.618s] Level 1:colcon.colcon_core.package_identification:_identify(.) by extension 'ignore_ament_install'
[4.618s] Level 1:colcon.colcon_core.package_identification:_identify(.) by extensions ['colcon_pkg']
[4.618s] Level 1:colcon.colcon_core.package_identification:_identify(.) by extension 'colcon_pkg'
[4.618s] Level 1:colcon.colcon_core.package_identification:_identify(.) by extensions ['colcon_meta']
[4.619s] Level 1:colcon.colcon_core.package_identification:_identify(.) by extension 'colcon_meta'
[4.619s] Level 1:colcon.colcon_core.package_identification:_identify(.) by extensions ['ros']
[4.619s] Level 1:colcon.colcon_core.package_identification:_identify(.) by extension 'ros'
[4.666s] Level 1:colcon.colcon_core.package_identification:_identify(.) by extensions ['cmake', 'python']
[4.666s] Level 1:colcon.colcon_core.package_identification:_identify(.) by extension 'cmake'
[4.666s] Level 1:colcon.colcon_core.package_identification:_identify(.) by extension 'python'
[4.666s] Level 1:colcon.colcon_core.package_identification:_identify(.) by extensions ['python_setup_py']
[4.666s] Level 1:colcon.colcon_core.package_identification:_identify(.) by extension 'python_setup_py'
[4.667s] Level 1:colcon.colcon_core.package_identification:_identify(ROSArduinoBridge-RF24) by extensions ['ignore', 'ignore_ament_install']
[4.667s] Level 1:colcon.colcon_core.package_identification:_identify(ROSArduinoBridge-RF24) by extension 'ignore'
[4.668s] Level 1:colcon.colcon_core.package_identification:_identify(ROSArduinoBridge-RF24) by extension 'ignore_ament_install'
[4.668s] Level 1:colcon.colcon_core.package_identification:_identify(ROSArduinoBridge-RF24) by extensions ['colcon_pkg']
[4.668s] Level 1:colcon.colcon_core.package_identification:_identify(ROSArduinoBridge-RF24) by extension 'colcon_pkg'
[4.668s] Level 1:colcon.colcon_core.package_identification:_identify(ROSArduinoBridge-RF24) by extensions ['colcon_meta']
[4.668s] Level 1:colcon.colcon_core.package_identification:_identify(ROSArduinoBridge-RF24) by extension 'colcon_meta'
[4.668s] Level 1:colcon.colcon_core.package_identification:_identify(ROSArduinoBridge-RF24) by extensions ['ros']
[4.669s] Level 1:colcon.colcon_core.package_identification:_identify(ROSArduinoBridge-RF24) by extension 'ros'
[4.669s] Level 1:colcon.colcon_core.package_identification:_identify(ROSArduinoBridge-RF24) by extensions ['cmake', 'python']
[4.669s] Level 1:colcon.colcon_core.package_identification:_identify(ROSArduinoBridge-RF24) by extension 'cmake'
[4.669s] Level 1:colcon.colcon_core.package_identification:_identify(ROSArduinoBridge-RF24) by extension 'python'
[4.669s] Level 1:colcon.colcon_core.package_identification:_identify(ROSArduinoBridge-RF24) by extensions ['python_setup_py']
[4.669s] Level 1:colcon.colcon_core.package_identification:_identify(ROSArduinoBridge-RF24) by extension 'python_setup_py'
[4.670s] Level 1:colcon.colcon_core.package_identification:_identify(ROSArduinoPixyBridge) by extensions ['ignore', 'ignore_ament_install']
[4.670s] Level 1:colcon.colcon_core.package_identification:_identify(ROSArduinoPixyBridge) by extension 'ignore'
[4.670s] Level 1:colcon.colcon_core.package_identification:_identify(ROSArduinoPixyBridge) by extension 'ignore_ament_install'
[4.671s] Level 1:colcon.colcon_core.package_identification:_identify(ROSArduinoPixyBridge) by extensions ['colcon_pkg']
[4.671s] Level 1:colcon.colcon_core.package_identification:_identify(ROSArduinoPixyBridge) by extension 'colcon_pkg'
[4.671s] Level 1:colcon.colcon_core.package_identification:_identify(ROSArduinoPixyBridge) by extensions ['colcon_meta']
[4.671s] Level 1:colcon.colcon_core.package_identification:_identify(ROSArduinoPixyBridge) by extension 'colcon_meta'
[4.671s] Level 1:colcon.colcon_core.package_identification:_identify(ROSArduinoPixyBridge) by extensions ['ros']
[4.671s] Level 1:colcon.colcon_core.package_identification:_identify(ROSArduinoPixyBridge) by extension 'ros'
[4.671s] Level 1:colcon.colcon_core.package_identification:_identify(ROSArduinoPixyBridge) by extensions ['cmake', 'python']
[4.672s] Level 1:colcon.colcon_core.package_identification:_identify(ROSArduinoPixyBridge) by extension 'cmake'
[4.672s] Level 1:colcon.colcon_core.package_identification:_identify(ROSArduinoPixyBridge) by extension 'python'
[4.672s] Level 1:colcon.colcon_core.package_identification:_identify(ROSArduinoPixyBridge) by extensions ['python_setup_py']
[4.672s] Level 1:colcon.colcon_core.package_identification:_identify(ROSArduinoPixyBridge) by extension 'python_setup_py'
[4.672s] Level 1:colcon.colcon_core.package_identification:_identify(ROS_GUI) by extensions ['ignore', 'ignore_ament_install']
[4.673s] Level 1:colcon.colcon_core.package_identification:_identify(ROS_GUI) by extension 'ignore'
[4.673s] Level 1:colcon.colcon_core.package_identification:_identify(ROS_GUI) by extension 'ignore_ament_install'
[4.673s] Level 1:colcon.colcon_core.package_identification:_identify(ROS_GUI) by extensions ['colcon_pkg']
[4.673s] Level 1:colcon.colcon_core.package_identification:_identify(ROS_GUI) by extension 'colcon_pkg'
[4.673s] Level 1:colcon.colcon_core.package_identification:_identify(ROS_GUI) by extensions ['colcon_meta']
[4.673s] Level 1:colcon.colcon_core.package_identification:_identify(ROS_GUI) by extension 'colcon_meta'
[4.674s] Level 1:colcon.colcon_core.package_identification:_identify(ROS_GUI) by extensions ['ros']
[4.674s] Level 1:colcon.colcon_core.package_identification:_identify(ROS_GUI) by extension 'ros'
[4.674s] Level 1:colcon.colcon_core.package_identification:_identify(ROS_GUI) by extensions ['cmake', 'python']
[4.674s] Level 1:colcon.colcon_core.package_identification:_identify(ROS_GUI) by extension 'cmake'
[4.674s] Level 1:colcon.colcon_core.package_identification:_identify(ROS_GUI) by extension 'python'
[4.675s] Level 1:colcon.colcon_core.package_identification:_identify(ROS_GUI) by extensions ['python_setup_py']
[4.675s] Level 1:colcon.colcon_core.package_identification:_identify(ROS_GUI) by extension 'python_setup_py'
[4.675s] Level 1:colcon.colcon_core.package_identification:_identify(ROS_GUI/tkinter_serial_monitor-1.0.0) by extensions ['ignore', 'ignore_ament_install']
[4.675s] Level 1:colcon.colcon_core.package_identification:_identify(ROS_GUI/tkinter_serial_monitor-1.0.0) by extension 'ignore'
[4.676s] Level 1:colcon.colcon_core.package_identification:_identify(ROS_GUI/tkinter_serial_monitor-1.0.0) by extension 'ignore_ament_install'
[4.676s] Level 1:colcon.colcon_core.package_identification:_identify(ROS_GUI/tkinter_serial_monitor-1.0.0) by extensions ['colcon_pkg']
[4.676s] Level 1:colcon.colcon_core.package_identification:_identify(ROS_GUI/tkinter_serial_monitor-1.0.0) by extension 'colcon_pkg'
[4.676s] Level 1:colcon.colcon_core.package_identification:_identify(ROS_GUI/tkinter_serial_monitor-1.0.0) by extensions ['colcon_meta']
[4.676s] Level 1:colcon.colcon_core.package_identification:_identify(ROS_GUI/tkinter_serial_monitor-1.0.0) by extension 'colcon_meta'
[4.676s] Level 1:colcon.colcon_core.package_identification:_identify(ROS_GUI/tkinter_serial_monitor-1.0.0) by extensions ['ros']
[4.676s] Level 1:colcon.colcon_core.package_identification:_identify(ROS_GUI/tkinter_serial_monitor-1.0.0) by extension 'ros'
[4.677s] Level 1:colcon.colcon_core.package_identification:_identify(ROS_GUI/tkinter_serial_monitor-1.0.0) by extensions ['cmake', 'python']
[4.677s] Level 1:colcon.colcon_core.package_identification:_identify(ROS_GUI/tkinter_serial_monitor-1.0.0) by extension 'cmake'
[4.677s] Level 1:colcon.colcon_core.package_identification:_identify(ROS_GUI/tkinter_serial_monitor-1.0.0) by extension 'python'
[4.678s] DEBUG:colcon.colcon_core.package_identification:Python package in 'ROS_GUI/tkinter_serial_monitor-1.0.0' passes arguments to the setup() function which requires a different identification extension than 'python'
[4.678s] Level 1:colcon.colcon_core.package_identification:_identify(ROS_GUI/tkinter_serial_monitor-1.0.0) by extensions ['python_setup_py']
[4.678s] Level 1:colcon.colcon_core.package_identification:_identify(ROS_GUI/tkinter_serial_monitor-1.0.0) by extension 'python_setup_py'
[5.863s] DEBUG:colcon.colcon_core.package_identification:Package 'ROS_GUI/tkinter_serial_monitor-1.0.0' with type 'python' and name 'tkinter_serial_monitor'
[5.863s] Level 1:colcon.colcon_core.package_identification:_identify(__pycache__) by extensions ['ignore', 'ignore_ament_install']
[5.864s] Level 1:colcon.colcon_core.package_identification:_identify(__pycache__) by extension 'ignore'
[5.864s] Level 1:colcon.colcon_core.package_identification:_identify(__pycache__) by extension 'ignore_ament_install'
[5.864s] Level 1:colcon.colcon_core.package_identification:_identify(__pycache__) by extensions ['colcon_pkg']
[5.864s] Level 1:colcon.colcon_core.package_identification:_identify(__pycache__) by extension 'colcon_pkg'
[5.864s] Level 1:colcon.colcon_core.package_identification:_identify(__pycache__) by extensions ['colcon_meta']
[5.865s] Level 1:colcon.colcon_core.package_identification:_identify(__pycache__) by extension 'colcon_meta'
[5.865s] Level 1:colcon.colcon_core.package_identification:_identify(__pycache__) by extensions ['ros']
[5.865s] Level 1:colcon.colcon_core.package_identification:_identify(__pycache__) by extension 'ros'
[5.865s] Level 1:colcon.colcon_core.package_identification:_identify(__pycache__) by extensions ['cmake', 'python']
[5.865s] Level 1:colcon.colcon_core.package_identification:_identify(__pycache__) by extension 'cmake'
[5.865s] Level 1:colcon.colcon_core.package_identification:_identify(__pycache__) by extension 'python'
[5.866s] Level 1:colcon.colcon_core.package_identification:_identify(__pycache__) by extensions ['python_setup_py']
[5.866s] Level 1:colcon.colcon_core.package_identification:_identify(__pycache__) by extension 'python_setup_py'
[5.866s] Level 1:colcon.colcon_core.package_identification:_identify(build) by extensions ['ignore', 'ignore_ament_install']
[5.867s] Level 1:colcon.colcon_core.package_identification:_identify(build) by extension 'ignore'
[5.867s] Level 1:colcon.colcon_core.package_identification:_identify(build) ignored
[5.867s] Level 1:colcon.colcon_core.package_identification:_identify(gotoxy) by extensions ['ignore', 'ignore_ament_install']
[5.868s] Level 1:colcon.colcon_core.package_identification:_identify(gotoxy) by extension 'ignore'
[5.868s] Level 1:colcon.colcon_core.package_identification:_identify(gotoxy) by extension 'ignore_ament_install'
[5.868s] Level 1:colcon.colcon_core.package_identification:_identify(gotoxy) by extensions ['colcon_pkg']
[5.868s] Level 1:colcon.colcon_core.package_identification:_identify(gotoxy) by extension 'colcon_pkg'
[5.868s] Level 1:colcon.colcon_core.package_identification:_identify(gotoxy) by extensions ['colcon_meta']
[5.868s] Level 1:colcon.colcon_core.package_identification:_identify(gotoxy) by extension 'colcon_meta'
[5.868s] Level 1:colcon.colcon_core.package_identification:_identify(gotoxy) by extensions ['ros']
[5.869s] Level 1:colcon.colcon_core.package_identification:_identify(gotoxy) by extension 'ros'
[5.877s] DEBUG:colcon.colcon_core.package_identification:Package 'gotoxy' with type 'ros.ament_python' and name 'gotoxy'
[5.877s] Level 1:colcon.colcon_core.package_identification:_identify(gotoxy_interface) by extensions ['ignore', 'ignore_ament_install']
[5.878s] Level 1:colcon.colcon_core.package_identification:_identify(gotoxy_interface) by extension 'ignore'
[5.878s] Level 1:colcon.colcon_core.package_identification:_identify(gotoxy_interface) by extension 'ignore_ament_install'
[5.878s] Level 1:colcon.colcon_core.package_identification:_identify(gotoxy_interface) by extensions ['colcon_pkg']
[5.878s] Level 1:colcon.colcon_core.package_identification:_identify(gotoxy_interface) by extension 'colcon_pkg'
[5.878s] Level 1:colcon.colcon_core.package_identification:_identify(gotoxy_interface) by extensions ['colcon_meta']
[5.878s] Level 1:colcon.colcon_core.package_identification:_identify(gotoxy_interface) by extension 'colcon_meta'
[5.879s] Level 1:colcon.colcon_core.package_identification:_identify(gotoxy_interface) by extensions ['ros']
[5.879s] Level 1:colcon.colcon_core.package_identification:_identify(gotoxy_interface) by extension 'ros'
[5.880s] DEBUG:colcon.colcon_core.package_identification:Package 'gotoxy_interface' with type 'ros.ament_cmake' and name 'gotoxy_interface'
[5.881s] Level 1:colcon.colcon_core.package_identification:_identify(install) by extensions ['ignore', 'ignore_ament_install']
[5.881s] Level 1:colcon.colcon_core.package_identification:_identify(install) by extension 'ignore'
[5.882s] Level 1:colcon.colcon_core.package_identification:_identify(install) ignored
[5.882s] Level 1:colcon.colcon_core.package_identification:_identify(log) by extensions ['ignore', 'ignore_ament_install']
[5.882s] Level 1:colcon.colcon_core.package_identification:_identify(log) by extension 'ignore'
[5.883s] Level 1:colcon.colcon_core.package_identification:_identify(log) ignored
[5.883s] Level 1:colcon.colcon_core.package_identification:_identify(map_interface) by extensions ['ignore', 'ignore_ament_install']
[5.883s] Level 1:colcon.colcon_core.package_identification:_identify(map_interface) by extension 'ignore'
[5.883s] Level 1:colcon.colcon_core.package_identification:_identify(map_interface) by extension 'ignore_ament_install'
[5.884s] Level 1:colcon.colcon_core.package_identification:_identify(map_interface) by extensions ['colcon_pkg']
[5.884s] Level 1:colcon.colcon_core.package_identification:_identify(map_interface) by extension 'colcon_pkg'
[5.884s] Level 1:colcon.colcon_core.package_identification:_identify(map_interface) by extensions ['colcon_meta']
[5.884s] Level 1:colcon.colcon_core.package_identification:_identify(map_interface) by extension 'colcon_meta'
[5.884s] Level 1:colcon.colcon_core.package_identification:_identify(map_interface) by extensions ['ros']
[5.884s] Level 1:colcon.colcon_core.package_identification:_identify(map_interface) by extension 'ros'
[5.886s] DEBUG:colcon.colcon_core.package_identification:Package 'map_interface' with type 'ros.ament_cmake' and name 'map_interface'
[5.887s] Level 1:colcon.colcon_core.package_identification:_identify(map_updater) by extensions ['ignore', 'ignore_ament_install']
[5.887s] Level 1:colcon.colcon_core.package_identification:_identify(map_updater) by extension 'ignore'
[5.887s] Level 1:colcon.colcon_core.package_identification:_identify(map_updater) by extension 'ignore_ament_install'
[5.888s] Level 1:colcon.colcon_core.package_identification:_identify(map_updater) by extensions ['colcon_pkg']
[5.888s] Level 1:colcon.colcon_core.package_identification:_identify(map_updater) by extension 'colcon_pkg'
[5.888s] Level 1:colcon.colcon_core.package_identification:_identify(map_updater) by extensions ['colcon_meta']
[5.888s] Level 1:colcon.colcon_core.package_identification:_identify(map_updater) by extension 'colcon_meta'
[5.888s] Level 1:colcon.colcon_core.package_identification:_identify(map_updater) by extensions ['ros']
[5.888s] Level 1:colcon.colcon_core.package_identification:_identify(map_updater) by extension 'ros'
[5.890s] DEBUG:colcon.colcon_core.package_identification:Package 'map_updater' with type 'ros.ament_python' and name 'map_updater'
[5.891s] Level 1:colcon.colcon_core.package_identification:_identify(map_viewer) by extensions ['ignore', 'ignore_ament_install']
[5.891s] Level 1:colcon.colcon_core.package_identification:_identify(map_viewer) by extension 'ignore'
[5.892s] Level 1:colcon.colcon_core.package_identification:_identify(map_viewer) by extension 'ignore_ament_install'
[5.892s] Level 1:colcon.colcon_core.package_identification:_identify(map_viewer) by extensions ['colcon_pkg']
[5.892s] Level 1:colcon.colcon_core.package_identification:_identify(map_viewer) by extension 'colcon_pkg'
[5.892s] Level 1:colcon.colcon_core.package_identification:_identify(map_viewer) by extensions ['colcon_meta']
[5.892s] Level 1:colcon.colcon_core.package_identification:_identify(map_viewer) by extension 'colcon_meta'
[5.892s] Level 1:colcon.colcon_core.package_identification:_identify(map_viewer) by extensions ['ros']
[5.893s] Level 1:colcon.colcon_core.package_identification:_identify(map_viewer) by extension 'ros'
[5.894s] DEBUG:colcon.colcon_core.package_identification:Package 'map_viewer' with type 'ros.ament_python' and name 'map_viewer'
[5.895s] Level 1:colcon.colcon_core.package_identification:_identify(pixy_viewer) by extensions ['ignore', 'ignore_ament_install']
[5.895s] Level 1:colcon.colcon_core.package_identification:_identify(pixy_viewer) by extension 'ignore'
[5.895s] Level 1:colcon.colcon_core.package_identification:_identify(pixy_viewer) by extension 'ignore_ament_install'
[5.896s] Level 1:colcon.colcon_core.package_identification:_identify(pixy_viewer) by extensions ['colcon_pkg']
[5.896s] Level 1:colcon.colcon_core.package_identification:_identify(pixy_viewer) by extension 'colcon_pkg'
[5.896s] Level 1:colcon.colcon_core.package_identification:_identify(pixy_viewer) by extensions ['colcon_meta']
[5.896s] Level 1:colcon.colcon_core.package_identification:_identify(pixy_viewer) by extension 'colcon_meta'
[5.896s] Level 1:colcon.colcon_core.package_identification:_identify(pixy_viewer) by extensions ['ros']
[5.896s] Level 1:colcon.colcon_core.package_identification:_identify(pixy_viewer) by extension 'ros'
[5.897s] Level 1:colcon.colcon_core.package_identification:_identify(pixy_viewer) by extensions ['cmake', 'python']
[5.897s] Level 1:colcon.colcon_core.package_identification:_identify(pixy_viewer) by extension 'cmake'
[5.897s] Level 1:colcon.colcon_core.package_identification:_identify(pixy_viewer) by extension 'python'
[5.897s] Level 1:colcon.colcon_core.package_identification:_identify(pixy_viewer) by extensions ['python_setup_py']
[5.897s] Level 1:colcon.colcon_core.package_identification:_identify(pixy_viewer) by extension 'python_setup_py'
[5.898s] Level 1:colcon.colcon_core.package_identification:_identify(pwm_interface) by extensions ['ignore', 'ignore_ament_install']
[5.898s] Level 1:colcon.colcon_core.package_identification:_identify(pwm_interface) by extension 'ignore'
[5.898s] Level 1:colcon.colcon_core.package_identification:_identify(pwm_interface) by extension 'ignore_ament_install'
[5.898s] Level 1:colcon.colcon_core.package_identification:_identify(pwm_interface) by extensions ['colcon_pkg']
[5.899s] Level 1:colcon.colcon_core.package_identification:_identify(pwm_interface) by extension 'colcon_pkg'
[5.899s] Level 1:colcon.colcon_core.package_identification:_identify(pwm_interface) by extensions ['colcon_meta']
[5.899s] Level 1:colcon.colcon_core.package_identification:_identify(pwm_interface) by extension 'colcon_meta'
[5.899s] Level 1:colcon.colcon_core.package_identification:_identify(pwm_interface) by extensions ['ros']
[5.899s] Level 1:colcon.colcon_core.package_identification:_identify(pwm_interface) by extension 'ros'
[5.901s] DEBUG:colcon.colcon_core.package_identification:Package 'pwm_interface' with type 'ros.ament_cmake' and name 'pwm_interface'
[5.901s] Level 1:colcon.colcon_core.package_identification:_identify(py_motor_raw_pwm) by extensions ['ignore', 'ignore_ament_install']
[5.902s] Level 1:colcon.colcon_core.package_identification:_identify(py_motor_raw_pwm) by extension 'ignore'
[5.902s] Level 1:colcon.colcon_core.package_identification:_identify(py_motor_raw_pwm) by extension 'ignore_ament_install'
[5.902s] Level 1:colcon.colcon_core.package_identification:_identify(py_motor_raw_pwm) by extensions ['colcon_pkg']
[5.902s] Level 1:colcon.colcon_core.package_identification:_identify(py_motor_raw_pwm) by extension 'colcon_pkg'
[5.902s] Level 1:colcon.colcon_core.package_identification:_identify(py_motor_raw_pwm) by extensions ['colcon_meta']
[5.903s] Level 1:colcon.colcon_core.package_identification:_identify(py_motor_raw_pwm) by extension 'colcon_meta'
[5.903s] Level 1:colcon.colcon_core.package_identification:_identify(py_motor_raw_pwm) by extensions ['ros']
[5.903s] Level 1:colcon.colcon_core.package_identification:_identify(py_motor_raw_pwm) by extension 'ros'
[5.905s] DEBUG:colcon.colcon_core.package_identification:Package 'py_motor_raw_pwm' with type 'ros.ament_python' and name 'py_motor_raw_pwm'
[5.906s] Level 1:colcon.colcon_core.package_identification:_identify(py_ping) by extensions ['ignore', 'ignore_ament_install']
[5.906s] Level 1:colcon.colcon_core.package_identification:_identify(py_ping) by extension 'ignore'
[5.906s] Level 1:colcon.colcon_core.package_identification:_identify(py_ping) by extension 'ignore_ament_install'
[5.906s] Level 1:colcon.colcon_core.package_identification:_identify(py_ping) by extensions ['colcon_pkg']
[5.907s] Level 1:colcon.colcon_core.package_identification:_identify(py_ping) by extension 'colcon_pkg'
[5.907s] Level 1:colcon.colcon_core.package_identification:_identify(py_ping) by extensions ['colcon_meta']
[5.907s] Level 1:colcon.colcon_core.package_identification:_identify(py_ping) by extension 'colcon_meta'
[5.907s] Level 1:colcon.colcon_core.package_identification:_identify(py_ping) by extensions ['ros']
[5.907s] Level 1:colcon.colcon_core.package_identification:_identify(py_ping) by extension 'ros'
[5.909s] DEBUG:colcon.colcon_core.package_identification:Package 'py_ping' with type 'ros.ament_python' and name 'py_ping'
[5.910s] Level 1:colcon.colcon_core.package_identification:_identify(robot_pos_interface) by extensions ['ignore', 'ignore_ament_install']
[5.910s] Level 1:colcon.colcon_core.package_identification:_identify(robot_pos_interface) by extension 'ignore'
[5.911s] Level 1:colcon.colcon_core.package_identification:_identify(robot_pos_interface) by extension 'ignore_ament_install'
[5.911s] Level 1:colcon.colcon_core.package_identification:_identify(robot_pos_interface) by extensions ['colcon_pkg']
[5.911s] Level 1:colcon.colcon_core.package_identification:_identify(robot_pos_interface) by extension 'colcon_pkg'
[5.911s] Level 1:colcon.colcon_core.package_identification:_identify(robot_pos_interface) by extensions ['colcon_meta']
[5.911s] Level 1:colcon.colcon_core.package_identification:_identify(robot_pos_interface) by extension 'colcon_meta'
[5.911s] Level 1:colcon.colcon_core.package_identification:_identify(robot_pos_interface) by extensions ['ros']
[5.912s] Level 1:colcon.colcon_core.package_identification:_identify(robot_pos_interface) by extension 'ros'
[5.914s] DEBUG:colcon.colcon_core.package_identification:Package 'robot_pos_interface' with type 'ros.ament_cmake' and name 'robot_pos_interface'
[5.914s] Level 1:colcon.colcon_core.package_identification:_identify(robot_positions) by extensions ['ignore', 'ignore_ament_install']
[5.914s] Level 1:colcon.colcon_core.package_identification:_identify(robot_positions) by extension 'ignore'
[5.915s] Level 1:colcon.colcon_core.package_identification:_identify(robot_positions) by extension 'ignore_ament_install'
[5.915s] Level 1:colcon.colcon_core.package_identification:_identify(robot_positions) by extensions ['colcon_pkg']
[5.915s] Level 1:colcon.colcon_core.package_identification:_identify(robot_positions) by extension 'colcon_pkg'
[5.915s] Level 1:colcon.colcon_core.package_identification:_identify(robot_positions) by extensions ['colcon_meta']
[5.915s] Level 1:colcon.colcon_core.package_identification:_identify(robot_positions) by extension 'colcon_meta'
[5.915s] Level 1:colcon.colcon_core.package_identification:_identify(robot_positions) by extensions ['ros']
[5.916s] Level 1:colcon.colcon_core.package_identification:_identify(robot_positions) by extension 'ros'
[5.918s] DEBUG:colcon.colcon_core.package_identification:Package 'robot_positions' with type 'ros.ament_python' and name 'robot_positions'
[5.918s] Level 1:colcon.colcon_core.package_discovery:discover_packages(recursive) using defaults
[5.918s] Level 1:colcon.colcon_core.package_discovery:discover_packages(ignore) discover
[5.919s] Level 1:colcon.colcon_core.package_discovery:discover_packages(ignore) using defaults
[5.919s] Level 1:colcon.colcon_core.package_discovery:discover_packages(path) discover
[5.919s] Level 1:colcon.colcon_core.package_discovery:discover_packages(path) using defaults
[6.189s] INFO:colcon.colcon_core.package_selection:Skipping not selected package 'gotoxy_interface' in 'gotoxy_interface'
[6.189s] INFO:colcon.colcon_core.package_selection:Skipping not selected package 'map_interface' in 'map_interface'
[6.189s] INFO:colcon.colcon_core.package_selection:Skipping not selected package 'pwm_interface' in 'pwm_interface'
[6.189s] INFO:colcon.colcon_core.package_selection:Skipping not selected package 'py_ping' in 'py_ping'
[6.190s] INFO:colcon.colcon_core.package_selection:Skipping not selected package 'robot_pos_interface' in 'robot_pos_interface'
[6.190s] INFO:colcon.colcon_core.package_selection:Skipping not selected package 'tkinter_serial_monitor' in 'ROS_GUI/tkinter_serial_monitor-1.0.0'
[6.190s] INFO:colcon.colcon_core.package_selection:Skipping not selected package 'gotoxy' in 'gotoxy'
[6.190s] INFO:colcon.colcon_core.package_selection:Skipping not selected package 'map_updater' in 'map_updater'
[6.190s] INFO:colcon.colcon_core.package_selection:Skipping not selected package 'map_viewer' in 'map_viewer'
[6.190s] INFO:colcon.colcon_core.package_selection:Skipping not selected package 'robot_positions' in 'robot_positions'
[6.311s] Level 1:colcon.colcon_core.package_discovery:discover_packages(prefix_path) check parameters
[6.311s] Level 1:colcon.colcon_core.package_discovery:discover_packages(prefix_path) discover
[6.377s] WARNING:colcon.colcon_ros.prefix_path.ament:The path '/home/robot1/ros2_ws/install/py_motor_raw_pwm' in the environment variable AMENT_PREFIX_PATH doesn't exist
[6.444s] DEBUG:colcon.colcon_installed_package_information.package_discovery:Found 2 installed packages in /home/robot1/ros2_ws/src/install
[6.509s] DEBUG:colcon.colcon_installed_package_information.package_discovery:Found 10 installed packages in /home/robot1/ros2_ws/install
[6.579s] DEBUG:colcon.colcon_installed_package_information.package_discovery:Found 270 installed packages in /opt/ros/humble
[6.585s] Level 1:colcon.colcon_core.package_discovery:discover_packages(prefix_path) using defaults
[6.971s] Level 5:colcon.colcon_core.verb:set package 'py_motor_raw_pwm' build argument 'cmake_args' from command line to 'None'
[6.971s] Level 5:colcon.colcon_core.verb:set package 'py_motor_raw_pwm' build argument 'cmake_target' from command line to 'None'
[6.971s] Level 5:colcon.colcon_core.verb:set package 'py_motor_raw_pwm' build argument 'cmake_target_skip_unavailable' from command line to 'False'
[6.971s] Level 5:colcon.colcon_core.verb:set package 'py_motor_raw_pwm' build argument 'cmake_clean_cache' from command line to 'False'
[6.972s] Level 5:colcon.colcon_core.verb:set package 'py_motor_raw_pwm' build argument 'cmake_clean_first' from command line to 'False'
[6.972s] Level 5:colcon.colcon_core.verb:set package 'py_motor_raw_pwm' build argument 'cmake_force_configure' from command line to 'False'
[6.972s] Level 5:colcon.colcon_core.verb:set package 'py_motor_raw_pwm' build argument 'ament_cmake_args' from command line to 'None'
[6.972s] Level 5:colcon.colcon_core.verb:set package 'py_motor_raw_pwm' build argument 'catkin_cmake_args' from command line to 'None'
[6.972s] Level 5:colcon.colcon_core.verb:set package 'py_motor_raw_pwm' build argument 'catkin_skip_building_tests' from command line to 'False'
[6.972s] DEBUG:colcon.colcon_core.verb:Building package 'py_motor_raw_pwm' with the following arguments: {'ament_cmake_args': None, 'build_base': '/home/robot1/ros2_ws/src/build/py_motor_raw_pwm', 'catkin_cmake_args': None, 'catkin_skip_building_tests': False, 'cmake_args': None, 'cmake_clean_cache': False, 'cmake_clean_first': False, 'cmake_force_configure': False, 'cmake_target': None, 'cmake_target_skip_unavailable': False, 'install_base': '/home/robot1/ros2_ws/src/install/py_motor_raw_pwm', 'merge_install': False, 'path': '/home/robot1/ros2_ws/src/py_motor_raw_pwm', 'symlink_install': False, 'test_result_base': None}
[7.033s] INFO:colcon.colcon_core.executor:Executing jobs using 'parallel' executor
[7.096s] DEBUG:colcon.colcon_parallel_executor.executor.parallel:run_until_complete
[7.097s] INFO:colcon.colcon_ros.task.ament_python.build:Building ROS package in '/home/robot1/ros2_ws/src/py_motor_raw_pwm' with build type 'ament_python'
[7.098s] Level 1:colcon.colcon_core.shell:create_environment_hook('py_motor_raw_pwm', 'ament_prefix_path')
[7.170s] INFO:colcon.colcon_core.plugin_system:Skipping extension 'colcon_core.shell.bat': Not used on non-Windows systems
[7.171s] INFO:colcon.colcon_core.shell:Creating environment hook '/home/robot1/ros2_ws/src/install/py_motor_raw_pwm/share/py_motor_raw_pwm/hook/ament_prefix_path.ps1'
[7.173s] INFO:colcon.colcon_core.shell:Creating environment descriptor '/home/robot1/ros2_ws/src/install/py_motor_raw_pwm/share/py_motor_raw_pwm/hook/ament_prefix_path.dsv'
[7.175s] INFO:colcon.colcon_core.shell:Creating environment hook '/home/robot1/ros2_ws/src/install/py_motor_raw_pwm/share/py_motor_raw_pwm/hook/ament_prefix_path.sh'
[7.241s] INFO:colcon.colcon_core.shell:Skip shell extension 'powershell' for command environment: Not usable outside of PowerShell
[7.241s] DEBUG:colcon.colcon_core.shell:Skip shell extension 'dsv' for command environment
[8.710s] INFO:colcon.colcon_core.task.python.build:Building Python package in '/home/robot1/ros2_ws/src/py_motor_raw_pwm'
[8.776s] INFO:colcon.colcon_core.shell:Skip shell extension 'powershell' for command environment: Not usable outside of PowerShell
[8.776s] DEBUG:colcon.colcon_core.shell:Skip shell extension 'dsv' for command environment
[10.552s] DEBUG:colcon.colcon_core.event_handler.log_command:Invoking command in '/home/robot1/ros2_ws/src/py_motor_raw_pwm': PYTHONPATH=/home/robot1/ros2_ws/src/build/py_motor_raw_pwm/prefix_override:/home/robot1/ros2_ws/src/install/py_motor_raw_pwm/lib/python3.10/site-packages:${PYTHONPATH} /usr/bin/python3 setup.py egg_info --egg-base ../build/py_motor_raw_pwm build --build-base /home/robot1/ros2_ws/src/build/py_motor_raw_pwm/build install --record /home/robot1/ros2_ws/src/build/py_motor_raw_pwm/install.log --single-version-externally-managed
[11.896s] DEBUG:colcon.colcon_core.event_handler.log_command:Invoked command in '/home/robot1/ros2_ws/src/py_motor_raw_pwm' returned '0': PYTHONPATH=/home/robot1/ros2_ws/src/build/py_motor_raw_pwm/prefix_override:/home/robot1/ros2_ws/src/install/py_motor_raw_pwm/lib/python3.10/site-packages:${PYTHONPATH} /usr/bin/python3 setup.py egg_info --egg-base ../build/py_motor_raw_pwm build --build-base /home/robot1/ros2_ws/src/build/py_motor_raw_pwm/build install --record /home/robot1/ros2_ws/src/build/py_motor_raw_pwm/install.log --single-version-externally-managed
[11.974s] Level 1:colcon.colcon_core.environment:checking '/home/robot1/ros2_ws/src/install/py_motor_raw_pwm' for CMake module files
[11.977s] Level 1:colcon.colcon_core.environment:checking '/home/robot1/ros2_ws/src/install/py_motor_raw_pwm' for CMake config files
[11.980s] Level 1:colcon.colcon_core.environment:checking '/home/robot1/ros2_ws/src/install/py_motor_raw_pwm/lib'
[11.981s] Level 1:colcon.colcon_core.environment:checking '/home/robot1/ros2_ws/src/install/py_motor_raw_pwm/bin'
[11.981s] Level 1:colcon.colcon_core.environment:checking '/home/robot1/ros2_ws/src/install/py_motor_raw_pwm/lib/pkgconfig/py_motor_raw_pwm.pc'
[11.982s] Level 1:colcon.colcon_core.environment:checking '/home/robot1/ros2_ws/src/install/py_motor_raw_pwm/lib/python3.10/site-packages'
[11.982s] Level 1:colcon.colcon_core.shell:create_environment_hook('py_motor_raw_pwm', 'pythonpath')
[12.045s] INFO:colcon.colcon_core.shell:Creating environment hook '/home/robot1/ros2_ws/src/install/py_motor_raw_pwm/share/py_motor_raw_pwm/hook/pythonpath.ps1'
[12.047s] INFO:colcon.colcon_core.shell:Creating environment descriptor '/home/robot1/ros2_ws/src/install/py_motor_raw_pwm/share/py_motor_raw_pwm/hook/pythonpath.dsv'
[12.048s] INFO:colcon.colcon_core.shell:Creating environment hook '/home/robot1/ros2_ws/src/install/py_motor_raw_pwm/share/py_motor_raw_pwm/hook/pythonpath.sh'
[12.051s] Level 1:colcon.colcon_core.environment:checking '/home/robot1/ros2_ws/src/install/py_motor_raw_pwm/bin'
[12.051s] Level 1:colcon.colcon_core.environment:create_environment_scripts_only(py_motor_raw_pwm)
[12.113s] INFO:colcon.colcon_core.shell:Creating package script '/home/robot1/ros2_ws/src/install/py_motor_raw_pwm/share/py_motor_raw_pwm/package.ps1'
[12.116s] INFO:colcon.colcon_core.shell:Creating package descriptor '/home/robot1/ros2_ws/src/install/py_motor_raw_pwm/share/py_motor_raw_pwm/package.dsv'
[12.119s] INFO:colcon.colcon_core.shell:Creating package script '/home/robot1/ros2_ws/src/install/py_motor_raw_pwm/share/py_motor_raw_pwm/package.sh'
[12.122s] INFO:colcon.colcon_core.shell:Creating package script '/home/robot1/ros2_ws/src/install/py_motor_raw_pwm/share/py_motor_raw_pwm/package.bash'
[12.125s] INFO:colcon.colcon_core.shell:Creating package script '/home/robot1/ros2_ws/src/install/py_motor_raw_pwm/share/py_motor_raw_pwm/package.zsh'
[12.128s] Level 1:colcon.colcon_core.environment:create_file_with_runtime_dependencies(/home/robot1/ros2_ws/src/install/py_motor_raw_pwm/share/colcon-core/packages/py_motor_raw_pwm)
[12.130s] DEBUG:colcon.colcon_parallel_executor.executor.parallel:closing loop
[12.130s] DEBUG:colcon.colcon_parallel_executor.executor.parallel:loop closed
[12.131s] DEBUG:colcon.colcon_parallel_executor.executor.parallel:run_until_complete finished with '0'
[12.131s] DEBUG:colcon.colcon_core.event_reactor:joining thread
[12.252s] INFO:colcon.colcon_core.plugin_system:Skipping extension 'colcon_notification.desktop_notification.terminal_notifier': Not used on non-Darwin systems
[12.252s] INFO:colcon.colcon_core.plugin_system:Skipping extension 'colcon_notification.desktop_notification.win32': Not used on non-Windows systems
[12.253s] INFO:colcon.colcon_notification.desktop_notification:Sending desktop notification using 'notify2'
[12.293s] DEBUG:colcon.colcon_core.event_reactor:joined thread
[12.361s] INFO:colcon.colcon_core.shell:Creating prefix script '/home/robot1/ros2_ws/src/install/local_setup.ps1'
[12.365s] INFO:colcon.colcon_core.shell:Creating prefix util module '/home/robot1/ros2_ws/src/install/_local_setup_util_ps1.py'
[12.370s] INFO:colcon.colcon_core.shell:Creating prefix chain script '/home/robot1/ros2_ws/src/install/setup.ps1'
[12.439s] INFO:colcon.colcon_core.shell:Creating prefix script '/home/robot1/ros2_ws/src/install/local_setup.sh'
[12.441s] INFO:colcon.colcon_core.shell:Creating prefix util module '/home/robot1/ros2_ws/src/install/_local_setup_util_sh.py'
[12.443s] INFO:colcon.colcon_core.shell:Creating prefix chain script '/home/robot1/ros2_ws/src/install/setup.sh'
[12.513s] INFO:colcon.colcon_core.shell:Creating prefix script '/home/robot1/ros2_ws/src/install/local_setup.bash'
[12.515s] INFO:colcon.colcon_core.shell:Creating prefix chain script '/home/robot1/ros2_ws/src/install/setup.bash'
[12.584s] INFO:colcon.colcon_core.shell:Creating prefix script '/home/robot1/ros2_ws/src/install/local_setup.zsh'
[12.586s] INFO:colcon.colcon_core.shell:Creating prefix chain script '/home/robot1/ros2_ws/src/install/setup.zsh'
