[4.377s] DEBUG:colcon:Command line arguments: ['/usr/bin/colcon', 'build', '--packages-select', 'gotoxy']
[4.378s] DEBUG:colcon:Parsed command line arguments: Namespace(log_base=None, log_level=None, verb_name='build', build_base='build', install_base='install', merge_install=False, symlink_install=False, test_result_base=None, continue_on_error=False, executor='parallel', parallel_workers=4, event_handlers=None, ignore_user_meta=False, metas=['./colcon.meta'], base_paths=['.'], packages_ignore=None, packages_ignore_regex=None, paths=None, packages_up_to=None, packages_up_to_regex=None, packages_above=None, packages_above_and_dependencies=None, packages_above_depth=None, packages_select_by_dep=None, packages_skip_by_dep=None, packages_skip_up_to=None, packages_select_build_failed=False, packages_skip_build_finished=False, packages_select_test_failures=False, packages_skip_test_passed=False, packages_select=['gotoxy'], packages_skip=None, packages_select_regex=None, packages_skip_regex=None, packages_start=None, packages_end=None, allow_overriding=[], cmake_args=None, cmake_target=None, cmake_target_skip_unavailable=False, cmake_clean_cache=False, cmake_clean_first=False, cmake_force_configure=False, ament_cmake_args=None, catkin_cmake_args=None, catkin_skip_building_tests=False, verb_parser=<colcon_defaults.argument_parser.defaults.DefaultArgumentsDecorator object at 0xffff96bdc340>, verb_extension=<colcon_core.verb.build.BuildVerb object at 0xffff96ed2da0>, main=<bound method BuildVerb.main of <colcon_core.verb.build.BuildVerb object at 0xffff96ed2da0>>)
[4.583s] Level 1:colcon.colcon_core.package_discovery:discover_packages(colcon_meta) check parameters
[4.584s] Level 1:colcon.colcon_core.package_discovery:discover_packages(recursive) check parameters
[4.584s] Level 1:colcon.colcon_core.package_discovery:discover_packages(ignore) check parameters
[4.584s] Level 1:colcon.colcon_core.package_discovery:discover_packages(path) check parameters
[4.584s] Level 1:colcon.colcon_core.package_discovery:discover_packages(colcon_meta) discover
[4.585s] Level 1:colcon.colcon_core.package_discovery:discover_packages(recursive) discover
[4.585s] INFO:colcon.colcon_core.package_discovery:Crawling recursively for packages in '/home/robot1/ros2_ws/src'
[4.585s] Level 1:colcon.colcon_core.package_identification:_identify(.) by extensions ['ignore', 'ignore_ament_install']
[4.586s] Level 1:colcon.colcon_core.package_identification:_identify(.) by extension 'ignore'
[4.586s] Level 1:colcon.colcon_core.package_identification:_identify(.) by extension 'ignore_ament_install'
[4.586s] Level 1:colcon.colcon_core.package_identification:_identify(.) by extensions ['colcon_pkg']
[4.586s] Level 1:colcon.colcon_core.package_identification:_identify(.) by extension 'colcon_pkg'
[4.587s] Level 1:colcon.colcon_core.package_identification:_identify(.) by extensions ['colcon_meta']
[4.587s] Level 1:colcon.colcon_core.package_identification:_identify(.) by extension 'colcon_meta'
[4.587s] Level 1:colcon.colcon_core.package_identification:_identify(.) by extensions ['ros']
[4.587s] Level 1:colcon.colcon_core.package_identification:_identify(.) by extension 'ros'
[4.634s] Level 1:colcon.colcon_core.package_identification:_identify(.) by extensions ['cmake', 'python']
[4.634s] Level 1:colcon.colcon_core.package_identification:_identify(.) by extension 'cmake'
[4.634s] Level 1:colcon.colcon_core.package_identification:_identify(.) by extension 'python'
[4.634s] Level 1:colcon.colcon_core.package_identification:_identify(.) by extensions ['python_setup_py']
[4.634s] Level 1:colcon.colcon_core.package_identification:_identify(.) by extension 'python_setup_py'
[4.635s] Level 1:colcon.colcon_core.package_identification:_identify(ROSArduinoBridge-RF24) by extensions ['ignore', 'ignore_ament_install']
[4.635s] Level 1:colcon.colcon_core.package_identification:_identify(ROSArduinoBridge-RF24) by extension 'ignore'
[4.635s] Level 1:colcon.colcon_core.package_identification:_identify(ROSArduinoBridge-RF24) by extension 'ignore_ament_install'
[4.636s] Level 1:colcon.colcon_core.package_identification:_identify(ROSArduinoBridge-RF24) by extensions ['colcon_pkg']
[4.636s] Level 1:colcon.colcon_core.package_identification:_identify(ROSArduinoBridge-RF24) by extension 'colcon_pkg'
[4.636s] Level 1:colcon.colcon_core.package_identification:_identify(ROSArduinoBridge-RF24) by extensions ['colcon_meta']
[4.636s] Level 1:colcon.colcon_core.package_identification:_identify(ROSArduinoBridge-RF24) by extension 'colcon_meta'
[4.636s] Level 1:colcon.colcon_core.package_identification:_identify(ROSArduinoBridge-RF24) by extensions ['ros']
[4.636s] Level 1:colcon.colcon_core.package_identification:_identify(ROSArduinoBridge-RF24) by extension 'ros'
[4.637s] Level 1:colcon.colcon_core.package_identification:_identify(ROSArduinoBridge-RF24) by extensions ['cmake', 'python']
[4.637s] Level 1:colcon.colcon_core.package_identification:_identify(ROSArduinoBridge-RF24) by extension 'cmake'
[4.637s] Level 1:colcon.colcon_core.package_identification:_identify(ROSArduinoBridge-RF24) by extension 'python'
[4.637s] Level 1:colcon.colcon_core.package_identification:_identify(ROSArduinoBridge-RF24) by extensions ['python_setup_py']
[4.637s] Level 1:colcon.colcon_core.package_identification:_identify(ROSArduinoBridge-RF24) by extension 'python_setup_py'
[4.638s] Level 1:colcon.colcon_core.package_identification:_identify(ROSArduinoPixyBridge) by extensions ['ignore', 'ignore_ament_install']
[4.638s] Level 1:colcon.colcon_core.package_identification:_identify(ROSArduinoPixyBridge) by extension 'ignore'
[4.638s] Level 1:colcon.colcon_core.package_identification:_identify(ROSArduinoPixyBridge) by extension 'ignore_ament_install'
[4.638s] Level 1:colcon.colcon_core.package_identification:_identify(ROSArduinoPixyBridge) by extensions ['colcon_pkg']
[4.639s] Level 1:colcon.colcon_core.package_identification:_identify(ROSArduinoPixyBridge) by extension 'colcon_pkg'
[4.639s] Level 1:colcon.colcon_core.package_identification:_identify(ROSArduinoPixyBridge) by extensions ['colcon_meta']
[4.639s] Level 1:colcon.colcon_core.package_identification:_identify(ROSArduinoPixyBridge) by extension 'colcon_meta'
[4.639s] Level 1:colcon.colcon_core.package_identification:_identify(ROSArduinoPixyBridge) by extensions ['ros']
[4.639s] Level 1:colcon.colcon_core.package_identification:_identify(ROSArduinoPixyBridge) by extension 'ros'
[4.639s] Level 1:colcon.colcon_core.package_identification:_identify(ROSArduinoPixyBridge) by extensions ['cmake', 'python']
[4.640s] Level 1:colcon.colcon_core.package_identification:_identify(ROSArduinoPixyBridge) by extension 'cmake'
[4.640s] Level 1:colcon.colcon_core.package_identification:_identify(ROSArduinoPixyBridge) by extension 'python'
[4.640s] Level 1:colcon.colcon_core.package_identification:_identify(ROSArduinoPixyBridge) by extensions ['python_setup_py']
[4.640s] Level 1:colcon.colcon_core.package_identification:_identify(ROSArduinoPixyBridge) by extension 'python_setup_py'
[4.640s] Level 1:colcon.colcon_core.package_identification:_identify(ROS_GUI) by extensions ['ignore', 'ignore_ament_install']
[4.641s] Level 1:colcon.colcon_core.package_identification:_identify(ROS_GUI) by extension 'ignore'
[4.641s] Level 1:colcon.colcon_core.package_identification:_identify(ROS_GUI) by extension 'ignore_ament_install'
[4.641s] Level 1:colcon.colcon_core.package_identification:_identify(ROS_GUI) by extensions ['colcon_pkg']
[4.641s] Level 1:colcon.colcon_core.package_identification:_identify(ROS_GUI) by extension 'colcon_pkg'
[4.641s] Level 1:colcon.colcon_core.package_identification:_identify(ROS_GUI) by extensions ['colcon_meta']
[4.641s] Level 1:colcon.colcon_core.package_identification:_identify(ROS_GUI) by extension 'colcon_meta'
[4.642s] Level 1:colcon.colcon_core.package_identification:_identify(ROS_GUI) by extensions ['ros']
[4.642s] Level 1:colcon.colcon_core.package_identification:_identify(ROS_GUI) by extension 'ros'
[4.642s] Level 1:colcon.colcon_core.package_identification:_identify(ROS_GUI) by extensions ['cmake', 'python']
[4.642s] Level 1:colcon.colcon_core.package_identification:_identify(ROS_GUI) by extension 'cmake'
[4.642s] Level 1:colcon.colcon_core.package_identification:_identify(ROS_GUI) by extension 'python'
[4.642s] Level 1:colcon.colcon_core.package_identification:_identify(ROS_GUI) by extensions ['python_setup_py']
[4.643s] Level 1:colcon.colcon_core.package_identification:_identify(ROS_GUI) by extension 'python_setup_py'
[4.643s] Level 1:colcon.colcon_core.package_identification:_identify(ROS_GUI/tkinter_serial_monitor-1.0.0) by extensions ['ignore', 'ignore_ament_install']
[4.643s] Level 1:colcon.colcon_core.package_identification:_identify(ROS_GUI/tkinter_serial_monitor-1.0.0) by extension 'ignore'
[4.643s] Level 1:colcon.colcon_core.package_identification:_identify(ROS_GUI/tkinter_serial_monitor-1.0.0) by extension 'ignore_ament_install'
[4.644s] Level 1:colcon.colcon_core.package_identification:_identify(ROS_GUI/tkinter_serial_monitor-1.0.0) by extensions ['colcon_pkg']
[4.644s] Level 1:colcon.colcon_core.package_identification:_identify(ROS_GUI/tkinter_serial_monitor-1.0.0) by extension 'colcon_pkg'
[4.644s] Level 1:colcon.colcon_core.package_identification:_identify(ROS_GUI/tkinter_serial_monitor-1.0.0) by extensions ['colcon_meta']
[4.644s] Level 1:colcon.colcon_core.package_identification:_identify(ROS_GUI/tkinter_serial_monitor-1.0.0) by extension 'colcon_meta'
[4.644s] Level 1:colcon.colcon_core.package_identification:_identify(ROS_GUI/tkinter_serial_monitor-1.0.0) by extensions ['ros']
[4.644s] Level 1:colcon.colcon_core.package_identification:_identify(ROS_GUI/tkinter_serial_monitor-1.0.0) by extension 'ros'
[4.645s] Level 1:colcon.colcon_core.package_identification:_identify(ROS_GUI/tkinter_serial_monitor-1.0.0) by extensions ['cmake', 'python']
[4.645s] Level 1:colcon.colcon_core.package_identification:_identify(ROS_GUI/tkinter_serial_monitor-1.0.0) by extension 'cmake'
[4.645s] Level 1:colcon.colcon_core.package_identification:_identify(ROS_GUI/tkinter_serial_monitor-1.0.0) by extension 'python'
[4.645s] DEBUG:colcon.colcon_core.package_identification:Python package in 'ROS_GUI/tkinter_serial_monitor-1.0.0' passes arguments to the setup() function which requires a different identification extension than 'python'
[4.645s] Level 1:colcon.colcon_core.package_identification:_identify(ROS_GUI/tkinter_serial_monitor-1.0.0) by extensions ['python_setup_py']
[4.646s] Level 1:colcon.colcon_core.package_identification:_identify(ROS_GUI/tkinter_serial_monitor-1.0.0) by extension 'python_setup_py'
[5.844s] DEBUG:colcon.colcon_core.package_identification:Package 'ROS_GUI/tkinter_serial_monitor-1.0.0' with type 'python' and name 'tkinter_serial_monitor'
[5.845s] Level 1:colcon.colcon_core.package_identification:_identify(__pycache__) by extensions ['ignore', 'ignore_ament_install']
[5.845s] Level 1:colcon.colcon_core.package_identification:_identify(__pycache__) by extension 'ignore'
[5.846s] Level 1:colcon.colcon_core.package_identification:_identify(__pycache__) by extension 'ignore_ament_install'
[5.846s] Level 1:colcon.colcon_core.package_identification:_identify(__pycache__) by extensions ['colcon_pkg']
[5.846s] Level 1:colcon.colcon_core.package_identification:_identify(__pycache__) by extension 'colcon_pkg'
[5.846s] Level 1:colcon.colcon_core.package_identification:_identify(__pycache__) by extensions ['colcon_meta']
[5.846s] Level 1:colcon.colcon_core.package_identification:_identify(__pycache__) by extension 'colcon_meta'
[5.846s] Level 1:colcon.colcon_core.package_identification:_identify(__pycache__) by extensions ['ros']
[5.847s] Level 1:colcon.colcon_core.package_identification:_identify(__pycache__) by extension 'ros'
[5.847s] Level 1:colcon.colcon_core.package_identification:_identify(__pycache__) by extensions ['cmake', 'python']
[5.847s] Level 1:colcon.colcon_core.package_identification:_identify(__pycache__) by extension 'cmake'
[5.847s] Level 1:colcon.colcon_core.package_identification:_identify(__pycache__) by extension 'python'
[5.847s] Level 1:colcon.colcon_core.package_identification:_identify(__pycache__) by extensions ['python_setup_py']
[5.847s] Level 1:colcon.colcon_core.package_identification:_identify(__pycache__) by extension 'python_setup_py'
[5.848s] Level 1:colcon.colcon_core.package_identification:_identify(build) by extensions ['ignore', 'ignore_ament_install']
[5.848s] Level 1:colcon.colcon_core.package_identification:_identify(build) by extension 'ignore'
[5.848s] Level 1:colcon.colcon_core.package_identification:_identify(build) ignored
[5.849s] Level 1:colcon.colcon_core.package_identification:_identify(gotoxy) by extensions ['ignore', 'ignore_ament_install']
[5.849s] Level 1:colcon.colcon_core.package_identification:_identify(gotoxy) by extension 'ignore'
[5.849s] Level 1:colcon.colcon_core.package_identification:_identify(gotoxy) by extension 'ignore_ament_install'
[5.850s] Level 1:colcon.colcon_core.package_identification:_identify(gotoxy) by extensions ['colcon_pkg']
[5.850s] Level 1:colcon.colcon_core.package_identification:_identify(gotoxy) by extension 'colcon_pkg'
[5.850s] Level 1:colcon.colcon_core.package_identification:_identify(gotoxy) by extensions ['colcon_meta']
[5.850s] Level 1:colcon.colcon_core.package_identification:_identify(gotoxy) by extension 'colcon_meta'
[5.850s] Level 1:colcon.colcon_core.package_identification:_identify(gotoxy) by extensions ['ros']
[5.850s] Level 1:colcon.colcon_core.package_identification:_identify(gotoxy) by extension 'ros'
[5.860s] DEBUG:colcon.colcon_core.package_identification:Package 'gotoxy' with type 'ros.ament_python' and name 'gotoxy'
[5.861s] Level 1:colcon.colcon_core.package_identification:_identify(gotoxy_interface) by extensions ['ignore', 'ignore_ament_install']
[5.861s] Level 1:colcon.colcon_core.package_identification:_identify(gotoxy_interface) by extension 'ignore'
[5.861s] Level 1:colcon.colcon_core.package_identification:_identify(gotoxy_interface) by extension 'ignore_ament_install'
[5.861s] Level 1:colcon.colcon_core.package_identification:_identify(gotoxy_interface) by extensions ['colcon_pkg']
[5.862s] Level 1:colcon.colcon_core.package_identification:_identify(gotoxy_interface) by extension 'colcon_pkg'
[5.862s] Level 1:colcon.colcon_core.package_identification:_identify(gotoxy_interface) by extensions ['colcon_meta']
[5.862s] Level 1:colcon.colcon_core.package_identification:_identify(gotoxy_interface) by extension 'colcon_meta'
[5.862s] Level 1:colcon.colcon_core.package_identification:_identify(gotoxy_interface) by extensions ['ros']
[5.862s] Level 1:colcon.colcon_core.package_identification:_identify(gotoxy_interface) by extension 'ros'
[5.864s] DEBUG:colcon.colcon_core.package_identification:Package 'gotoxy_interface' with type 'ros.ament_cmake' and name 'gotoxy_interface'
[5.865s] Level 1:colcon.colcon_core.package_identification:_identify(install) by extensions ['ignore', 'ignore_ament_install']
[5.865s] Level 1:colcon.colcon_core.package_identification:_identify(install) by extension 'ignore'
[5.866s] Level 1:colcon.colcon_core.package_identification:_identify(install) ignored
[5.866s] Level 1:colcon.colcon_core.package_identification:_identify(log) by extensions ['ignore', 'ignore_ament_install']
[5.867s] Level 1:colcon.colcon_core.package_identification:_identify(log) by extension 'ignore'
[5.867s] Level 1:colcon.colcon_core.package_identification:_identify(log) ignored
[5.867s] Level 1:colcon.colcon_core.package_identification:_identify(map_interface) by extensions ['ignore', 'ignore_ament_install']
[5.868s] Level 1:colcon.colcon_core.package_identification:_identify(map_interface) by extension 'ignore'
[5.868s] Level 1:colcon.colcon_core.package_identification:_identify(map_interface) by extension 'ignore_ament_install'
[5.868s] Level 1:colcon.colcon_core.package_identification:_identify(map_interface) by extensions ['colcon_pkg']
[5.868s] Level 1:colcon.colcon_core.package_identification:_identify(map_interface) by extension 'colcon_pkg'
[5.869s] Level 1:colcon.colcon_core.package_identification:_identify(map_interface) by extensions ['colcon_meta']
[5.869s] Level 1:colcon.colcon_core.package_identification:_identify(map_interface) by extension 'colcon_meta'
[5.869s] Level 1:colcon.colcon_core.package_identification:_identify(map_interface) by extensions ['ros']
[5.869s] Level 1:colcon.colcon_core.package_identification:_identify(map_interface) by extension 'ros'
[5.871s] DEBUG:colcon.colcon_core.package_identification:Package 'map_interface' with type 'ros.ament_cmake' and name 'map_interface'
[5.872s] Level 1:colcon.colcon_core.package_identification:_identify(map_updater) by extensions ['ignore', 'ignore_ament_install']
[5.872s] Level 1:colcon.colcon_core.package_identification:_identify(map_updater) by extension 'ignore'
[5.872s] Level 1:colcon.colcon_core.package_identification:_identify(map_updater) by extension 'ignore_ament_install'
[5.873s] Level 1:colcon.colcon_core.package_identification:_identify(map_updater) by extensions ['colcon_pkg']
[5.873s] Level 1:colcon.colcon_core.package_identification:_identify(map_updater) by extension 'colcon_pkg'
[5.873s] Level 1:colcon.colcon_core.package_identification:_identify(map_updater) by extensions ['colcon_meta']
[5.873s] Level 1:colcon.colcon_core.package_identification:_identify(map_updater) by extension 'colcon_meta'
[5.873s] Level 1:colcon.colcon_core.package_identification:_identify(map_updater) by extensions ['ros']
[5.873s] Level 1:colcon.colcon_core.package_identification:_identify(map_updater) by extension 'ros'
[5.876s] DEBUG:colcon.colcon_core.package_identification:Package 'map_updater' with type 'ros.ament_python' and name 'map_updater'
[5.876s] Level 1:colcon.colcon_core.package_identification:_identify(map_viewer) by extensions ['ignore', 'ignore_ament_install']
[5.877s] Level 1:colcon.colcon_core.package_identification:_identify(map_viewer) by extension 'ignore'
[5.877s] Level 1:colcon.colcon_core.package_identification:_identify(map_viewer) by extension 'ignore_ament_install'
[5.877s] Level 1:colcon.colcon_core.package_identification:_identify(map_viewer) by extensions ['colcon_pkg']
[5.877s] Level 1:colcon.colcon_core.package_identification:_identify(map_viewer) by extension 'colcon_pkg'
[5.877s] Level 1:colcon.colcon_core.package_identification:_identify(map_viewer) by extensions ['colcon_meta']
[5.877s] Level 1:colcon.colcon_core.package_identification:_identify(map_viewer) by extension 'colcon_meta'
[5.878s] Level 1:colcon.colcon_core.package_identification:_identify(map_viewer) by extensions ['ros']
[5.878s] Level 1:colcon.colcon_core.package_identification:_identify(map_viewer) by extension 'ros'
[5.880s] DEBUG:colcon.colcon_core.package_identification:Package 'map_viewer' with type 'ros.ament_python' and name 'map_viewer'
[5.880s] Level 1:colcon.colcon_core.package_identification:_identify(pixy_viewer) by extensions ['ignore', 'ignore_ament_install']
[5.880s] Level 1:colcon.colcon_core.package_identification:_identify(pixy_viewer) by extension 'ignore'
[5.881s] Level 1:colcon.colcon_core.package_identification:_identify(pixy_viewer) by extension 'ignore_ament_install'
[5.881s] Level 1:colcon.colcon_core.package_identification:_identify(pixy_viewer) by extensions ['colcon_pkg']
[5.881s] Level 1:colcon.colcon_core.package_identification:_identify(pixy_viewer) by extension 'colcon_pkg'
[5.881s] Level 1:colcon.colcon_core.package_identification:_identify(pixy_viewer) by extensions ['colcon_meta']
[5.881s] Level 1:colcon.colcon_core.package_identification:_identify(pixy_viewer) by extension 'colcon_meta'
[5.881s] Level 1:colcon.colcon_core.package_identification:_identify(pixy_viewer) by extensions ['ros']
[5.882s] Level 1:colcon.colcon_core.package_identification:_identify(pixy_viewer) by extension 'ros'
[5.882s] Level 1:colcon.colcon_core.package_identification:_identify(pixy_viewer) by extensions ['cmake', 'python']
[5.882s] Level 1:colcon.colcon_core.package_identification:_identify(pixy_viewer) by extension 'cmake'
[5.882s] Level 1:colcon.colcon_core.package_identification:_identify(pixy_viewer) by extension 'python'
[5.882s] Level 1:colcon.colcon_core.package_identification:_identify(pixy_viewer) by extensions ['python_setup_py']
[5.882s] Level 1:colcon.colcon_core.package_identification:_identify(pixy_viewer) by extension 'python_setup_py'
[5.883s] Level 1:colcon.colcon_core.package_identification:_identify(pwm_interface) by extensions ['ignore', 'ignore_ament_install']
[5.883s] Level 1:colcon.colcon_core.package_identification:_identify(pwm_interface) by extension 'ignore'
[5.883s] Level 1:colcon.colcon_core.package_identification:_identify(pwm_interface) by extension 'ignore_ament_install'
[5.884s] Level 1:colcon.colcon_core.package_identification:_identify(pwm_interface) by extensions ['colcon_pkg']
[5.884s] Level 1:colcon.colcon_core.package_identification:_identify(pwm_interface) by extension 'colcon_pkg'
[5.884s] Level 1:colcon.colcon_core.package_identification:_identify(pwm_interface) by extensions ['colcon_meta']
[5.884s] Level 1:colcon.colcon_core.package_identification:_identify(pwm_interface) by extension 'colcon_meta'
[5.884s] Level 1:colcon.colcon_core.package_identification:_identify(pwm_interface) by extensions ['ros']
[5.884s] Level 1:colcon.colcon_core.package_identification:_identify(pwm_interface) by extension 'ros'
[5.886s] DEBUG:colcon.colcon_core.package_identification:Package 'pwm_interface' with type 'ros.ament_cmake' and name 'pwm_interface'
[5.887s] Level 1:colcon.colcon_core.package_identification:_identify(py_motor_raw_pwm) by extensions ['ignore', 'ignore_ament_install']
[5.887s] Level 1:colcon.colcon_core.package_identification:_identify(py_motor_raw_pwm) by extension 'ignore'
[5.887s] Level 1:colcon.colcon_core.package_identification:_identify(py_motor_raw_pwm) by extension 'ignore_ament_install'
[5.887s] Level 1:colcon.colcon_core.package_identification:_identify(py_motor_raw_pwm) by extensions ['colcon_pkg']
[5.888s] Level 1:colcon.colcon_core.package_identification:_identify(py_motor_raw_pwm) by extension 'colcon_pkg'
[5.888s] Level 1:colcon.colcon_core.package_identification:_identify(py_motor_raw_pwm) by extensions ['colcon_meta']
[5.888s] Level 1:colcon.colcon_core.package_identification:_identify(py_motor_raw_pwm) by extension 'colcon_meta'
[5.888s] Level 1:colcon.colcon_core.package_identification:_identify(py_motor_raw_pwm) by extensions ['ros']
[5.888s] Level 1:colcon.colcon_core.package_identification:_identify(py_motor_raw_pwm) by extension 'ros'
[5.890s] DEBUG:colcon.colcon_core.package_identification:Package 'py_motor_raw_pwm' with type 'ros.ament_python' and name 'py_motor_raw_pwm'
[5.891s] Level 1:colcon.colcon_core.package_identification:_identify(py_ping) by extensions ['ignore', 'ignore_ament_install']
[5.891s] Level 1:colcon.colcon_core.package_identification:_identify(py_ping) by extension 'ignore'
[5.891s] Level 1:colcon.colcon_core.package_identification:_identify(py_ping) by extension 'ignore_ament_install'
[5.891s] Level 1:colcon.colcon_core.package_identification:_identify(py_ping) by extensions ['colcon_pkg']
[5.892s] Level 1:colcon.colcon_core.package_identification:_identify(py_ping) by extension 'colcon_pkg'
[5.892s] Level 1:colcon.colcon_core.package_identification:_identify(py_ping) by extensions ['colcon_meta']
[5.892s] Level 1:colcon.colcon_core.package_identification:_identify(py_ping) by extension 'colcon_meta'
[5.892s] Level 1:colcon.colcon_core.package_identification:_identify(py_ping) by extensions ['ros']
[5.892s] Level 1:colcon.colcon_core.package_identification:_identify(py_ping) by extension 'ros'
[5.894s] DEBUG:colcon.colcon_core.package_identification:Package 'py_ping' with type 'ros.ament_python' and name 'py_ping'
[5.895s] Level 1:colcon.colcon_core.package_identification:_identify(robot_pos_interface) by extensions ['ignore', 'ignore_ament_install']
[5.895s] Level 1:colcon.colcon_core.package_identification:_identify(robot_pos_interface) by extension 'ignore'
[5.895s] Level 1:colcon.colcon_core.package_identification:_identify(robot_pos_interface) by extension 'ignore_ament_install'
[5.896s] Level 1:colcon.colcon_core.package_identification:_identify(robot_pos_interface) by extensions ['colcon_pkg']
[5.896s] Level 1:colcon.colcon_core.package_identification:_identify(robot_pos_interface) by extension 'colcon_pkg'
[5.896s] Level 1:colcon.colcon_core.package_identification:_identify(robot_pos_interface) by extensions ['colcon_meta']
[5.896s] Level 1:colcon.colcon_core.package_identification:_identify(robot_pos_interface) by extension 'colcon_meta'
[5.896s] Level 1:colcon.colcon_core.package_identification:_identify(robot_pos_interface) by extensions ['ros']
[5.896s] Level 1:colcon.colcon_core.package_identification:_identify(robot_pos_interface) by extension 'ros'
[5.898s] DEBUG:colcon.colcon_core.package_identification:Package 'robot_pos_interface' with type 'ros.ament_cmake' and name 'robot_pos_interface'
[5.899s] Level 1:colcon.colcon_core.package_identification:_identify(robot_positions) by extensions ['ignore', 'ignore_ament_install']
[5.899s] Level 1:colcon.colcon_core.package_identification:_identify(robot_positions) by extension 'ignore'
[5.899s] Level 1:colcon.colcon_core.package_identification:_identify(robot_positions) by extension 'ignore_ament_install'
[5.900s] Level 1:colcon.colcon_core.package_identification:_identify(robot_positions) by extensions ['colcon_pkg']
[5.900s] Level 1:colcon.colcon_core.package_identification:_identify(robot_positions) by extension 'colcon_pkg'
[5.900s] Level 1:colcon.colcon_core.package_identification:_identify(robot_positions) by extensions ['colcon_meta']
[5.900s] Level 1:colcon.colcon_core.package_identification:_identify(robot_positions) by extension 'colcon_meta'
[5.900s] Level 1:colcon.colcon_core.package_identification:_identify(robot_positions) by extensions ['ros']
[5.900s] Level 1:colcon.colcon_core.package_identification:_identify(robot_positions) by extension 'ros'
[5.903s] DEBUG:colcon.colcon_core.package_identification:Package 'robot_positions' with type 'ros.ament_python' and name 'robot_positions'
[5.903s] Level 1:colcon.colcon_core.package_discovery:discover_packages(recursive) using defaults
[5.903s] Level 1:colcon.colcon_core.package_discovery:discover_packages(ignore) discover
[5.903s] Level 1:colcon.colcon_core.package_discovery:discover_packages(ignore) using defaults
[5.903s] Level 1:colcon.colcon_core.package_discovery:discover_packages(path) discover
[5.903s] Level 1:colcon.colcon_core.package_discovery:discover_packages(path) using defaults
[6.173s] INFO:colcon.colcon_core.package_selection:Skipping not selected package 'gotoxy_interface' in 'gotoxy_interface'
[6.173s] INFO:colcon.colcon_core.package_selection:Skipping not selected package 'map_interface' in 'map_interface'
[6.173s] INFO:colcon.colcon_core.package_selection:Skipping not selected package 'pwm_interface' in 'pwm_interface'
[6.173s] INFO:colcon.colcon_core.package_selection:Skipping not selected package 'py_ping' in 'py_ping'
[6.173s] INFO:colcon.colcon_core.package_selection:Skipping not selected package 'robot_pos_interface' in 'robot_pos_interface'
[6.174s] INFO:colcon.colcon_core.package_selection:Skipping not selected package 'tkinter_serial_monitor' in 'ROS_GUI/tkinter_serial_monitor-1.0.0'
[6.174s] INFO:colcon.colcon_core.package_selection:Skipping not selected package 'map_updater' in 'map_updater'
[6.174s] INFO:colcon.colcon_core.package_selection:Skipping not selected package 'map_viewer' in 'map_viewer'
[6.174s] INFO:colcon.colcon_core.package_selection:Skipping not selected package 'py_motor_raw_pwm' in 'py_motor_raw_pwm'
[6.174s] INFO:colcon.colcon_core.package_selection:Skipping not selected package 'robot_positions' in 'robot_positions'
[6.307s] Level 1:colcon.colcon_core.package_discovery:discover_packages(prefix_path) check parameters
[6.307s] Level 1:colcon.colcon_core.package_discovery:discover_packages(prefix_path) discover
[6.441s] DEBUG:colcon.colcon_installed_package_information.package_discovery:Found 11 installed packages in /home/robot1/ros2_ws/install
[6.510s] DEBUG:colcon.colcon_installed_package_information.package_discovery:Found 270 installed packages in /opt/ros/humble
[6.516s] Level 1:colcon.colcon_core.package_discovery:discover_packages(prefix_path) using defaults
[6.909s] Level 5:colcon.colcon_core.verb:set package 'gotoxy' build argument 'cmake_args' from command line to 'None'
[6.909s] Level 5:colcon.colcon_core.verb:set package 'gotoxy' build argument 'cmake_target' from command line to 'None'
[6.910s] Level 5:colcon.colcon_core.verb:set package 'gotoxy' build argument 'cmake_target_skip_unavailable' from command line to 'False'
[6.910s] Level 5:colcon.colcon_core.verb:set package 'gotoxy' build argument 'cmake_clean_cache' from command line to 'False'
[6.910s] Level 5:colcon.colcon_core.verb:set package 'gotoxy' build argument 'cmake_clean_first' from command line to 'False'
[6.910s] Level 5:colcon.colcon_core.verb:set package 'gotoxy' build argument 'cmake_force_configure' from command line to 'False'
[6.910s] Level 5:colcon.colcon_core.verb:set package 'gotoxy' build argument 'ament_cmake_args' from command line to 'None'
[6.910s] Level 5:colcon.colcon_core.verb:set package 'gotoxy' build argument 'catkin_cmake_args' from command line to 'None'
[6.910s] Level 5:colcon.colcon_core.verb:set package 'gotoxy' build argument 'catkin_skip_building_tests' from command line to 'False'
[6.910s] DEBUG:colcon.colcon_core.verb:Building package 'gotoxy' with the following arguments: {'ament_cmake_args': None, 'build_base': '/home/robot1/ros2_ws/src/build/gotoxy', 'catkin_cmake_args': None, 'catkin_skip_building_tests': False, 'cmake_args': None, 'cmake_clean_cache': False, 'cmake_clean_first': False, 'cmake_force_configure': False, 'cmake_target': None, 'cmake_target_skip_unavailable': False, 'install_base': '/home/robot1/ros2_ws/src/install/gotoxy', 'merge_install': False, 'path': '/home/robot1/ros2_ws/src/gotoxy', 'symlink_install': False, 'test_result_base': None}
[6.973s] INFO:colcon.colcon_core.executor:Executing jobs using 'parallel' executor
[7.038s] DEBUG:colcon.colcon_parallel_executor.executor.parallel:run_until_complete
[7.039s] INFO:colcon.colcon_ros.task.ament_python.build:Building ROS package in '/home/robot1/ros2_ws/src/gotoxy' with build type 'ament_python'
[7.039s] Level 1:colcon.colcon_core.shell:create_environment_hook('gotoxy', 'ament_prefix_path')
[7.114s] INFO:colcon.colcon_core.plugin_system:Skipping extension 'colcon_core.shell.bat': Not used on non-Windows systems
[7.114s] INFO:colcon.colcon_core.shell:Creating environment hook '/home/robot1/ros2_ws/src/install/gotoxy/share/gotoxy/hook/ament_prefix_path.ps1'
[7.117s] INFO:colcon.colcon_core.shell:Creating environment descriptor '/home/robot1/ros2_ws/src/install/gotoxy/share/gotoxy/hook/ament_prefix_path.dsv'
[7.119s] INFO:colcon.colcon_core.shell:Creating environment hook '/home/robot1/ros2_ws/src/install/gotoxy/share/gotoxy/hook/ament_prefix_path.sh'
[7.184s] INFO:colcon.colcon_core.shell:Skip shell extension 'powershell' for command environment: Not usable outside of PowerShell
[7.185s] DEBUG:colcon.colcon_core.shell:Skip shell extension 'dsv' for command environment
[7.384s] WARNING:colcon.colcon_core.shell:The following packages are in the workspace but haven't been built:
- gotoxy_interface
They are being used from the following locations instead:
- /home/robot1/ros2_ws/install/gotoxy_interface
To suppress this warning ignore these packages in the workspace:
--packages-ignore gotoxy_interface
[7.503s] DEBUG:colcon.colcon_parallel_executor.executor.parallel:run_until_complete was interrupted
[7.504s] DEBUG:colcon.colcon_parallel_executor.executor.parallel:run_until_complete again
[7.505s] DEBUG:colcon.colcon_parallel_executor.executor.parallel:run_until_complete finished
[7.505s] DEBUG:colcon.colcon_parallel_executor.executor.parallel:closing loop
[7.505s] DEBUG:colcon.colcon_parallel_executor.executor.parallel:loop closed
[7.506s] DEBUG:colcon.colcon_core.event_reactor:joining thread
[7.590s] INFO:colcon.colcon_core.plugin_system:Skipping extension 'colcon_notification.desktop_notification.terminal_notifier': Not used on non-Darwin systems
[7.590s] INFO:colcon.colcon_core.plugin_system:Skipping extension 'colcon_notification.desktop_notification.win32': Not used on non-Windows systems
[7.591s] INFO:colcon.colcon_notification.desktop_notification:Sending desktop notification using 'notify2'
[7.626s] DEBUG:colcon.colcon_core.event_reactor:joined thread
[7.688s] INFO:colcon.colcon_core.shell:Creating prefix script '/home/robot1/ros2_ws/src/install/local_setup.ps1'
[7.691s] INFO:colcon.colcon_core.shell:Creating prefix util module '/home/robot1/ros2_ws/src/install/_local_setup_util_ps1.py'
[7.697s] INFO:colcon.colcon_core.shell:Creating prefix chain script '/home/robot1/ros2_ws/src/install/setup.ps1'
[7.763s] INFO:colcon.colcon_core.shell:Creating prefix script '/home/robot1/ros2_ws/src/install/local_setup.sh'
[7.766s] INFO:colcon.colcon_core.shell:Creating prefix util module '/home/robot1/ros2_ws/src/install/_local_setup_util_sh.py'
[7.768s] INFO:colcon.colcon_core.shell:Creating prefix chain script '/home/robot1/ros2_ws/src/install/setup.sh'
[7.835s] INFO:colcon.colcon_core.shell:Creating prefix script '/home/robot1/ros2_ws/src/install/local_setup.bash'
[7.837s] INFO:colcon.colcon_core.shell:Creating prefix chain script '/home/robot1/ros2_ws/src/install/setup.bash'
[7.906s] INFO:colcon.colcon_core.shell:Creating prefix script '/home/robot1/ros2_ws/src/install/local_setup.zsh'
[7.908s] INFO:colcon.colcon_core.shell:Creating prefix chain script '/home/robot1/ros2_ws/src/install/setup.zsh'
