[3.329s] Invoking command in '/home/robot1/ros2_ws/src/py_motor_raw_pwm': AMENT_PREFIX_PATH=/home/robot1/ros2_ws/src/install/pwm_interface:${AMENT_PREFIX_PATH} CMAKE_PREFIX_PATH=/home/robot1/ros2_ws/src/install/pwm_interface:${CMAKE_PREFIX_PATH} LD_LIBRARY_PATH=/home/robot1/ros2_ws/src/install/pwm_interface/lib:${LD_LIBRARY_PATH} PYTHONPATH=/home/robot1/ros2_ws/src/build/py_motor_raw_pwm/prefix_override:/home/robot1/ros2_ws/src/install/py_motor_raw_pwm/lib/python3.10/site-packages:/home/robot1/ros2_ws/src/install/pwm_interface/local/lib/python3.10/dist-packages:${PYTHONPATH} /usr/bin/python3 setup.py egg_info --egg-base ../build/py_motor_raw_pwm build --build-base /home/robot1/ros2_ws/src/build/py_motor_raw_pwm/build install --record /home/robot1/ros2_ws/src/build/py_motor_raw_pwm/install.log --single-version-externally-managed
[4.441s] running egg_info
[4.444s] writing ../build/py_motor_raw_pwm/py_motor_raw_pwm.egg-info/PKG-INFO
[4.445s] writing dependency_links to ../build/py_motor_raw_pwm/py_motor_raw_pwm.egg-info/dependency_links.txt
[4.446s] writing entry points to ../build/py_motor_raw_pwm/py_motor_raw_pwm.egg-info/entry_points.txt
[4.447s] writing requirements to ../build/py_motor_raw_pwm/py_motor_raw_pwm.egg-info/requires.txt
[4.447s] writing top-level names to ../build/py_motor_raw_pwm/py_motor_raw_pwm.egg-info/top_level.txt
[4.455s] reading manifest file '../build/py_motor_raw_pwm/py_motor_raw_pwm.egg-info/SOURCES.txt'
[4.459s] writing manifest file '../build/py_motor_raw_pwm/py_motor_raw_pwm.egg-info/SOURCES.txt'
[4.459s] running build
[4.459s] running build_py
[4.460s] copying py_motor_raw_pwm/service_member_function.py -> /home/robot1/ros2_ws/src/build/py_motor_raw_pwm/build/lib/py_motor_raw_pwm
[4.462s] running install
[4.462s] /usr/lib/python3/dist-packages/setuptools/command/install.py:34: SetuptoolsDeprecationWarning: setup.py install is deprecated. Use build and pip and other standards-based tools.
[4.463s]   warnings.warn(
[4.463s] running install_lib
[4.467s] copying /home/robot1/ros2_ws/src/build/py_motor_raw_pwm/build/lib/py_motor_raw_pwm/service_member_function.py -> /home/robot1/ros2_ws/src/install/py_motor_raw_pwm/lib/python3.10/site-packages/py_motor_raw_pwm
[4.470s] byte-compiling /home/robot1/ros2_ws/src/install/py_motor_raw_pwm/lib/python3.10/site-packages/py_motor_raw_pwm/service_member_function.py to service_member_function.cpython-310.pyc
[4.473s] running install_data
[4.476s] running install_egg_info
[4.483s] removing '/home/robot1/ros2_ws/src/install/py_motor_raw_pwm/lib/python3.10/site-packages/py_motor_raw_pwm-0.0.0-py3.10.egg-info' (and everything under it)
[4.484s] Copying ../build/py_motor_raw_pwm/py_motor_raw_pwm.egg-info to /home/robot1/ros2_ws/src/install/py_motor_raw_pwm/lib/python3.10/site-packages/py_motor_raw_pwm-0.0.0-py3.10.egg-info
[4.489s] running install_scripts
[4.573s] Installing SetSpeed script to /home/robot1/ros2_ws/src/install/py_motor_raw_pwm/lib/py_motor_raw_pwm
[4.574s] Installing SpeedSetter script to /home/robot1/ros2_ws/src/install/py_motor_raw_pwm/lib/py_motor_raw_pwm
[4.576s] writing list of installed files to '/home/robot1/ros2_ws/src/build/py_motor_raw_pwm/install.log'
[4.688s] Invoked command in '/home/robot1/ros2_ws/src/py_motor_raw_pwm' returned '0': AMENT_PREFIX_PATH=/home/robot1/ros2_ws/src/install/pwm_interface:${AMENT_PREFIX_PATH} CMAKE_PREFIX_PATH=/home/robot1/ros2_ws/src/install/pwm_interface:${CMAKE_PREFIX_PATH} LD_LIBRARY_PATH=/home/robot1/ros2_ws/src/install/pwm_interface/lib:${LD_LIBRARY_PATH} PYTHONPATH=/home/robot1/ros2_ws/src/build/py_motor_raw_pwm/prefix_override:/home/robot1/ros2_ws/src/install/py_motor_raw_pwm/lib/python3.10/site-packages:/home/robot1/ros2_ws/src/install/pwm_interface/local/lib/python3.10/dist-packages:${PYTHONPATH} /usr/bin/python3 setup.py egg_info --egg-base ../build/py_motor_raw_pwm build --build-base /home/robot1/ros2_ws/src/build/py_motor_raw_pwm/build install --record /home/robot1/ros2_ws/src/build/py_motor_raw_pwm/install.log --single-version-externally-managed
