[0.400s] Invoking command in '/home/robot1/ros2_ws/src/build/robot_pos_interface': CMAKE_PREFIX_PATH=${CMAKE_PREFIX_PATH}:/home/robot1/ros2_ws/install/py_ping:/home/robot1/ros2_ws/install/position_updater:/home/robot1/ros2_ws/install/map_viewer:/home/robot1/ros2_ws/install/map_updater:/opt/ros/humble /usr/bin/cmake /home/robot1/ros2_ws/src/robot_pos_interface -DCMAKE_INSTALL_PREFIX=/home/robot1/ros2_ws/src/install/robot_pos_interface
[0.672s] -- The C compiler identification is GNU 11.4.0
[0.943s] -- The CXX compiler identification is GNU 11.4.0
[0.973s] -- Detecting C compiler ABI info
[1.309s] -- Detecting C compiler ABI info - done
[1.334s] -- Check for working C compiler: /usr/bin/cc - skipped
[1.335s] -- Detecting C compile features
[1.336s] -- Detecting C compile features - done
[1.349s] -- Detecting CXX compiler ABI info
[1.703s] -- Detecting CXX compiler ABI info - done
[1.740s] -- Check for working CXX compiler: /usr/bin/c++ - skipped
[1.740s] -- Detecting CXX compile features
[1.740s] -- Detecting CXX compile features - done
[1.773s] -- Found ament_cmake: 1.3.6 (/opt/ros/humble/share/ament_cmake/cmake)
[2.841s] -- Found Python3: /usr/bin/python3.10 (found version "3.10.12") found components: Interpreter 
[3.577s] -- Found rosidl_default_generators: 1.2.0 (/opt/ros/humble/share/rosidl_default_generators/cmake)
[3.622s] -- Using all available rosidl_typesupport_c: rosidl_typesupport_fastrtps_c;rosidl_typesupport_introspection_c
[3.723s] -- Found rosidl_adapter: 3.1.5 (/opt/ros/humble/share/rosidl_adapter/cmake)
[4.275s] -- Using all available rosidl_typesupport_cpp: rosidl_typesupport_fastrtps_cpp;rosidl_typesupport_introspection_cpp
[4.623s] -- Found ament_lint_auto: 0.12.9 (/opt/ros/humble/share/ament_lint_auto/cmake)
[5.805s] [31mCMake Error at /opt/ros/humble/share/rosidl_cmake/cmake/rosidl_generate_interfaces.cmake:229 (message):
[5.805s]   Packages installing interfaces must include
[5.806s]   '<member_of_group>rosidl_interface_packages</member_of_group>' in their
[5.807s]   package.xml
[5.807s] Call Stack (most recent call first):
[5.808s]   CMakeLists.txt:27 (rosidl_generate_interfaces)
[5.808s] 
[5.809s] [0m
[5.809s] -- Configuring incomplete, errors occurred!
[5.810s] See also "/home/robot1/ros2_ws/src/build/robot_pos_interface/CMakeFiles/CMakeOutput.log".
[5.840s] Invoked command in '/home/robot1/ros2_ws/src/build/robot_pos_interface' returned '1': CMAKE_PREFIX_PATH=${CMAKE_PREFIX_PATH}:/home/robot1/ros2_ws/install/py_ping:/home/robot1/ros2_ws/install/position_updater:/home/robot1/ros2_ws/install/map_viewer:/home/robot1/ros2_ws/install/map_updater:/opt/ros/humble /usr/bin/cmake /home/robot1/ros2_ws/src/robot_pos_interface -DCMAKE_INSTALL_PREFIX=/home/robot1/ros2_ws/src/install/robot_pos_interface
