[0.292s] Invoking command in '/home/robot1/ros2_ws/src/build/pwm_interface': CMAKE_PREFIX_PATH=${CMAKE_PREFIX_PATH}:/home/robot1/ros2_ws/install/robot_positions:/home/robot1/ros2_ws/install/py_ping:/home/robot1/ros2_ws/install/py_motor_raw_pwm:/home/robot1/ros2_ws/install/map_viewer:/home/robot1/ros2_ws/install/map_updater:/home/robot1/ros2_ws/install/gotoxy:/opt/ros/humble /usr/bin/cmake /home/robot1/ros2_ws/src/pwm_interface -DCMAKE_INSTALL_PREFIX=/home/robot1/ros2_ws/src/install/pwm_interface
[1.358s] -- The C compiler identification is GNU 11.4.0
[2.069s] -- The CXX compiler identification is GNU 11.4.0
[2.115s] -- Detecting C compiler ABI info
[2.498s] -- Detecting C compiler ABI info - done
[2.524s] -- Check for working C compiler: /usr/bin/cc - skipped
[2.526s] -- Detecting C compile features
[2.529s] -- Detecting C compile features - done
[2.544s] -- Detecting CXX compiler ABI info
[2.924s] -- Detecting CXX compiler ABI info - done
[2.952s] -- Check for working CXX compiler: /usr/bin/c++ - skipped
[2.953s] -- Detecting CXX compile features
[2.955s] -- Detecting CXX compile features - done
[3.008s] -- Found ament_cmake: 1.3.6 (/opt/ros/humble/share/ament_cmake/cmake)
[3.999s] -- Found Python3: /usr/bin/python3.10 (found version "3.10.12") found components: Interpreter 
[4.817s] -- Found rosidl_default_generators: 1.2.0 (/opt/ros/humble/share/rosidl_default_generators/cmake)
[4.865s] -- Using all available rosidl_typesupport_c: rosidl_typesupport_fastrtps_c;rosidl_typesupport_introspection_c
[4.975s] -- Found rosidl_adapter: 3.1.5 (/opt/ros/humble/share/rosidl_adapter/cmake)
[5.467s] -- Using all available rosidl_typesupport_cpp: rosidl_typesupport_fastrtps_cpp;rosidl_typesupport_introspection_cpp
[7.071s] -- Found ament_cmake_ros: 0.10.0 (/opt/ros/humble/share/ament_cmake_ros/cmake)
[8.085s] -- Using all available rosidl_typesupport_c: rosidl_typesupport_fastrtps_c;rosidl_typesupport_introspection_c
[9.281s] -- Using all available rosidl_typesupport_cpp: rosidl_typesupport_fastrtps_cpp;rosidl_typesupport_introspection_cpp
[9.406s] -- Found PythonInterp: /usr/bin/python3 (found suitable version "3.10.12", minimum required is "3.6") 
[9.437s] -- Found python_cmake_module: 0.10.0 (/opt/ros/humble/share/python_cmake_module/cmake)
[9.586s] -- Found PythonLibs: /usr/lib/aarch64-linux-gnu/libpython3.10.so (found suitable version "3.10.12", minimum required is "3.5") 
[9.587s] -- Using PYTHON_EXECUTABLE: /usr/bin/python3
[9.587s] -- Using PYTHON_INCLUDE_DIRS: /usr/include/python3.10
[9.588s] -- Using PYTHON_LIBRARIES: /usr/lib/aarch64-linux-gnu/libpython3.10.so
[9.704s] -- Found PythonExtra: .so  
[9.912s] -- Found ament_lint_auto: 0.12.9 (/opt/ros/humble/share/ament_lint_auto/cmake)
[10.206s] -- Added test 'lint_cmake' to check CMake code style
[10.220s] -- Added test 'xmllint' to check XML markup files
[10.241s] -- Configuring done
[10.392s] -- Generating done
[10.404s] -- Build files have been written to: /home/robot1/ros2_ws/src/build/pwm_interface
[10.425s] Invoked command in '/home/robot1/ros2_ws/src/build/pwm_interface' returned '0': CMAKE_PREFIX_PATH=${CMAKE_PREFIX_PATH}:/home/robot1/ros2_ws/install/robot_positions:/home/robot1/ros2_ws/install/py_ping:/home/robot1/ros2_ws/install/py_motor_raw_pwm:/home/robot1/ros2_ws/install/map_viewer:/home/robot1/ros2_ws/install/map_updater:/home/robot1/ros2_ws/install/gotoxy:/opt/ros/humble /usr/bin/cmake /home/robot1/ros2_ws/src/pwm_interface -DCMAKE_INSTALL_PREFIX=/home/robot1/ros2_ws/src/install/pwm_interface
[10.434s] Invoking command in '/home/robot1/ros2_ws/src/build/pwm_interface': CMAKE_PREFIX_PATH=${CMAKE_PREFIX_PATH}:/home/robot1/ros2_ws/install/robot_positions:/home/robot1/ros2_ws/install/py_ping:/home/robot1/ros2_ws/install/py_motor_raw_pwm:/home/robot1/ros2_ws/install/map_viewer:/home/robot1/ros2_ws/install/map_updater:/home/robot1/ros2_ws/install/gotoxy:/opt/ros/humble /usr/bin/cmake --build /home/robot1/ros2_ws/src/build/pwm_interface -- -j4 -l4
[10.616s] [  3%] [34m[1mGenerating C code for ROS interfaces[0m
[10.663s] [  6%] [34m[1mGenerating C++ code for ROS interfaces[0m
[10.709s] [  6%] Built target ament_cmake_python_copy_pwm_interface
[12.096s] [  9%] [32mBuilding C object CMakeFiles/pwm_interface__rosidl_generator_c.dir/rosidl_generator_c/pwm_interface/srv/detail/set_speeds__functions.c.o[0m
[12.138s] [  9%] Built target pwm_interface__cpp
[12.194s] [ 12%] [34m[1mGenerating C++ type support for eProsima Fast-RTPS[0m
[12.199s] [ 16%] [34m[1mGenerating C++ introspection for ROS interfaces[0m
[12.326s] running egg_info
[12.331s] creating pwm_interface.egg-info
[12.333s] writing pwm_interface.egg-info/PKG-INFO
[12.335s] writing dependency_links to pwm_interface.egg-info/dependency_links.txt
[12.337s] writing top-level names to pwm_interface.egg-info/top_level.txt
[12.340s] writing manifest file 'pwm_interface.egg-info/SOURCES.txt'
[12.351s] reading manifest file 'pwm_interface.egg-info/SOURCES.txt'
[12.355s] writing manifest file 'pwm_interface.egg-info/SOURCES.txt'
[12.557s] [ 16%] Built target ament_cmake_python_build_pwm_interface_egg
[12.616s] [ 19%] [34m[1mGenerating C++ type support dispatch for ROS interfaces[0m
[12.644s] [ 22%] [32m[1mLinking C shared library libpwm_interface__rosidl_generator_c.so[0m
[12.863s] [ 22%] Built target pwm_interface__rosidl_generator_c
[12.923s] [ 25%] [34m[1mGenerating C type support for eProsima Fast-RTPS[0m
[13.663s] [ 29%] [32mBuilding CXX object CMakeFiles/pwm_interface__rosidl_typesupport_introspection_cpp.dir/rosidl_typesupport_introspection_cpp/pwm_interface/srv/detail/set_speeds__type_support.cpp.o[0m
[13.765s] [ 32%] [32mBuilding CXX object CMakeFiles/pwm_interface__rosidl_typesupport_fastrtps_cpp.dir/rosidl_typesupport_fastrtps_cpp/pwm_interface/srv/detail/dds_fastrtps/set_speeds__type_support.cpp.o[0m
[13.996s] [ 35%] [32mBuilding CXX object CMakeFiles/pwm_interface__rosidl_typesupport_cpp.dir/rosidl_typesupport_cpp/pwm_interface/srv/set_speeds__type_support.cpp.o[0m
[14.478s] [ 38%] [32mBuilding CXX object CMakeFiles/pwm_interface__rosidl_typesupport_fastrtps_c.dir/rosidl_typesupport_fastrtps_c/pwm_interface/srv/detail/set_speeds__type_support_c.cpp.o[0m
[15.693s] [ 41%] [32m[1mLinking CXX shared library libpwm_interface__rosidl_typesupport_cpp.so[0m
[15.958s] [ 41%] Built target pwm_interface__rosidl_typesupport_cpp
[16.029s] [ 45%] [34m[1mGenerating C introspection for ROS interfaces[0m
[16.344s] [ 48%] [32m[1mLinking CXX shared library libpwm_interface__rosidl_typesupport_introspection_cpp.so[0m
[16.572s] [ 48%] Built target pwm_interface__rosidl_typesupport_introspection_cpp
[16.630s] [ 51%] [34m[1mGenerating C type support dispatch for ROS interfaces[0m
[16.681s] [ 54%] [32m[1mLinking CXX shared library libpwm_interface__rosidl_typesupport_fastrtps_cpp.so[0m
[16.773s] [ 58%] [32m[1mLinking CXX shared library libpwm_interface__rosidl_typesupport_fastrtps_c.so[0m
[17.198s] [ 58%] Built target pwm_interface__rosidl_typesupport_fastrtps_cpp
[17.206s] [ 58%] Built target pwm_interface__rosidl_typesupport_fastrtps_c
[17.575s] [ 61%] [32mBuilding C object CMakeFiles/pwm_interface__rosidl_typesupport_introspection_c.dir/rosidl_typesupport_introspection_c/pwm_interface/srv/detail/set_speeds__type_support.c.o[0m
[17.790s] [ 64%] [32m[1mLinking C shared library libpwm_interface__rosidl_typesupport_introspection_c.so[0m
[17.899s] [ 67%] [32mBuilding CXX object CMakeFiles/pwm_interface__rosidl_typesupport_c.dir/rosidl_typesupport_c/pwm_interface/srv/set_speeds__type_support.cpp.o[0m
[17.927s] [ 67%] Built target pwm_interface__rosidl_typesupport_introspection_c
[18.056s] [ 70%] [32m[1mLinking CXX shared library libpwm_interface__rosidl_typesupport_c.so[0m
[18.222s] [ 70%] Built target pwm_interface__rosidl_typesupport_c
[18.317s] [ 70%] Built target pwm_interface
[18.416s] [ 74%] [34m[1mGenerating Python code for ROS interfaces[0m
[19.944s] [ 74%] Built target pwm_interface__py
[20.037s] [ 77%] [32mBuilding C object CMakeFiles/pwm_interface__rosidl_generator_py.dir/rosidl_generator_py/pwm_interface/srv/_set_speeds_s.c.o[0m
[20.639s] [ 80%] [32m[1mLinking C shared library rosidl_generator_py/pwm_interface/libpwm_interface__rosidl_generator_py.so[0m
[20.821s] [ 80%] Built target pwm_interface__rosidl_generator_py
[20.919s] [ 83%] [32mBuilding C object CMakeFiles/pwm_interface__rosidl_typesupport_fastrtps_c__pyext.dir/rosidl_generator_py/pwm_interface/_pwm_interface_s.ep.rosidl_typesupport_fastrtps_c.c.o[0m
[20.925s] [ 87%] [32mBuilding C object CMakeFiles/pwm_interface__rosidl_typesupport_introspection_c__pyext.dir/rosidl_generator_py/pwm_interface/_pwm_interface_s.ep.rosidl_typesupport_introspection_c.c.o[0m
[20.929s] [ 90%] [32mBuilding C object CMakeFiles/pwm_interface__rosidl_typesupport_c__pyext.dir/rosidl_generator_py/pwm_interface/_pwm_interface_s.ep.rosidl_typesupport_c.c.o[0m
[21.411s] [ 96%] [32m[1mLinking C shared library rosidl_generator_py/pwm_interface/pwm_interface_s__rosidl_typesupport_c.cpython-310-aarch64-linux-gnu.so[0m
[21.412s] [ 96%] [32m[1mLinking C shared library rosidl_generator_py/pwm_interface/pwm_interface_s__rosidl_typesupport_introspection_c.cpython-310-aarch64-linux-gnu.so[0m
[21.442s] [100%] [32m[1mLinking C shared library rosidl_generator_py/pwm_interface/pwm_interface_s__rosidl_typesupport_fastrtps_c.cpython-310-aarch64-linux-gnu.so[0m
[21.590s] [100%] Built target pwm_interface__rosidl_typesupport_c__pyext
[21.614s] [100%] Built target pwm_interface__rosidl_typesupport_introspection_c__pyext
[21.643s] [100%] Built target pwm_interface__rosidl_typesupport_fastrtps_c__pyext
[21.687s] Invoked command in '/home/robot1/ros2_ws/src/build/pwm_interface' returned '0': CMAKE_PREFIX_PATH=${CMAKE_PREFIX_PATH}:/home/robot1/ros2_ws/install/robot_positions:/home/robot1/ros2_ws/install/py_ping:/home/robot1/ros2_ws/install/py_motor_raw_pwm:/home/robot1/ros2_ws/install/map_viewer:/home/robot1/ros2_ws/install/map_updater:/home/robot1/ros2_ws/install/gotoxy:/opt/ros/humble /usr/bin/cmake --build /home/robot1/ros2_ws/src/build/pwm_interface -- -j4 -l4
[22.108s] Invoking command in '/home/robot1/ros2_ws/src/build/pwm_interface': CMAKE_PREFIX_PATH=${CMAKE_PREFIX_PATH}:/home/robot1/ros2_ws/install/robot_positions:/home/robot1/ros2_ws/install/py_ping:/home/robot1/ros2_ws/install/py_motor_raw_pwm:/home/robot1/ros2_ws/install/map_viewer:/home/robot1/ros2_ws/install/map_updater:/home/robot1/ros2_ws/install/gotoxy:/opt/ros/humble /usr/bin/cmake --install /home/robot1/ros2_ws/src/build/pwm_interface
[22.140s] -- Install configuration: ""
[22.141s] -- Installing: /home/robot1/ros2_ws/src/install/pwm_interface/share/ament_index/resource_index/rosidl_interfaces/pwm_interface
[22.143s] -- Installing: /home/robot1/ros2_ws/src/install/pwm_interface/include/pwm_interface/pwm_interface
[22.143s] -- Installing: /home/robot1/ros2_ws/src/install/pwm_interface/include/pwm_interface/pwm_interface/msg
[22.144s] -- Installing: /home/robot1/ros2_ws/src/install/pwm_interface/include/pwm_interface/pwm_interface/msg/rosidl_generator_c__visibility_control.h
[22.145s] -- Installing: /home/robot1/ros2_ws/src/install/pwm_interface/include/pwm_interface/pwm_interface/srv
[22.146s] -- Installing: /home/robot1/ros2_ws/src/install/pwm_interface/include/pwm_interface/pwm_interface/srv/detail
[22.147s] -- Installing: /home/robot1/ros2_ws/src/install/pwm_interface/include/pwm_interface/pwm_interface/srv/detail/set_speeds__functions.h
[22.148s] -- Installing: /home/robot1/ros2_ws/src/install/pwm_interface/include/pwm_interface/pwm_interface/srv/detail/set_speeds__functions.c
[22.149s] -- Installing: /home/robot1/ros2_ws/src/install/pwm_interface/include/pwm_interface/pwm_interface/srv/detail/set_speeds__struct.h
[22.150s] -- Installing: /home/robot1/ros2_ws/src/install/pwm_interface/include/pwm_interface/pwm_interface/srv/detail/set_speeds__type_support.h
[22.151s] -- Installing: /home/robot1/ros2_ws/src/install/pwm_interface/include/pwm_interface/pwm_interface/srv/set_speeds.h
[22.152s] -- Installing: /home/robot1/ros2_ws/src/install/pwm_interface/share/pwm_interface/environment/library_path.sh
[22.154s] -- Installing: /home/robot1/ros2_ws/src/install/pwm_interface/share/pwm_interface/environment/library_path.dsv
[22.156s] -- Installing: /home/robot1/ros2_ws/src/install/pwm_interface/lib/libpwm_interface__rosidl_generator_c.so
[22.158s] -- Set runtime path of "/home/robot1/ros2_ws/src/install/pwm_interface/lib/libpwm_interface__rosidl_generator_c.so" to ""
[22.159s] -- Up-to-date: /home/robot1/ros2_ws/src/install/pwm_interface/include/pwm_interface/pwm_interface
[22.159s] -- Up-to-date: /home/robot1/ros2_ws/src/install/pwm_interface/include/pwm_interface/pwm_interface/msg
[22.159s] -- Installing: /home/robot1/ros2_ws/src/install/pwm_interface/include/pwm_interface/pwm_interface/msg/rosidl_typesupport_fastrtps_c__visibility_control.h
[22.160s] -- Up-to-date: /home/robot1/ros2_ws/src/install/pwm_interface/include/pwm_interface/pwm_interface/srv
[22.161s] -- Up-to-date: /home/robot1/ros2_ws/src/install/pwm_interface/include/pwm_interface/pwm_interface/srv/detail
[22.161s] -- Installing: /home/robot1/ros2_ws/src/install/pwm_interface/include/pwm_interface/pwm_interface/srv/detail/set_speeds__rosidl_typesupport_fastrtps_c.h
[22.163s] -- Installing: /home/robot1/ros2_ws/src/install/pwm_interface/lib/libpwm_interface__rosidl_typesupport_fastrtps_c.so
[22.165s] -- Set runtime path of "/home/robot1/ros2_ws/src/install/pwm_interface/lib/libpwm_interface__rosidl_typesupport_fastrtps_c.so" to ""
[22.166s] -- Up-to-date: /home/robot1/ros2_ws/src/install/pwm_interface/include/pwm_interface/pwm_interface
[22.166s] -- Up-to-date: /home/robot1/ros2_ws/src/install/pwm_interface/include/pwm_interface/pwm_interface/msg
[22.166s] -- Installing: /home/robot1/ros2_ws/src/install/pwm_interface/include/pwm_interface/pwm_interface/msg/rosidl_typesupport_introspection_c__visibility_control.h
[22.167s] -- Up-to-date: /home/robot1/ros2_ws/src/install/pwm_interface/include/pwm_interface/pwm_interface/srv
[22.168s] -- Up-to-date: /home/robot1/ros2_ws/src/install/pwm_interface/include/pwm_interface/pwm_interface/srv/detail
[22.168s] -- Installing: /home/robot1/ros2_ws/src/install/pwm_interface/include/pwm_interface/pwm_interface/srv/detail/set_speeds__rosidl_typesupport_introspection_c.h
[22.170s] -- Installing: /home/robot1/ros2_ws/src/install/pwm_interface/include/pwm_interface/pwm_interface/srv/detail/set_speeds__type_support.c
[22.171s] -- Installing: /home/robot1/ros2_ws/src/install/pwm_interface/lib/libpwm_interface__rosidl_typesupport_introspection_c.so
[22.174s] -- Set runtime path of "/home/robot1/ros2_ws/src/install/pwm_interface/lib/libpwm_interface__rosidl_typesupport_introspection_c.so" to ""
[22.174s] -- Installing: /home/robot1/ros2_ws/src/install/pwm_interface/lib/libpwm_interface__rosidl_typesupport_c.so
[22.176s] -- Set runtime path of "/home/robot1/ros2_ws/src/install/pwm_interface/lib/libpwm_interface__rosidl_typesupport_c.so" to ""
[22.177s] -- Up-to-date: /home/robot1/ros2_ws/src/install/pwm_interface/include/pwm_interface/pwm_interface
[22.177s] -- Up-to-date: /home/robot1/ros2_ws/src/install/pwm_interface/include/pwm_interface/pwm_interface/srv
[22.177s] -- Up-to-date: /home/robot1/ros2_ws/src/install/pwm_interface/include/pwm_interface/pwm_interface/srv/detail
[22.178s] -- Installing: /home/robot1/ros2_ws/src/install/pwm_interface/include/pwm_interface/pwm_interface/srv/detail/set_speeds__struct.hpp
[22.179s] -- Installing: /home/robot1/ros2_ws/src/install/pwm_interface/include/pwm_interface/pwm_interface/srv/detail/set_speeds__traits.hpp
[22.180s] -- Installing: /home/robot1/ros2_ws/src/install/pwm_interface/include/pwm_interface/pwm_interface/srv/detail/set_speeds__builder.hpp
[22.181s] -- Installing: /home/robot1/ros2_ws/src/install/pwm_interface/include/pwm_interface/pwm_interface/srv/set_speeds.hpp
[22.182s] -- Up-to-date: /home/robot1/ros2_ws/src/install/pwm_interface/include/pwm_interface/pwm_interface
[22.182s] -- Up-to-date: /home/robot1/ros2_ws/src/install/pwm_interface/include/pwm_interface/pwm_interface/msg
[22.183s] -- Installing: /home/robot1/ros2_ws/src/install/pwm_interface/include/pwm_interface/pwm_interface/msg/rosidl_typesupport_fastrtps_cpp__visibility_control.h
[22.184s] -- Up-to-date: /home/robot1/ros2_ws/src/install/pwm_interface/include/pwm_interface/pwm_interface/srv
[22.184s] -- Up-to-date: /home/robot1/ros2_ws/src/install/pwm_interface/include/pwm_interface/pwm_interface/srv/detail
[22.185s] -- Installing: /home/robot1/ros2_ws/src/install/pwm_interface/include/pwm_interface/pwm_interface/srv/detail/set_speeds__rosidl_typesupport_fastrtps_cpp.hpp
[22.186s] -- Installing: /home/robot1/ros2_ws/src/install/pwm_interface/include/pwm_interface/pwm_interface/srv/detail/dds_fastrtps
[22.187s] -- Installing: /home/robot1/ros2_ws/src/install/pwm_interface/lib/libpwm_interface__rosidl_typesupport_fastrtps_cpp.so
[22.189s] -- Set runtime path of "/home/robot1/ros2_ws/src/install/pwm_interface/lib/libpwm_interface__rosidl_typesupport_fastrtps_cpp.so" to ""
[22.190s] -- Up-to-date: /home/robot1/ros2_ws/src/install/pwm_interface/include/pwm_interface/pwm_interface
[22.190s] -- Up-to-date: /home/robot1/ros2_ws/src/install/pwm_interface/include/pwm_interface/pwm_interface/srv
[22.190s] -- Up-to-date: /home/robot1/ros2_ws/src/install/pwm_interface/include/pwm_interface/pwm_interface/srv/detail
[22.191s] -- Installing: /home/robot1/ros2_ws/src/install/pwm_interface/include/pwm_interface/pwm_interface/srv/detail/set_speeds__type_support.cpp
[22.192s] -- Installing: /home/robot1/ros2_ws/src/install/pwm_interface/include/pwm_interface/pwm_interface/srv/detail/set_speeds__rosidl_typesupport_introspection_cpp.hpp
[22.193s] -- Installing: /home/robot1/ros2_ws/src/install/pwm_interface/lib/libpwm_interface__rosidl_typesupport_introspection_cpp.so
[22.196s] -- Set runtime path of "/home/robot1/ros2_ws/src/install/pwm_interface/lib/libpwm_interface__rosidl_typesupport_introspection_cpp.so" to ""
[22.196s] -- Installing: /home/robot1/ros2_ws/src/install/pwm_interface/lib/libpwm_interface__rosidl_typesupport_cpp.so
[22.198s] -- Set runtime path of "/home/robot1/ros2_ws/src/install/pwm_interface/lib/libpwm_interface__rosidl_typesupport_cpp.so" to ""
[22.199s] -- Installing: /home/robot1/ros2_ws/src/install/pwm_interface/share/pwm_interface/environment/pythonpath.sh
[22.200s] -- Installing: /home/robot1/ros2_ws/src/install/pwm_interface/share/pwm_interface/environment/pythonpath.dsv
[22.201s] -- Installing: /home/robot1/ros2_ws/src/install/pwm_interface/local/lib/python3.10/dist-packages/pwm_interface-0.0.0-py3.10.egg-info
[22.202s] -- Installing: /home/robot1/ros2_ws/src/install/pwm_interface/local/lib/python3.10/dist-packages/pwm_interface-0.0.0-py3.10.egg-info/dependency_links.txt
[22.203s] -- Installing: /home/robot1/ros2_ws/src/install/pwm_interface/local/lib/python3.10/dist-packages/pwm_interface-0.0.0-py3.10.egg-info/SOURCES.txt
[22.204s] -- Installing: /home/robot1/ros2_ws/src/install/pwm_interface/local/lib/python3.10/dist-packages/pwm_interface-0.0.0-py3.10.egg-info/top_level.txt
[22.205s] -- Installing: /home/robot1/ros2_ws/src/install/pwm_interface/local/lib/python3.10/dist-packages/pwm_interface-0.0.0-py3.10.egg-info/PKG-INFO
[22.206s] -- Installing: /home/robot1/ros2_ws/src/install/pwm_interface/local/lib/python3.10/dist-packages/pwm_interface
[22.207s] -- Installing: /home/robot1/ros2_ws/src/install/pwm_interface/local/lib/python3.10/dist-packages/pwm_interface/pwm_interface_s__rosidl_typesupport_fastrtps_c.cpython-310-aarch64-linux-gnu.so
[22.208s] -- Installing: /home/robot1/ros2_ws/src/install/pwm_interface/local/lib/python3.10/dist-packages/pwm_interface/srv
[22.209s] -- Installing: /home/robot1/ros2_ws/src/install/pwm_interface/local/lib/python3.10/dist-packages/pwm_interface/srv/_set_speeds.py
[22.210s] -- Installing: /home/robot1/ros2_ws/src/install/pwm_interface/local/lib/python3.10/dist-packages/pwm_interface/srv/__init__.py
[22.211s] -- Installing: /home/robot1/ros2_ws/src/install/pwm_interface/local/lib/python3.10/dist-packages/pwm_interface/srv/_set_speeds_s.c
[22.212s] -- Installing: /home/robot1/ros2_ws/src/install/pwm_interface/local/lib/python3.10/dist-packages/pwm_interface/pwm_interface_s__rosidl_typesupport_introspection_c.cpython-310-aarch64-linux-gnu.so
[22.214s] -- Installing: /home/robot1/ros2_ws/src/install/pwm_interface/local/lib/python3.10/dist-packages/pwm_interface/pwm_interface_s__rosidl_typesupport_c.cpython-310-aarch64-linux-gnu.so
[22.215s] -- Installing: /home/robot1/ros2_ws/src/install/pwm_interface/local/lib/python3.10/dist-packages/pwm_interface/_pwm_interface_s.ep.rosidl_typesupport_c.c
[22.216s] -- Installing: /home/robot1/ros2_ws/src/install/pwm_interface/local/lib/python3.10/dist-packages/pwm_interface/libpwm_interface__rosidl_generator_py.so
[22.218s] -- Installing: /home/robot1/ros2_ws/src/install/pwm_interface/local/lib/python3.10/dist-packages/pwm_interface/_pwm_interface_s.ep.rosidl_typesupport_introspection_c.c
[22.219s] -- Installing: /home/robot1/ros2_ws/src/install/pwm_interface/local/lib/python3.10/dist-packages/pwm_interface/__init__.py
[22.220s] -- Installing: /home/robot1/ros2_ws/src/install/pwm_interface/local/lib/python3.10/dist-packages/pwm_interface/_pwm_interface_s.ep.rosidl_typesupport_fastrtps_c.c
[22.410s] Listing '/home/robot1/ros2_ws/src/install/pwm_interface/local/lib/python3.10/dist-packages/pwm_interface'...
[22.411s] Compiling '/home/robot1/ros2_ws/src/install/pwm_interface/local/lib/python3.10/dist-packages/pwm_interface/__init__.py'...
[22.412s] Listing '/home/robot1/ros2_ws/src/install/pwm_interface/local/lib/python3.10/dist-packages/pwm_interface/srv'...
[22.413s] Compiling '/home/robot1/ros2_ws/src/install/pwm_interface/local/lib/python3.10/dist-packages/pwm_interface/srv/__init__.py'...
[22.414s] Compiling '/home/robot1/ros2_ws/src/install/pwm_interface/local/lib/python3.10/dist-packages/pwm_interface/srv/_set_speeds.py'...
[22.436s] -- Installing: /home/robot1/ros2_ws/src/install/pwm_interface/local/lib/python3.10/dist-packages/pwm_interface/pwm_interface_s__rosidl_typesupport_fastrtps_c.cpython-310-aarch64-linux-gnu.so
[22.439s] -- Set runtime path of "/home/robot1/ros2_ws/src/install/pwm_interface/local/lib/python3.10/dist-packages/pwm_interface/pwm_interface_s__rosidl_typesupport_fastrtps_c.cpython-310-aarch64-linux-gnu.so" to ""
[22.440s] -- Installing: /home/robot1/ros2_ws/src/install/pwm_interface/local/lib/python3.10/dist-packages/pwm_interface/pwm_interface_s__rosidl_typesupport_introspection_c.cpython-310-aarch64-linux-gnu.so
[22.443s] -- Set runtime path of "/home/robot1/ros2_ws/src/install/pwm_interface/local/lib/python3.10/dist-packages/pwm_interface/pwm_interface_s__rosidl_typesupport_introspection_c.cpython-310-aarch64-linux-gnu.so" to ""
[22.444s] -- Installing: /home/robot1/ros2_ws/src/install/pwm_interface/local/lib/python3.10/dist-packages/pwm_interface/pwm_interface_s__rosidl_typesupport_c.cpython-310-aarch64-linux-gnu.so
[22.447s] -- Set runtime path of "/home/robot1/ros2_ws/src/install/pwm_interface/local/lib/python3.10/dist-packages/pwm_interface/pwm_interface_s__rosidl_typesupport_c.cpython-310-aarch64-linux-gnu.so" to ""
[22.448s] -- Installing: /home/robot1/ros2_ws/src/install/pwm_interface/lib/libpwm_interface__rosidl_generator_py.so
[22.450s] -- Set runtime path of "/home/robot1/ros2_ws/src/install/pwm_interface/lib/libpwm_interface__rosidl_generator_py.so" to ""
[22.451s] -- Installing: /home/robot1/ros2_ws/src/install/pwm_interface/share/pwm_interface/srv/SetSpeeds.idl
[22.452s] -- Installing: /home/robot1/ros2_ws/src/install/pwm_interface/share/pwm_interface/srv/SetSpeeds.srv
[22.453s] -- Installing: /home/robot1/ros2_ws/src/install/pwm_interface/share/pwm_interface/srv/SetSpeeds_Request.msg
[22.454s] -- Installing: /home/robot1/ros2_ws/src/install/pwm_interface/share/pwm_interface/srv/SetSpeeds_Response.msg
[22.455s] -- Installing: /home/robot1/ros2_ws/src/install/pwm_interface/share/ament_index/resource_index/package_run_dependencies/pwm_interface
[22.457s] -- Installing: /home/robot1/ros2_ws/src/install/pwm_interface/share/ament_index/resource_index/parent_prefix_path/pwm_interface
[22.458s] -- Installing: /home/robot1/ros2_ws/src/install/pwm_interface/share/pwm_interface/environment/ament_prefix_path.sh
[22.459s] -- Installing: /home/robot1/ros2_ws/src/install/pwm_interface/share/pwm_interface/environment/ament_prefix_path.dsv
[22.460s] -- Installing: /home/robot1/ros2_ws/src/install/pwm_interface/share/pwm_interface/environment/path.sh
[22.461s] -- Installing: /home/robot1/ros2_ws/src/install/pwm_interface/share/pwm_interface/environment/path.dsv
[22.462s] -- Installing: /home/robot1/ros2_ws/src/install/pwm_interface/share/pwm_interface/local_setup.bash
[22.464s] -- Installing: /home/robot1/ros2_ws/src/install/pwm_interface/share/pwm_interface/local_setup.sh
[22.465s] -- Installing: /home/robot1/ros2_ws/src/install/pwm_interface/share/pwm_interface/local_setup.zsh
[22.466s] -- Installing: /home/robot1/ros2_ws/src/install/pwm_interface/share/pwm_interface/local_setup.dsv
[22.467s] -- Installing: /home/robot1/ros2_ws/src/install/pwm_interface/share/pwm_interface/package.dsv
[22.469s] -- Installing: /home/robot1/ros2_ws/src/install/pwm_interface/share/ament_index/resource_index/packages/pwm_interface
[22.471s] -- Installing: /home/robot1/ros2_ws/src/install/pwm_interface/share/pwm_interface/cmake/export_pwm_interface__rosidl_generator_cExport.cmake
[22.472s] -- Installing: /home/robot1/ros2_ws/src/install/pwm_interface/share/pwm_interface/cmake/export_pwm_interface__rosidl_generator_cExport-noconfig.cmake
[22.473s] -- Installing: /home/robot1/ros2_ws/src/install/pwm_interface/share/pwm_interface/cmake/export_pwm_interface__rosidl_typesupport_fastrtps_cExport.cmake
[22.475s] -- Installing: /home/robot1/ros2_ws/src/install/pwm_interface/share/pwm_interface/cmake/export_pwm_interface__rosidl_typesupport_fastrtps_cExport-noconfig.cmake
[22.476s] -- Installing: /home/robot1/ros2_ws/src/install/pwm_interface/share/pwm_interface/cmake/pwm_interface__rosidl_typesupport_introspection_cExport.cmake
[22.478s] -- Installing: /home/robot1/ros2_ws/src/install/pwm_interface/share/pwm_interface/cmake/pwm_interface__rosidl_typesupport_introspection_cExport-noconfig.cmake
[22.479s] -- Installing: /home/robot1/ros2_ws/src/install/pwm_interface/share/pwm_interface/cmake/pwm_interface__rosidl_typesupport_cExport.cmake
[22.480s] -- Installing: /home/robot1/ros2_ws/src/install/pwm_interface/share/pwm_interface/cmake/pwm_interface__rosidl_typesupport_cExport-noconfig.cmake
[22.482s] -- Installing: /home/robot1/ros2_ws/src/install/pwm_interface/share/pwm_interface/cmake/export_pwm_interface__rosidl_generator_cppExport.cmake
[22.483s] -- Installing: /home/robot1/ros2_ws/src/install/pwm_interface/share/pwm_interface/cmake/export_pwm_interface__rosidl_typesupport_fastrtps_cppExport.cmake
[22.485s] -- Installing: /home/robot1/ros2_ws/src/install/pwm_interface/share/pwm_interface/cmake/export_pwm_interface__rosidl_typesupport_fastrtps_cppExport-noconfig.cmake
[22.486s] -- Installing: /home/robot1/ros2_ws/src/install/pwm_interface/share/pwm_interface/cmake/pwm_interface__rosidl_typesupport_introspection_cppExport.cmake
[22.487s] -- Installing: /home/robot1/ros2_ws/src/install/pwm_interface/share/pwm_interface/cmake/pwm_interface__rosidl_typesupport_introspection_cppExport-noconfig.cmake
[22.489s] -- Installing: /home/robot1/ros2_ws/src/install/pwm_interface/share/pwm_interface/cmake/pwm_interface__rosidl_typesupport_cppExport.cmake
[22.490s] -- Installing: /home/robot1/ros2_ws/src/install/pwm_interface/share/pwm_interface/cmake/pwm_interface__rosidl_typesupport_cppExport-noconfig.cmake
[22.491s] -- Installing: /home/robot1/ros2_ws/src/install/pwm_interface/share/pwm_interface/cmake/export_pwm_interface__rosidl_generator_pyExport.cmake
[22.493s] -- Installing: /home/robot1/ros2_ws/src/install/pwm_interface/share/pwm_interface/cmake/export_pwm_interface__rosidl_generator_pyExport-noconfig.cmake
[22.494s] -- Installing: /home/robot1/ros2_ws/src/install/pwm_interface/share/pwm_interface/cmake/rosidl_cmake-extras.cmake
[22.495s] -- Installing: /home/robot1/ros2_ws/src/install/pwm_interface/share/pwm_interface/cmake/ament_cmake_export_include_directories-extras.cmake
[22.497s] -- Installing: /home/robot1/ros2_ws/src/install/pwm_interface/share/pwm_interface/cmake/ament_cmake_export_libraries-extras.cmake
[22.498s] -- Installing: /home/robot1/ros2_ws/src/install/pwm_interface/share/pwm_interface/cmake/ament_cmake_export_targets-extras.cmake
[22.499s] -- Installing: /home/robot1/ros2_ws/src/install/pwm_interface/share/pwm_interface/cmake/rosidl_cmake_export_typesupport_targets-extras.cmake
[22.500s] -- Installing: /home/robot1/ros2_ws/src/install/pwm_interface/share/pwm_interface/cmake/ament_cmake_export_dependencies-extras.cmake
[22.502s] -- Installing: /home/robot1/ros2_ws/src/install/pwm_interface/share/pwm_interface/cmake/rosidl_cmake_export_typesupport_libraries-extras.cmake
[22.503s] -- Installing: /home/robot1/ros2_ws/src/install/pwm_interface/share/pwm_interface/cmake/pwm_interfaceConfig.cmake
[22.504s] -- Installing: /home/robot1/ros2_ws/src/install/pwm_interface/share/pwm_interface/cmake/pwm_interfaceConfig-version.cmake
[22.505s] -- Installing: /home/robot1/ros2_ws/src/install/pwm_interface/share/pwm_interface/package.xml
[22.512s] Invoked command in '/home/robot1/ros2_ws/src/build/pwm_interface' returned '0': CMAKE_PREFIX_PATH=${CMAKE_PREFIX_PATH}:/home/robot1/ros2_ws/install/robot_positions:/home/robot1/ros2_ws/install/py_ping:/home/robot1/ros2_ws/install/py_motor_raw_pwm:/home/robot1/ros2_ws/install/map_viewer:/home/robot1/ros2_ws/install/map_updater:/home/robot1/ros2_ws/install/gotoxy:/opt/ros/humble /usr/bin/cmake --install /home/robot1/ros2_ws/src/build/pwm_interface
