[6.688s] DEBUG:colcon:Command line arguments: ['/usr/bin/colcon', 'build', '--packages-select', 'map_updater/']
[6.689s] DEBUG:colcon:Parsed command line arguments: Namespace(log_base=None, log_level=None, verb_name='build', build_base='build', install_base='install', merge_install=False, symlink_install=False, test_result_base=None, continue_on_error=False, executor='parallel', parallel_workers=4, event_handlers=None, ignore_user_meta=False, metas=['./colcon.meta'], base_paths=['.'], packages_ignore=None, packages_ignore_regex=None, paths=None, packages_up_to=None, packages_up_to_regex=None, packages_above=None, packages_above_and_dependencies=None, packages_above_depth=None, packages_select_by_dep=None, packages_skip_by_dep=None, packages_skip_up_to=None, packages_select_build_failed=False, packages_skip_build_finished=False, packages_select_test_failures=False, packages_skip_test_passed=False, packages_select=['map_updater/'], packages_skip=None, packages_select_regex=None, packages_skip_regex=None, packages_start=None, packages_end=None, allow_overriding=[], cmake_args=None, cmake_target=None, cmake_target_skip_unavailable=False, cmake_clean_cache=False, cmake_clean_first=False, cmake_force_configure=False, ament_cmake_args=None, catkin_cmake_args=None, catkin_skip_building_tests=False, verb_parser=<colcon_defaults.argument_parser.defaults.DefaultArgumentsDecorator object at 0xffff8d92ed10>, verb_extension=<colcon_core.verb.build.BuildVerb object at 0xffff8d916d70>, main=<bound method BuildVerb.main of <colcon_core.verb.build.BuildVerb object at 0xffff8d916d70>>)
[7.048s] Level 1:colcon.colcon_core.package_discovery:discover_packages(colcon_meta) check parameters
[7.048s] Level 1:colcon.colcon_core.package_discovery:discover_packages(recursive) check parameters
[7.049s] Level 1:colcon.colcon_core.package_discovery:discover_packages(ignore) check parameters
[7.049s] Level 1:colcon.colcon_core.package_discovery:discover_packages(path) check parameters
[7.049s] Level 1:colcon.colcon_core.package_discovery:discover_packages(colcon_meta) discover
[7.049s] Level 1:colcon.colcon_core.package_discovery:discover_packages(recursive) discover
[7.049s] INFO:colcon.colcon_core.package_discovery:Crawling recursively for packages in '/home/robot1/ros2_ws/src'
[7.050s] Level 1:colcon.colcon_core.package_identification:_identify(.) by extensions ['ignore', 'ignore_ament_install']
[7.051s] Level 1:colcon.colcon_core.package_identification:_identify(.) by extension 'ignore'
[7.051s] Level 1:colcon.colcon_core.package_identification:_identify(.) by extension 'ignore_ament_install'
[7.051s] Level 1:colcon.colcon_core.package_identification:_identify(.) by extensions ['colcon_pkg']
[7.052s] Level 1:colcon.colcon_core.package_identification:_identify(.) by extension 'colcon_pkg'
[7.052s] Level 1:colcon.colcon_core.package_identification:_identify(.) by extensions ['colcon_meta']
[7.052s] Level 1:colcon.colcon_core.package_identification:_identify(.) by extension 'colcon_meta'
[7.052s] Level 1:colcon.colcon_core.package_identification:_identify(.) by extensions ['ros']
[7.052s] Level 1:colcon.colcon_core.package_identification:_identify(.) by extension 'ros'
[7.122s] Level 1:colcon.colcon_core.package_identification:_identify(.) by extensions ['cmake', 'python']
[7.123s] Level 1:colcon.colcon_core.package_identification:_identify(.) by extension 'cmake'
[7.123s] Level 1:colcon.colcon_core.package_identification:_identify(.) by extension 'python'
[7.124s] Level 1:colcon.colcon_core.package_identification:_identify(.) by extensions ['python_setup_py']
[7.124s] Level 1:colcon.colcon_core.package_identification:_identify(.) by extension 'python_setup_py'
[7.125s] Level 1:colcon.colcon_core.package_identification:_identify(build) by extensions ['ignore', 'ignore_ament_install']
[7.126s] Level 1:colcon.colcon_core.package_identification:_identify(build) by extension 'ignore'
[7.126s] Level 1:colcon.colcon_core.package_identification:_identify(build) ignored
[7.126s] Level 1:colcon.colcon_core.package_identification:_identify(install) by extensions ['ignore', 'ignore_ament_install']
[7.127s] Level 1:colcon.colcon_core.package_identification:_identify(install) by extension 'ignore'
[7.127s] Level 1:colcon.colcon_core.package_identification:_identify(install) ignored
[7.128s] Level 1:colcon.colcon_core.package_identification:_identify(log) by extensions ['ignore', 'ignore_ament_install']
[7.128s] Level 1:colcon.colcon_core.package_identification:_identify(log) by extension 'ignore'
[7.128s] Level 1:colcon.colcon_core.package_identification:_identify(log) ignored
[7.130s] Level 1:colcon.colcon_core.package_identification:_identify(map_interface) by extensions ['ignore', 'ignore_ament_install']
[7.130s] Level 1:colcon.colcon_core.package_identification:_identify(map_interface) by extension 'ignore'
[7.131s] Level 1:colcon.colcon_core.package_identification:_identify(map_interface) by extension 'ignore_ament_install'
[7.131s] Level 1:colcon.colcon_core.package_identification:_identify(map_interface) by extensions ['colcon_pkg']
[7.131s] Level 1:colcon.colcon_core.package_identification:_identify(map_interface) by extension 'colcon_pkg'
[7.131s] Level 1:colcon.colcon_core.package_identification:_identify(map_interface) by extensions ['colcon_meta']
[7.131s] Level 1:colcon.colcon_core.package_identification:_identify(map_interface) by extension 'colcon_meta'
[7.132s] Level 1:colcon.colcon_core.package_identification:_identify(map_interface) by extensions ['ros']
[7.132s] Level 1:colcon.colcon_core.package_identification:_identify(map_interface) by extension 'ros'
[7.154s] DEBUG:colcon.colcon_core.package_identification:Package 'map_interface' with type 'ros.ament_cmake' and name 'map_interface'
[7.155s] Level 1:colcon.colcon_core.package_identification:_identify(map_updater) by extensions ['ignore', 'ignore_ament_install']
[7.156s] Level 1:colcon.colcon_core.package_identification:_identify(map_updater) by extension 'ignore'
[7.157s] Level 1:colcon.colcon_core.package_identification:_identify(map_updater) by extension 'ignore_ament_install'
[7.157s] Level 1:colcon.colcon_core.package_identification:_identify(map_updater) by extensions ['colcon_pkg']
[7.158s] Level 1:colcon.colcon_core.package_identification:_identify(map_updater) by extension 'colcon_pkg'
[7.158s] Level 1:colcon.colcon_core.package_identification:_identify(map_updater) by extensions ['colcon_meta']
[7.158s] Level 1:colcon.colcon_core.package_identification:_identify(map_updater) by extension 'colcon_meta'
[7.158s] Level 1:colcon.colcon_core.package_identification:_identify(map_updater) by extensions ['ros']
[7.159s] Level 1:colcon.colcon_core.package_identification:_identify(map_updater) by extension 'ros'
[7.163s] DEBUG:colcon.colcon_core.package_identification:Package 'map_updater' with type 'ros.ament_python' and name 'map_updater'
[7.164s] Level 1:colcon.colcon_core.package_identification:_identify(pwm_interface) by extensions ['ignore', 'ignore_ament_install']
[7.165s] Level 1:colcon.colcon_core.package_identification:_identify(pwm_interface) by extension 'ignore'
[7.165s] Level 1:colcon.colcon_core.package_identification:_identify(pwm_interface) by extension 'ignore_ament_install'
[7.165s] Level 1:colcon.colcon_core.package_identification:_identify(pwm_interface) by extensions ['colcon_pkg']
[7.166s] Level 1:colcon.colcon_core.package_identification:_identify(pwm_interface) by extension 'colcon_pkg'
[7.166s] Level 1:colcon.colcon_core.package_identification:_identify(pwm_interface) by extensions ['colcon_meta']
[7.166s] Level 1:colcon.colcon_core.package_identification:_identify(pwm_interface) by extension 'colcon_meta'
[7.166s] Level 1:colcon.colcon_core.package_identification:_identify(pwm_interface) by extensions ['ros']
[7.167s] Level 1:colcon.colcon_core.package_identification:_identify(pwm_interface) by extension 'ros'
[7.170s] DEBUG:colcon.colcon_core.package_identification:Package 'pwm_interface' with type 'ros.ament_cmake' and name 'pwm_interface'
[7.172s] Level 1:colcon.colcon_core.package_identification:_identify(py_motor_raw_pwm) by extensions ['ignore', 'ignore_ament_install']
[7.172s] Level 1:colcon.colcon_core.package_identification:_identify(py_motor_raw_pwm) by extension 'ignore'
[7.173s] Level 1:colcon.colcon_core.package_identification:_identify(py_motor_raw_pwm) by extension 'ignore_ament_install'
[7.173s] Level 1:colcon.colcon_core.package_identification:_identify(py_motor_raw_pwm) by extensions ['colcon_pkg']
[7.174s] Level 1:colcon.colcon_core.package_identification:_identify(py_motor_raw_pwm) by extension 'colcon_pkg'
[7.174s] Level 1:colcon.colcon_core.package_identification:_identify(py_motor_raw_pwm) by extensions ['colcon_meta']
[7.174s] Level 1:colcon.colcon_core.package_identification:_identify(py_motor_raw_pwm) by extension 'colcon_meta'
[7.175s] Level 1:colcon.colcon_core.package_identification:_identify(py_motor_raw_pwm) by extensions ['ros']
[7.175s] Level 1:colcon.colcon_core.package_identification:_identify(py_motor_raw_pwm) by extension 'ros'
[7.179s] DEBUG:colcon.colcon_core.package_identification:Package 'py_motor_raw_pwm' with type 'ros.ament_python' and name 'py_motor_raw_pwm'
[7.181s] Level 1:colcon.colcon_core.package_identification:_identify(py_ping) by extensions ['ignore', 'ignore_ament_install']
[7.181s] Level 1:colcon.colcon_core.package_identification:_identify(py_ping) by extension 'ignore'
[7.182s] Level 1:colcon.colcon_core.package_identification:_identify(py_ping) by extension 'ignore_ament_install'
[7.182s] Level 1:colcon.colcon_core.package_identification:_identify(py_ping) by extensions ['colcon_pkg']
[7.183s] Level 1:colcon.colcon_core.package_identification:_identify(py_ping) by extension 'colcon_pkg'
[7.183s] Level 1:colcon.colcon_core.package_identification:_identify(py_ping) by extensions ['colcon_meta']
[7.184s] Level 1:colcon.colcon_core.package_identification:_identify(py_ping) by extension 'colcon_meta'
[7.184s] Level 1:colcon.colcon_core.package_identification:_identify(py_ping) by extensions ['ros']
[7.184s] Level 1:colcon.colcon_core.package_identification:_identify(py_ping) by extension 'ros'
[7.190s] DEBUG:colcon.colcon_core.package_identification:Package 'py_ping' with type 'ros.ament_python' and name 'py_ping'
[7.190s] Level 1:colcon.colcon_core.package_discovery:discover_packages(recursive) using defaults
[7.191s] Level 1:colcon.colcon_core.package_discovery:discover_packages(ignore) discover
[7.191s] Level 1:colcon.colcon_core.package_discovery:discover_packages(ignore) using defaults
[7.191s] Level 1:colcon.colcon_core.package_discovery:discover_packages(path) discover
[7.192s] Level 1:colcon.colcon_core.package_discovery:discover_packages(path) using defaults
[7.261s] WARNING:colcon.colcon_core.package_selection:ignoring unknown package 'map_updater/' in --packages-select
[7.589s] INFO:colcon.colcon_core.package_selection:Skipping not selected package 'map_interface' in 'map_interface'
[7.589s] INFO:colcon.colcon_core.package_selection:Skipping not selected package 'pwm_interface' in 'pwm_interface'
[7.590s] INFO:colcon.colcon_core.package_selection:Skipping not selected package 'py_ping' in 'py_ping'
[7.590s] INFO:colcon.colcon_core.package_selection:Skipping not selected package 'map_updater' in 'map_updater'
[7.590s] INFO:colcon.colcon_core.package_selection:Skipping not selected package 'py_motor_raw_pwm' in 'py_motor_raw_pwm'
[7.752s] Level 1:colcon.colcon_core.package_discovery:discover_packages(prefix_path) check parameters
[7.753s] Level 1:colcon.colcon_core.package_discovery:discover_packages(prefix_path) discover
[7.916s] DEBUG:colcon.colcon_installed_package_information.package_discovery:Found 6 installed packages in /home/robot1/ros2_ws/install
[7.996s] DEBUG:colcon.colcon_installed_package_information.package_discovery:Found 270 installed packages in /opt/ros/humble
[8.002s] Level 1:colcon.colcon_core.package_discovery:discover_packages(prefix_path) using defaults
[8.496s] INFO:colcon.colcon_core.executor:Executing jobs using 'parallel' executor
[8.573s] DEBUG:colcon.colcon_parallel_executor.executor.parallel:run_until_complete
[8.574s] DEBUG:colcon.colcon_parallel_executor.executor.parallel:closing loop
[8.574s] DEBUG:colcon.colcon_parallel_executor.executor.parallel:loop closed
[8.575s] DEBUG:colcon.colcon_parallel_executor.executor.parallel:run_until_complete finished with '0'
[8.575s] DEBUG:colcon.colcon_core.event_reactor:joining thread
[8.683s] INFO:colcon.colcon_core.plugin_system:Skipping extension 'colcon_notification.desktop_notification.terminal_notifier': Not used on non-Darwin systems
[8.684s] INFO:colcon.colcon_core.plugin_system:Skipping extension 'colcon_notification.desktop_notification.win32': Not used on non-Windows systems
[8.684s] INFO:colcon.colcon_notification.desktop_notification:Sending desktop notification using 'notify2'
[8.748s] DEBUG:colcon.colcon_core.event_reactor:joined thread
[8.844s] INFO:colcon.colcon_core.plugin_system:Skipping extension 'colcon_core.shell.bat': Not used on non-Windows systems
[8.845s] INFO:colcon.colcon_core.shell:Creating prefix script '/home/robot1/ros2_ws/src/install/local_setup.ps1'
[8.850s] INFO:colcon.colcon_core.shell:Creating prefix util module '/home/robot1/ros2_ws/src/install/_local_setup_util_ps1.py'
[8.857s] INFO:colcon.colcon_core.shell:Creating prefix chain script '/home/robot1/ros2_ws/src/install/setup.ps1'
[8.948s] INFO:colcon.colcon_core.shell:Creating prefix script '/home/robot1/ros2_ws/src/install/local_setup.sh'
[8.952s] INFO:colcon.colcon_core.shell:Creating prefix util module '/home/robot1/ros2_ws/src/install/_local_setup_util_sh.py'
[8.954s] INFO:colcon.colcon_core.shell:Creating prefix chain script '/home/robot1/ros2_ws/src/install/setup.sh'
[9.024s] INFO:colcon.colcon_core.shell:Creating prefix script '/home/robot1/ros2_ws/src/install/local_setup.bash'
[9.028s] INFO:colcon.colcon_core.shell:Creating prefix chain script '/home/robot1/ros2_ws/src/install/setup.bash'
[9.116s] INFO:colcon.colcon_core.shell:Creating prefix script '/home/robot1/ros2_ws/src/install/local_setup.zsh'
[9.120s] INFO:colcon.colcon_core.shell:Creating prefix chain script '/home/robot1/ros2_ws/src/install/setup.zsh'
