[5.010s] DEBUG:colcon:Command line arguments: ['/usr/bin/colcon', 'build', '--packages-select', 'py_motor_raw_pwm']
[5.010s] DEBUG:colcon:Parsed command line arguments: Namespace(log_base=None, log_level=None, verb_name='build', build_base='build', install_base='install', merge_install=False, symlink_install=False, test_result_base=None, continue_on_error=False, executor='parallel', parallel_workers=4, event_handlers=None, ignore_user_meta=False, metas=['./colcon.meta'], base_paths=['.'], packages_ignore=None, packages_ignore_regex=None, paths=None, packages_up_to=None, packages_up_to_regex=None, packages_above=None, packages_above_and_dependencies=None, packages_above_depth=None, packages_select_by_dep=None, packages_skip_by_dep=None, packages_skip_up_to=None, packages_select_build_failed=False, packages_skip_build_finished=False, packages_select_test_failures=False, packages_skip_test_passed=False, packages_select=['py_motor_raw_pwm'], packages_skip=None, packages_select_regex=None, packages_skip_regex=None, packages_start=None, packages_end=None, allow_overriding=[], cmake_args=None, cmake_target=None, cmake_target_skip_unavailable=False, cmake_clean_cache=False, cmake_clean_first=False, cmake_force_configure=False, ament_cmake_args=None, catkin_cmake_args=None, catkin_skip_building_tests=False, verb_parser=<colcon_defaults.argument_parser.defaults.DefaultArgumentsDecorator object at 0xffffacec52a0>, verb_extension=<colcon_core.verb.build.BuildVerb object at 0xffffacec55d0>, main=<bound method BuildVerb.main of <colcon_core.verb.build.BuildVerb object at 0xffffacec55d0>>)
[5.261s] Level 1:colcon.colcon_core.package_discovery:discover_packages(colcon_meta) check parameters
[5.261s] Level 1:colcon.colcon_core.package_discovery:discover_packages(recursive) check parameters
[5.262s] Level 1:colcon.colcon_core.package_discovery:discover_packages(ignore) check parameters
[5.262s] Level 1:colcon.colcon_core.package_discovery:discover_packages(path) check parameters
[5.262s] Level 1:colcon.colcon_core.package_discovery:discover_packages(colcon_meta) discover
[5.263s] Level 1:colcon.colcon_core.package_discovery:discover_packages(recursive) discover
[5.263s] INFO:colcon.colcon_core.package_discovery:Crawling recursively for packages in '/home/robot1/ros2_ws/src/py_motor_raw_pwm/py_motor_raw_pwm'
[5.264s] Level 1:colcon.colcon_core.package_identification:_identify(.) by extensions ['ignore', 'ignore_ament_install']
[5.264s] Level 1:colcon.colcon_core.package_identification:_identify(.) by extension 'ignore'
[5.265s] Level 1:colcon.colcon_core.package_identification:_identify(.) by extension 'ignore_ament_install'
[5.265s] Level 1:colcon.colcon_core.package_identification:_identify(.) by extensions ['colcon_pkg']
[5.265s] Level 1:colcon.colcon_core.package_identification:_identify(.) by extension 'colcon_pkg'
[5.265s] Level 1:colcon.colcon_core.package_identification:_identify(.) by extensions ['colcon_meta']
[5.266s] Level 1:colcon.colcon_core.package_identification:_identify(.) by extension 'colcon_meta'
[5.266s] Level 1:colcon.colcon_core.package_identification:_identify(.) by extensions ['ros']
[5.266s] Level 1:colcon.colcon_core.package_identification:_identify(.) by extension 'ros'
[5.319s] Level 1:colcon.colcon_core.package_identification:_identify(.) by extensions ['cmake', 'python']
[5.319s] Level 1:colcon.colcon_core.package_identification:_identify(.) by extension 'cmake'
[5.319s] Level 1:colcon.colcon_core.package_identification:_identify(.) by extension 'python'
[5.320s] Level 1:colcon.colcon_core.package_identification:_identify(.) by extensions ['python_setup_py']
[5.320s] Level 1:colcon.colcon_core.package_identification:_identify(.) by extension 'python_setup_py'
[5.320s] Level 1:colcon.colcon_core.package_identification:_identify(build) by extensions ['ignore', 'ignore_ament_install']
[5.321s] Level 1:colcon.colcon_core.package_identification:_identify(build) by extension 'ignore'
[5.321s] Level 1:colcon.colcon_core.package_identification:_identify(build) ignored
[5.322s] Level 1:colcon.colcon_core.package_identification:_identify(install) by extensions ['ignore', 'ignore_ament_install']
[5.323s] Level 1:colcon.colcon_core.package_identification:_identify(install) by extension 'ignore'
[5.323s] Level 1:colcon.colcon_core.package_identification:_identify(install) ignored
[5.324s] Level 1:colcon.colcon_core.package_identification:_identify(log) by extensions ['ignore', 'ignore_ament_install']
[5.324s] Level 1:colcon.colcon_core.package_identification:_identify(log) by extension 'ignore'
[5.324s] Level 1:colcon.colcon_core.package_identification:_identify(log) ignored
[5.325s] Level 1:colcon.colcon_core.package_discovery:discover_packages(recursive) using defaults
[5.325s] Level 1:colcon.colcon_core.package_discovery:discover_packages(ignore) discover
[5.325s] Level 1:colcon.colcon_core.package_discovery:discover_packages(ignore) using defaults
[5.325s] Level 1:colcon.colcon_core.package_discovery:discover_packages(path) discover
[5.325s] Level 1:colcon.colcon_core.package_discovery:discover_packages(path) using defaults
[5.412s] WARNING:colcon.colcon_core.package_selection:ignoring unknown package 'py_motor_raw_pwm' in --packages-select
[5.813s] Level 1:colcon.colcon_core.package_discovery:discover_packages(prefix_path) check parameters
[5.813s] Level 1:colcon.colcon_core.package_discovery:discover_packages(prefix_path) discover
[5.889s] WARNING:colcon.colcon_ros.prefix_path.ament:The path '/home/robot1/ros2_ws/install/serial_motor_demo' in the environment variable AMENT_PREFIX_PATH doesn't exist
[5.889s] WARNING:colcon.colcon_ros.prefix_path.ament:The path '/home/robot1/ros2_ws/install/serial_motor_demo_msgs' in the environment variable AMENT_PREFIX_PATH doesn't exist
[5.890s] WARNING:colcon.colcon_ros.prefix_path.ament:The path '/home/robot1/ros2_ws/install/py_pubsub' in the environment variable AMENT_PREFIX_PATH doesn't exist
[5.890s] WARNING:colcon.colcon_ros.prefix_path.ament:The path '/home/robot1/ros2_ws/install/py_ping' in the environment variable AMENT_PREFIX_PATH doesn't exist
[5.891s] WARNING:colcon.colcon_ros.prefix_path.ament:The path '/home/robot1/ros2_ws/install/py_blink' in the environment variable AMENT_PREFIX_PATH doesn't exist
[5.891s] WARNING:colcon.colcon_ros.prefix_path.ament:The path '/home/robot1/ros2_ws/install/my_package' in the environment variable AMENT_PREFIX_PATH doesn't exist
[5.891s] WARNING:colcon.colcon_ros.prefix_path.ament:The path '/home/robot1/ros2_ws/install/my_bot' in the environment variable AMENT_PREFIX_PATH doesn't exist
[5.892s] WARNING:colcon.colcon_ros.prefix_path.ament:The path '/home/robot1/ros2_ws/install/cpp_pubsub' in the environment variable AMENT_PREFIX_PATH doesn't exist
[5.892s] WARNING:colcon.colcon_ros.prefix_path.catkin:The path '/home/robot1/ros2_ws/install/serial_motor_demo_msgs' in the environment variable CMAKE_PREFIX_PATH doesn't exist
[5.893s] WARNING:colcon.colcon_ros.prefix_path.catkin:The path '/home/robot1/ros2_ws/install/my_package' in the environment variable CMAKE_PREFIX_PATH doesn't exist
[5.893s] WARNING:colcon.colcon_ros.prefix_path.catkin:The path '/home/robot1/ros2_ws/install/my_bot' in the environment variable CMAKE_PREFIX_PATH doesn't exist
[5.893s] WARNING:colcon.colcon_ros.prefix_path.catkin:The path '/home/robot1/ros2_ws/install/cpp_pubsub' in the environment variable CMAKE_PREFIX_PATH doesn't exist
[5.978s] DEBUG:colcon.colcon_installed_package_information.package_discovery:Found 3 installed packages in /home/robot1/ros2_ws/install
[6.049s] DEBUG:colcon.colcon_installed_package_information.package_discovery:Found 270 installed packages in /opt/ros/humble
[6.054s] Level 1:colcon.colcon_core.package_discovery:discover_packages(prefix_path) using defaults
[6.490s] INFO:colcon.colcon_core.executor:Executing jobs using 'parallel' executor
[6.575s] DEBUG:colcon.colcon_parallel_executor.executor.parallel:run_until_complete
[6.576s] DEBUG:colcon.colcon_parallel_executor.executor.parallel:closing loop
[6.577s] DEBUG:colcon.colcon_parallel_executor.executor.parallel:loop closed
[6.577s] DEBUG:colcon.colcon_parallel_executor.executor.parallel:run_until_complete finished with '0'
[6.578s] DEBUG:colcon.colcon_core.event_reactor:joining thread
[6.683s] INFO:colcon.colcon_core.plugin_system:Skipping extension 'colcon_notification.desktop_notification.terminal_notifier': Not used on non-Darwin systems
[6.684s] INFO:colcon.colcon_core.plugin_system:Skipping extension 'colcon_notification.desktop_notification.win32': Not used on non-Windows systems
[6.684s] INFO:colcon.colcon_notification.desktop_notification:Sending desktop notification using 'notify2'
[6.728s] DEBUG:colcon.colcon_core.event_reactor:joined thread
[6.821s] INFO:colcon.colcon_core.plugin_system:Skipping extension 'colcon_core.shell.bat': Not used on non-Windows systems
[6.821s] INFO:colcon.colcon_core.shell:Creating prefix script '/home/robot1/ros2_ws/src/py_motor_raw_pwm/py_motor_raw_pwm/install/local_setup.ps1'
[6.826s] INFO:colcon.colcon_core.shell:Creating prefix util module '/home/robot1/ros2_ws/src/py_motor_raw_pwm/py_motor_raw_pwm/install/_local_setup_util_ps1.py'
[6.832s] INFO:colcon.colcon_core.shell:Creating prefix chain script '/home/robot1/ros2_ws/src/py_motor_raw_pwm/py_motor_raw_pwm/install/setup.ps1'
[6.912s] INFO:colcon.colcon_core.shell:Creating prefix script '/home/robot1/ros2_ws/src/py_motor_raw_pwm/py_motor_raw_pwm/install/local_setup.sh'
[6.915s] INFO:colcon.colcon_core.shell:Creating prefix util module '/home/robot1/ros2_ws/src/py_motor_raw_pwm/py_motor_raw_pwm/install/_local_setup_util_sh.py'
[6.917s] INFO:colcon.colcon_core.shell:Creating prefix chain script '/home/robot1/ros2_ws/src/py_motor_raw_pwm/py_motor_raw_pwm/install/setup.sh'
[6.993s] INFO:colcon.colcon_core.shell:Creating prefix script '/home/robot1/ros2_ws/src/py_motor_raw_pwm/py_motor_raw_pwm/install/local_setup.bash'
[6.996s] INFO:colcon.colcon_core.shell:Creating prefix chain script '/home/robot1/ros2_ws/src/py_motor_raw_pwm/py_motor_raw_pwm/install/setup.bash'
[7.071s] INFO:colcon.colcon_core.shell:Creating prefix script '/home/robot1/ros2_ws/src/py_motor_raw_pwm/py_motor_raw_pwm/install/local_setup.zsh'
[7.074s] INFO:colcon.colcon_core.shell:Creating prefix chain script '/home/robot1/ros2_ws/src/py_motor_raw_pwm/py_motor_raw_pwm/install/setup.zsh'
