-- Found ament_cmake: 1.3.6 (/opt/ros/humble/share/ament_cmake/cmake)
-- Found rosidl_default_generators: 1.2.0 (/opt/ros/humble/share/rosidl_default_generators/cmake)
-- Using all available rosidl_typesupport_c: rosidl_typesupport_fastrtps_c;rosidl_typesupport_introspection_c
-- Found rosidl_adapter: 3.1.5 (/opt/ros/humble/share/rosidl_adapter/cmake)
-- Using all available rosidl_typesupport_cpp: rosidl_typesupport_fastrtps_cpp;rosidl_typesupport_introspection_cpp
-- Found ament_lint_auto: 0.12.9 (/opt/ros/humble/share/ament_lint_auto/cmake)
-- Found ament_cmake_ros: 0.10.0 (/opt/ros/humble/share/ament_cmake_ros/cmake)
-- Using all available rosidl_typesupport_c: rosidl_typesupport_fastrtps_c;rosidl_typesupport_introspection_c
-- Using all available rosidl_typesupport_cpp: rosidl_typesupport_fastrtps_cpp;rosidl_typesupport_introspection_cpp
-- Found PythonInterp: /usr/bin/python3 (found suitable version "3.10.12", minimum required is "3.6") 
-- Found python_cmake_module: 0.10.0 (/opt/ros/humble/share/python_cmake_module/cmake)
-- Found PythonLibs: /usr/lib/aarch64-linux-gnu/libpython3.10.so (found suitable version "3.10.12", minimum required is "3.5") 
-- Using PYTHON_EXECUTABLE: /usr/bin/python3
-- Using PYTHON_INCLUDE_DIRS: /usr/include/python3.10
-- Using PYTHON_LIBRARIES: /usr/lib/aarch64-linux-gnu/libpython3.10.so
-- Found PythonExtra: .so  
-- Added test 'lint_cmake' to check CMake code style
-- Added test 'xmllint' to check XML markup files
-- Configuring done
-- Generating done
-- Build files have been written to: /home/robot1/ros2_ws/src/build/robot_pos_interface
[  3%] [34m[1mGenerating C code for ROS interfaces[0m
[  6%] Built target ament_cmake_python_copy_robot_pos_interface
[  6%] [34m[1mGenerating C++ code for ROS interfaces[0m
[  9%] [32mBuilding C object CMakeFiles/robot_pos_interface__rosidl_generator_c.dir/rosidl_generator_c/robot_pos_interface/msg/detail/robot_position__functions.c.o[0m
[  9%] Built target robot_pos_interface__cpp
[ 12%] [34m[1mGenerating C++ introspection for ROS interfaces[0m
[ 16%] [34m[1mGenerating C++ type support for eProsima Fast-RTPS[0m
running egg_info
creating robot_pos_interface.egg-info
writing robot_pos_interface.egg-info/PKG-INFO
writing dependency_links to robot_pos_interface.egg-info/dependency_links.txt
writing top-level names to robot_pos_interface.egg-info/top_level.txt
writing manifest file 'robot_pos_interface.egg-info/SOURCES.txt'
reading manifest file 'robot_pos_interface.egg-info/SOURCES.txt'
writing manifest file 'robot_pos_interface.egg-info/SOURCES.txt'
[ 19%] [32m[1mLinking C shared library librobot_pos_interface__rosidl_generator_c.so[0m
[ 19%] Built target ament_cmake_python_build_robot_pos_interface_egg
[ 19%] Built target robot_pos_interface__rosidl_generator_c
[ 22%] [34m[1mGenerating C++ type support dispatch for ROS interfaces[0m
[ 25%] [34m[1mGenerating C introspection for ROS interfaces[0m
[ 29%] [32mBuilding CXX object CMakeFiles/robot_pos_interface__rosidl_typesupport_introspection_cpp.dir/rosidl_typesupport_introspection_cpp/robot_pos_interface/msg/detail/robot_position__type_support.cpp.o[0m
[ 32%] [32mBuilding CXX object CMakeFiles/robot_pos_interface__rosidl_typesupport_fastrtps_cpp.dir/rosidl_typesupport_fastrtps_cpp/robot_pos_interface/msg/detail/dds_fastrtps/robot_position__type_support.cpp.o[0m
[ 35%] [32mBuilding CXX object CMakeFiles/robot_pos_interface__rosidl_typesupport_cpp.dir/rosidl_typesupport_cpp/robot_pos_interface/msg/robot_position__type_support.cpp.o[0m
[ 38%] [32mBuilding C object CMakeFiles/robot_pos_interface__rosidl_typesupport_introspection_c.dir/rosidl_typesupport_introspection_c/robot_pos_interface/msg/detail/robot_position__type_support.c.o[0m
[ 41%] [32m[1mLinking C shared library librobot_pos_interface__rosidl_typesupport_introspection_c.so[0m
[ 41%] Built target robot_pos_interface__rosidl_typesupport_introspection_c
[ 45%] [34m[1mGenerating C type support dispatch for ROS interfaces[0m
[ 48%] [32m[1mLinking CXX shared library librobot_pos_interface__rosidl_typesupport_cpp.so[0m
[ 48%] Built target robot_pos_interface__rosidl_typesupport_cpp
[ 51%] [32m[1mLinking CXX shared library librobot_pos_interface__rosidl_typesupport_fastrtps_cpp.so[0m
[ 54%] [34m[1mGenerating C type support for eProsima Fast-RTPS[0m
[ 58%] [32mBuilding CXX object CMakeFiles/robot_pos_interface__rosidl_typesupport_c.dir/rosidl_typesupport_c/robot_pos_interface/msg/robot_position__type_support.cpp.o[0m
[ 61%] [32m[1mLinking CXX shared library librobot_pos_interface__rosidl_typesupport_c.so[0m
[ 61%] Built target robot_pos_interface__rosidl_typesupport_c
[ 61%] Built target robot_pos_interface__rosidl_typesupport_fastrtps_cpp
[ 64%] [32m[1mLinking CXX shared library librobot_pos_interface__rosidl_typesupport_introspection_cpp.so[0m
[ 64%] Built target robot_pos_interface__rosidl_typesupport_introspection_cpp
[ 67%] [32mBuilding CXX object CMakeFiles/robot_pos_interface__rosidl_typesupport_fastrtps_c.dir/rosidl_typesupport_fastrtps_c/robot_pos_interface/msg/detail/robot_position__type_support_c.cpp.o[0m
[ 70%] [32m[1mLinking CXX shared library librobot_pos_interface__rosidl_typesupport_fastrtps_c.so[0m
[ 70%] Built target robot_pos_interface__rosidl_typesupport_fastrtps_c
[ 70%] Built target robot_pos_interface
[ 74%] [34m[1mGenerating Python code for ROS interfaces[0m
[ 74%] Built target robot_pos_interface__py
[ 77%] [32mBuilding C object CMakeFiles/robot_pos_interface__rosidl_generator_py.dir/rosidl_generator_py/robot_pos_interface/msg/_robot_position_s.c.o[0m
[ 80%] [32m[1mLinking C shared library rosidl_generator_py/robot_pos_interface/librobot_pos_interface__rosidl_generator_py.so[0m
[ 80%] Built target robot_pos_interface__rosidl_generator_py
[ 83%] [32mBuilding C object CMakeFiles/robot_pos_interface__rosidl_typesupport_fastrtps_c__pyext.dir/rosidl_generator_py/robot_pos_interface/_robot_pos_interface_s.ep.rosidl_typesupport_fastrtps_c.c.o[0m
[ 87%] [32mBuilding C object CMakeFiles/robot_pos_interface__rosidl_typesupport_c__pyext.dir/rosidl_generator_py/robot_pos_interface/_robot_pos_interface_s.ep.rosidl_typesupport_c.c.o[0m
[ 90%] [32mBuilding C object CMakeFiles/robot_pos_interface__rosidl_typesupport_introspection_c__pyext.dir/rosidl_generator_py/robot_pos_interface/_robot_pos_interface_s.ep.rosidl_typesupport_introspection_c.c.o[0m
[ 93%] [32m[1mLinking C shared library rosidl_generator_py/robot_pos_interface/robot_pos_interface_s__rosidl_typesupport_fastrtps_c.cpython-310-aarch64-linux-gnu.so[0m
[ 96%] [32m[1mLinking C shared library rosidl_generator_py/robot_pos_interface/robot_pos_interface_s__rosidl_typesupport_c.cpython-310-aarch64-linux-gnu.so[0m
[100%] [32m[1mLinking C shared library rosidl_generator_py/robot_pos_interface/robot_pos_interface_s__rosidl_typesupport_introspection_c.cpython-310-aarch64-linux-gnu.so[0m
[100%] Built target robot_pos_interface__rosidl_typesupport_c__pyext
[100%] Built target robot_pos_interface__rosidl_typesupport_introspection_c__pyext
[100%] Built target robot_pos_interface__rosidl_typesupport_fastrtps_c__pyext
-- Install configuration: ""
-- Installing: /home/robot1/ros2_ws/src/install/robot_pos_interface/share/ament_index/resource_index/rosidl_interfaces/robot_pos_interface
-- Installing: /home/robot1/ros2_ws/src/install/robot_pos_interface/include/robot_pos_interface/robot_pos_interface
-- Installing: /home/robot1/ros2_ws/src/install/robot_pos_interface/include/robot_pos_interface/robot_pos_interface/msg
-- Installing: /home/robot1/ros2_ws/src/install/robot_pos_interface/include/robot_pos_interface/robot_pos_interface/msg/detail
-- Installing: /home/robot1/ros2_ws/src/install/robot_pos_interface/include/robot_pos_interface/robot_pos_interface/msg/detail/robot_position__struct.h
-- Installing: /home/robot1/ros2_ws/src/install/robot_pos_interface/include/robot_pos_interface/robot_pos_interface/msg/detail/robot_position__type_support.h
-- Installing: /home/robot1/ros2_ws/src/install/robot_pos_interface/include/robot_pos_interface/robot_pos_interface/msg/detail/robot_position__functions.h
-- Installing: /home/robot1/ros2_ws/src/install/robot_pos_interface/include/robot_pos_interface/robot_pos_interface/msg/detail/robot_position__functions.c
-- Installing: /home/robot1/ros2_ws/src/install/robot_pos_interface/include/robot_pos_interface/robot_pos_interface/msg/rosidl_generator_c__visibility_control.h
-- Installing: /home/robot1/ros2_ws/src/install/robot_pos_interface/include/robot_pos_interface/robot_pos_interface/msg/robot_position.h
-- Installing: /home/robot1/ros2_ws/src/install/robot_pos_interface/share/robot_pos_interface/environment/library_path.sh
-- Installing: /home/robot1/ros2_ws/src/install/robot_pos_interface/share/robot_pos_interface/environment/library_path.dsv
-- Installing: /home/robot1/ros2_ws/src/install/robot_pos_interface/lib/librobot_pos_interface__rosidl_generator_c.so
-- Set runtime path of "/home/robot1/ros2_ws/src/install/robot_pos_interface/lib/librobot_pos_interface__rosidl_generator_c.so" to ""
-- Up-to-date: /home/robot1/ros2_ws/src/install/robot_pos_interface/include/robot_pos_interface/robot_pos_interface
-- Up-to-date: /home/robot1/ros2_ws/src/install/robot_pos_interface/include/robot_pos_interface/robot_pos_interface/msg
-- Up-to-date: /home/robot1/ros2_ws/src/install/robot_pos_interface/include/robot_pos_interface/robot_pos_interface/msg/detail
-- Installing: /home/robot1/ros2_ws/src/install/robot_pos_interface/include/robot_pos_interface/robot_pos_interface/msg/detail/robot_position__rosidl_typesupport_fastrtps_c.h
-- Installing: /home/robot1/ros2_ws/src/install/robot_pos_interface/include/robot_pos_interface/robot_pos_interface/msg/rosidl_typesupport_fastrtps_c__visibility_control.h
-- Installing: /home/robot1/ros2_ws/src/install/robot_pos_interface/lib/librobot_pos_interface__rosidl_typesupport_fastrtps_c.so
-- Set runtime path of "/home/robot1/ros2_ws/src/install/robot_pos_interface/lib/librobot_pos_interface__rosidl_typesupport_fastrtps_c.so" to ""
-- Up-to-date: /home/robot1/ros2_ws/src/install/robot_pos_interface/include/robot_pos_interface/robot_pos_interface
-- Up-to-date: /home/robot1/ros2_ws/src/install/robot_pos_interface/include/robot_pos_interface/robot_pos_interface/msg
-- Installing: /home/robot1/ros2_ws/src/install/robot_pos_interface/include/robot_pos_interface/robot_pos_interface/msg/rosidl_typesupport_introspection_c__visibility_control.h
-- Up-to-date: /home/robot1/ros2_ws/src/install/robot_pos_interface/include/robot_pos_interface/robot_pos_interface/msg/detail
-- Installing: /home/robot1/ros2_ws/src/install/robot_pos_interface/include/robot_pos_interface/robot_pos_interface/msg/detail/robot_position__type_support.c
-- Installing: /home/robot1/ros2_ws/src/install/robot_pos_interface/include/robot_pos_interface/robot_pos_interface/msg/detail/robot_position__rosidl_typesupport_introspection_c.h
-- Installing: /home/robot1/ros2_ws/src/install/robot_pos_interface/lib/librobot_pos_interface__rosidl_typesupport_introspection_c.so
-- Set runtime path of "/home/robot1/ros2_ws/src/install/robot_pos_interface/lib/librobot_pos_interface__rosidl_typesupport_introspection_c.so" to ""
-- Installing: /home/robot1/ros2_ws/src/install/robot_pos_interface/lib/librobot_pos_interface__rosidl_typesupport_c.so
-- Set runtime path of "/home/robot1/ros2_ws/src/install/robot_pos_interface/lib/librobot_pos_interface__rosidl_typesupport_c.so" to ""
-- Up-to-date: /home/robot1/ros2_ws/src/install/robot_pos_interface/include/robot_pos_interface/robot_pos_interface
-- Up-to-date: /home/robot1/ros2_ws/src/install/robot_pos_interface/include/robot_pos_interface/robot_pos_interface/msg
-- Installing: /home/robot1/ros2_ws/src/install/robot_pos_interface/include/robot_pos_interface/robot_pos_interface/msg/robot_position.hpp
-- Up-to-date: /home/robot1/ros2_ws/src/install/robot_pos_interface/include/robot_pos_interface/robot_pos_interface/msg/detail
-- Installing: /home/robot1/ros2_ws/src/install/robot_pos_interface/include/robot_pos_interface/robot_pos_interface/msg/detail/robot_position__builder.hpp
-- Installing: /home/robot1/ros2_ws/src/install/robot_pos_interface/include/robot_pos_interface/robot_pos_interface/msg/detail/robot_position__traits.hpp
-- Installing: /home/robot1/ros2_ws/src/install/robot_pos_interface/include/robot_pos_interface/robot_pos_interface/msg/detail/robot_position__struct.hpp
-- Up-to-date: /home/robot1/ros2_ws/src/install/robot_pos_interface/include/robot_pos_interface/robot_pos_interface
-- Up-to-date: /home/robot1/ros2_ws/src/install/robot_pos_interface/include/robot_pos_interface/robot_pos_interface/msg
-- Up-to-date: /home/robot1/ros2_ws/src/install/robot_pos_interface/include/robot_pos_interface/robot_pos_interface/msg/detail
-- Installing: /home/robot1/ros2_ws/src/install/robot_pos_interface/include/robot_pos_interface/robot_pos_interface/msg/detail/dds_fastrtps
-- Installing: /home/robot1/ros2_ws/src/install/robot_pos_interface/include/robot_pos_interface/robot_pos_interface/msg/detail/robot_position__rosidl_typesupport_fastrtps_cpp.hpp
-- Installing: /home/robot1/ros2_ws/src/install/robot_pos_interface/include/robot_pos_interface/robot_pos_interface/msg/rosidl_typesupport_fastrtps_cpp__visibility_control.h
-- Installing: /home/robot1/ros2_ws/src/install/robot_pos_interface/lib/librobot_pos_interface__rosidl_typesupport_fastrtps_cpp.so
-- Set runtime path of "/home/robot1/ros2_ws/src/install/robot_pos_interface/lib/librobot_pos_interface__rosidl_typesupport_fastrtps_cpp.so" to ""
-- Up-to-date: /home/robot1/ros2_ws/src/install/robot_pos_interface/include/robot_pos_interface/robot_pos_interface
-- Up-to-date: /home/robot1/ros2_ws/src/install/robot_pos_interface/include/robot_pos_interface/robot_pos_interface/msg
-- Up-to-date: /home/robot1/ros2_ws/src/install/robot_pos_interface/include/robot_pos_interface/robot_pos_interface/msg/detail
-- Installing: /home/robot1/ros2_ws/src/install/robot_pos_interface/include/robot_pos_interface/robot_pos_interface/msg/detail/robot_position__rosidl_typesupport_introspection_cpp.hpp
-- Installing: /home/robot1/ros2_ws/src/install/robot_pos_interface/include/robot_pos_interface/robot_pos_interface/msg/detail/robot_position__type_support.cpp
-- Installing: /home/robot1/ros2_ws/src/install/robot_pos_interface/lib/librobot_pos_interface__rosidl_typesupport_introspection_cpp.so
-- Set runtime path of "/home/robot1/ros2_ws/src/install/robot_pos_interface/lib/librobot_pos_interface__rosidl_typesupport_introspection_cpp.so" to ""
-- Installing: /home/robot1/ros2_ws/src/install/robot_pos_interface/lib/librobot_pos_interface__rosidl_typesupport_cpp.so
-- Set runtime path of "/home/robot1/ros2_ws/src/install/robot_pos_interface/lib/librobot_pos_interface__rosidl_typesupport_cpp.so" to ""
-- Installing: /home/robot1/ros2_ws/src/install/robot_pos_interface/share/robot_pos_interface/environment/pythonpath.sh
-- Installing: /home/robot1/ros2_ws/src/install/robot_pos_interface/share/robot_pos_interface/environment/pythonpath.dsv
-- Installing: /home/robot1/ros2_ws/src/install/robot_pos_interface/local/lib/python3.10/dist-packages/robot_pos_interface-0.0.0-py3.10.egg-info
-- Installing: /home/robot1/ros2_ws/src/install/robot_pos_interface/local/lib/python3.10/dist-packages/robot_pos_interface-0.0.0-py3.10.egg-info/dependency_links.txt
-- Installing: /home/robot1/ros2_ws/src/install/robot_pos_interface/local/lib/python3.10/dist-packages/robot_pos_interface-0.0.0-py3.10.egg-info/SOURCES.txt
-- Installing: /home/robot1/ros2_ws/src/install/robot_pos_interface/local/lib/python3.10/dist-packages/robot_pos_interface-0.0.0-py3.10.egg-info/top_level.txt
-- Installing: /home/robot1/ros2_ws/src/install/robot_pos_interface/local/lib/python3.10/dist-packages/robot_pos_interface-0.0.0-py3.10.egg-info/PKG-INFO
-- Installing: /home/robot1/ros2_ws/src/install/robot_pos_interface/local/lib/python3.10/dist-packages/robot_pos_interface
-- Installing: /home/robot1/ros2_ws/src/install/robot_pos_interface/local/lib/python3.10/dist-packages/robot_pos_interface/_robot_pos_interface_s.ep.rosidl_typesupport_c.c
-- Installing: /home/robot1/ros2_ws/src/install/robot_pos_interface/local/lib/python3.10/dist-packages/robot_pos_interface/librobot_pos_interface__rosidl_generator_py.so
-- Installing: /home/robot1/ros2_ws/src/install/robot_pos_interface/local/lib/python3.10/dist-packages/robot_pos_interface/msg
-- Installing: /home/robot1/ros2_ws/src/install/robot_pos_interface/local/lib/python3.10/dist-packages/robot_pos_interface/msg/__init__.py
-- Installing: /home/robot1/ros2_ws/src/install/robot_pos_interface/local/lib/python3.10/dist-packages/robot_pos_interface/msg/_robot_position.py
-- Installing: /home/robot1/ros2_ws/src/install/robot_pos_interface/local/lib/python3.10/dist-packages/robot_pos_interface/msg/_robot_position_s.c
-- Installing: /home/robot1/ros2_ws/src/install/robot_pos_interface/local/lib/python3.10/dist-packages/robot_pos_interface/robot_pos_interface_s__rosidl_typesupport_introspection_c.cpython-310-aarch64-linux-gnu.so
-- Installing: /home/robot1/ros2_ws/src/install/robot_pos_interface/local/lib/python3.10/dist-packages/robot_pos_interface/__init__.py
-- Installing: /home/robot1/ros2_ws/src/install/robot_pos_interface/local/lib/python3.10/dist-packages/robot_pos_interface/_robot_pos_interface_s.ep.rosidl_typesupport_introspection_c.c
-- Installing: /home/robot1/ros2_ws/src/install/robot_pos_interface/local/lib/python3.10/dist-packages/robot_pos_interface/robot_pos_interface_s__rosidl_typesupport_fastrtps_c.cpython-310-aarch64-linux-gnu.so
-- Installing: /home/robot1/ros2_ws/src/install/robot_pos_interface/local/lib/python3.10/dist-packages/robot_pos_interface/_robot_pos_interface_s.ep.rosidl_typesupport_fastrtps_c.c
-- Installing: /home/robot1/ros2_ws/src/install/robot_pos_interface/local/lib/python3.10/dist-packages/robot_pos_interface/robot_pos_interface_s__rosidl_typesupport_c.cpython-310-aarch64-linux-gnu.so
Listing '/home/robot1/ros2_ws/src/install/robot_pos_interface/local/lib/python3.10/dist-packages/robot_pos_interface'...
Compiling '/home/robot1/ros2_ws/src/install/robot_pos_interface/local/lib/python3.10/dist-packages/robot_pos_interface/__init__.py'...
Listing '/home/robot1/ros2_ws/src/install/robot_pos_interface/local/lib/python3.10/dist-packages/robot_pos_interface/msg'...
Compiling '/home/robot1/ros2_ws/src/install/robot_pos_interface/local/lib/python3.10/dist-packages/robot_pos_interface/msg/__init__.py'...
Compiling '/home/robot1/ros2_ws/src/install/robot_pos_interface/local/lib/python3.10/dist-packages/robot_pos_interface/msg/_robot_position.py'...
-- Installing: /home/robot1/ros2_ws/src/install/robot_pos_interface/local/lib/python3.10/dist-packages/robot_pos_interface/robot_pos_interface_s__rosidl_typesupport_fastrtps_c.cpython-310-aarch64-linux-gnu.so
-- Set runtime path of "/home/robot1/ros2_ws/src/install/robot_pos_interface/local/lib/python3.10/dist-packages/robot_pos_interface/robot_pos_interface_s__rosidl_typesupport_fastrtps_c.cpython-310-aarch64-linux-gnu.so" to ""
-- Installing: /home/robot1/ros2_ws/src/install/robot_pos_interface/local/lib/python3.10/dist-packages/robot_pos_interface/robot_pos_interface_s__rosidl_typesupport_introspection_c.cpython-310-aarch64-linux-gnu.so
-- Set runtime path of "/home/robot1/ros2_ws/src/install/robot_pos_interface/local/lib/python3.10/dist-packages/robot_pos_interface/robot_pos_interface_s__rosidl_typesupport_introspection_c.cpython-310-aarch64-linux-gnu.so" to ""
-- Installing: /home/robot1/ros2_ws/src/install/robot_pos_interface/local/lib/python3.10/dist-packages/robot_pos_interface/robot_pos_interface_s__rosidl_typesupport_c.cpython-310-aarch64-linux-gnu.so
-- Set runtime path of "/home/robot1/ros2_ws/src/install/robot_pos_interface/local/lib/python3.10/dist-packages/robot_pos_interface/robot_pos_interface_s__rosidl_typesupport_c.cpython-310-aarch64-linux-gnu.so" to ""
-- Installing: /home/robot1/ros2_ws/src/install/robot_pos_interface/lib/librobot_pos_interface__rosidl_generator_py.so
-- Set runtime path of "/home/robot1/ros2_ws/src/install/robot_pos_interface/lib/librobot_pos_interface__rosidl_generator_py.so" to ""
-- Installing: /home/robot1/ros2_ws/src/install/robot_pos_interface/share/robot_pos_interface/msg/RobotPosition.idl
-- Installing: /home/robot1/ros2_ws/src/install/robot_pos_interface/share/robot_pos_interface/msg/RobotPosition.msg
-- Installing: /home/robot1/ros2_ws/src/install/robot_pos_interface/share/ament_index/resource_index/package_run_dependencies/robot_pos_interface
-- Installing: /home/robot1/ros2_ws/src/install/robot_pos_interface/share/ament_index/resource_index/parent_prefix_path/robot_pos_interface
-- Installing: /home/robot1/ros2_ws/src/install/robot_pos_interface/share/robot_pos_interface/environment/ament_prefix_path.sh
-- Installing: /home/robot1/ros2_ws/src/install/robot_pos_interface/share/robot_pos_interface/environment/ament_prefix_path.dsv
-- Installing: /home/robot1/ros2_ws/src/install/robot_pos_interface/share/robot_pos_interface/environment/path.sh
-- Installing: /home/robot1/ros2_ws/src/install/robot_pos_interface/share/robot_pos_interface/environment/path.dsv
-- Installing: /home/robot1/ros2_ws/src/install/robot_pos_interface/share/robot_pos_interface/local_setup.bash
-- Installing: /home/robot1/ros2_ws/src/install/robot_pos_interface/share/robot_pos_interface/local_setup.sh
-- Installing: /home/robot1/ros2_ws/src/install/robot_pos_interface/share/robot_pos_interface/local_setup.zsh
-- Installing: /home/robot1/ros2_ws/src/install/robot_pos_interface/share/robot_pos_interface/local_setup.dsv
-- Installing: /home/robot1/ros2_ws/src/install/robot_pos_interface/share/robot_pos_interface/package.dsv
-- Installing: /home/robot1/ros2_ws/src/install/robot_pos_interface/share/ament_index/resource_index/packages/robot_pos_interface
-- Installing: /home/robot1/ros2_ws/src/install/robot_pos_interface/share/robot_pos_interface/cmake/export_robot_pos_interface__rosidl_generator_cExport.cmake
-- Installing: /home/robot1/ros2_ws/src/install/robot_pos_interface/share/robot_pos_interface/cmake/export_robot_pos_interface__rosidl_generator_cExport-noconfig.cmake
-- Installing: /home/robot1/ros2_ws/src/install/robot_pos_interface/share/robot_pos_interface/cmake/export_robot_pos_interface__rosidl_typesupport_fastrtps_cExport.cmake
-- Installing: /home/robot1/ros2_ws/src/install/robot_pos_interface/share/robot_pos_interface/cmake/export_robot_pos_interface__rosidl_typesupport_fastrtps_cExport-noconfig.cmake
-- Installing: /home/robot1/ros2_ws/src/install/robot_pos_interface/share/robot_pos_interface/cmake/robot_pos_interface__rosidl_typesupport_introspection_cExport.cmake
-- Installing: /home/robot1/ros2_ws/src/install/robot_pos_interface/share/robot_pos_interface/cmake/robot_pos_interface__rosidl_typesupport_introspection_cExport-noconfig.cmake
-- Installing: /home/robot1/ros2_ws/src/install/robot_pos_interface/share/robot_pos_interface/cmake/robot_pos_interface__rosidl_typesupport_cExport.cmake
-- Installing: /home/robot1/ros2_ws/src/install/robot_pos_interface/share/robot_pos_interface/cmake/robot_pos_interface__rosidl_typesupport_cExport-noconfig.cmake
-- Installing: /home/robot1/ros2_ws/src/install/robot_pos_interface/share/robot_pos_interface/cmake/export_robot_pos_interface__rosidl_generator_cppExport.cmake
-- Installing: /home/robot1/ros2_ws/src/install/robot_pos_interface/share/robot_pos_interface/cmake/export_robot_pos_interface__rosidl_typesupport_fastrtps_cppExport.cmake
-- Installing: /home/robot1/ros2_ws/src/install/robot_pos_interface/share/robot_pos_interface/cmake/export_robot_pos_interface__rosidl_typesupport_fastrtps_cppExport-noconfig.cmake
-- Installing: /home/robot1/ros2_ws/src/install/robot_pos_interface/share/robot_pos_interface/cmake/robot_pos_interface__rosidl_typesupport_introspection_cppExport.cmake
-- Installing: /home/robot1/ros2_ws/src/install/robot_pos_interface/share/robot_pos_interface/cmake/robot_pos_interface__rosidl_typesupport_introspection_cppExport-noconfig.cmake
-- Installing: /home/robot1/ros2_ws/src/install/robot_pos_interface/share/robot_pos_interface/cmake/robot_pos_interface__rosidl_typesupport_cppExport.cmake
-- Installing: /home/robot1/ros2_ws/src/install/robot_pos_interface/share/robot_pos_interface/cmake/robot_pos_interface__rosidl_typesupport_cppExport-noconfig.cmake
-- Installing: /home/robot1/ros2_ws/src/install/robot_pos_interface/share/robot_pos_interface/cmake/export_robot_pos_interface__rosidl_generator_pyExport.cmake
-- Installing: /home/robot1/ros2_ws/src/install/robot_pos_interface/share/robot_pos_interface/cmake/export_robot_pos_interface__rosidl_generator_pyExport-noconfig.cmake
-- Installing: /home/robot1/ros2_ws/src/install/robot_pos_interface/share/robot_pos_interface/cmake/rosidl_cmake-extras.cmake
-- Installing: /home/robot1/ros2_ws/src/install/robot_pos_interface/share/robot_pos_interface/cmake/ament_cmake_export_include_directories-extras.cmake
-- Installing: /home/robot1/ros2_ws/src/install/robot_pos_interface/share/robot_pos_interface/cmake/ament_cmake_export_libraries-extras.cmake
-- Installing: /home/robot1/ros2_ws/src/install/robot_pos_interface/share/robot_pos_interface/cmake/ament_cmake_export_targets-extras.cmake
-- Installing: /home/robot1/ros2_ws/src/install/robot_pos_interface/share/robot_pos_interface/cmake/rosidl_cmake_export_typesupport_targets-extras.cmake
-- Installing: /home/robot1/ros2_ws/src/install/robot_pos_interface/share/robot_pos_interface/cmake/ament_cmake_export_dependencies-extras.cmake
-- Installing: /home/robot1/ros2_ws/src/install/robot_pos_interface/share/robot_pos_interface/cmake/rosidl_cmake_export_typesupport_libraries-extras.cmake
-- Installing: /home/robot1/ros2_ws/src/install/robot_pos_interface/share/robot_pos_interface/cmake/robot_pos_interfaceConfig.cmake
-- Installing: /home/robot1/ros2_ws/src/install/robot_pos_interface/share/robot_pos_interface/cmake/robot_pos_interfaceConfig-version.cmake
-- Installing: /home/robot1/ros2_ws/src/install/robot_pos_interface/share/robot_pos_interface/package.xml
