[0.402s] Invoking command in '/home/robot1/ros2_ws/src/build/robot_pos_interface': CMAKE_PREFIX_PATH=${CMAKE_PREFIX_PATH}:/home/robot1/ros2_ws/install/py_ping:/home/robot1/ros2_ws/install/position_updater:/home/robot1/ros2_ws/install/map_viewer:/home/robot1/ros2_ws/install/map_updater:/opt/ros/humble /usr/bin/cmake /home/robot1/ros2_ws/src/robot_pos_interface -DCMAKE_INSTALL_PREFIX=/home/robot1/ros2_ws/src/install/robot_pos_interface
[0.463s] -- Found ament_cmake: 1.3.6 (/opt/ros/humble/share/ament_cmake/cmake)
[1.273s] -- Found rosidl_default_generators: 1.2.0 (/opt/ros/humble/share/rosidl_default_generators/cmake)
[1.284s] -- Using all available rosidl_typesupport_c: rosidl_typesupport_fastrtps_c;rosidl_typesupport_introspection_c
[1.297s] -- Found rosidl_adapter: 3.1.5 (/opt/ros/humble/share/rosidl_adapter/cmake)
[1.499s] -- Using all available rosidl_typesupport_cpp: rosidl_typesupport_fastrtps_cpp;rosidl_typesupport_introspection_cpp
[1.644s] -- Found ament_lint_auto: 0.12.9 (/opt/ros/humble/share/ament_lint_auto/cmake)
[3.023s] -- Found ament_cmake_ros: 0.10.0 (/opt/ros/humble/share/ament_cmake_ros/cmake)
[4.147s] -- Using all available rosidl_typesupport_c: rosidl_typesupport_fastrtps_c;rosidl_typesupport_introspection_c
[5.480s] -- Using all available rosidl_typesupport_cpp: rosidl_typesupport_fastrtps_cpp;rosidl_typesupport_introspection_cpp
[5.625s] -- Found PythonInterp: /usr/bin/python3 (found suitable version "3.10.12", minimum required is "3.6") 
[5.658s] -- Found python_cmake_module: 0.10.0 (/opt/ros/humble/share/python_cmake_module/cmake)
[5.820s] -- Found PythonLibs: /usr/lib/aarch64-linux-gnu/libpython3.10.so (found suitable version "3.10.12", minimum required is "3.5") 
[5.821s] -- Using PYTHON_EXECUTABLE: /usr/bin/python3
[5.821s] -- Using PYTHON_INCLUDE_DIRS: /usr/include/python3.10
[5.822s] -- Using PYTHON_LIBRARIES: /usr/lib/aarch64-linux-gnu/libpython3.10.so
[5.946s] -- Found PythonExtra: .so  
[6.181s] -- Added test 'lint_cmake' to check CMake code style
[6.195s] -- Added test 'xmllint' to check XML markup files
[6.247s] -- Configuring done
[6.427s] -- Generating done
[6.441s] -- Build files have been written to: /home/robot1/ros2_ws/src/build/robot_pos_interface
[6.471s] Invoked command in '/home/robot1/ros2_ws/src/build/robot_pos_interface' returned '0': CMAKE_PREFIX_PATH=${CMAKE_PREFIX_PATH}:/home/robot1/ros2_ws/install/py_ping:/home/robot1/ros2_ws/install/position_updater:/home/robot1/ros2_ws/install/map_viewer:/home/robot1/ros2_ws/install/map_updater:/opt/ros/humble /usr/bin/cmake /home/robot1/ros2_ws/src/robot_pos_interface -DCMAKE_INSTALL_PREFIX=/home/robot1/ros2_ws/src/install/robot_pos_interface
[6.481s] Invoking command in '/home/robot1/ros2_ws/src/build/robot_pos_interface': CMAKE_PREFIX_PATH=${CMAKE_PREFIX_PATH}:/home/robot1/ros2_ws/install/py_ping:/home/robot1/ros2_ws/install/position_updater:/home/robot1/ros2_ws/install/map_viewer:/home/robot1/ros2_ws/install/map_updater:/opt/ros/humble /usr/bin/cmake --build /home/robot1/ros2_ws/src/build/robot_pos_interface -- -j4 -l4
[6.678s] [  3%] [34m[1mGenerating C code for ROS interfaces[0m
[6.764s] [  6%] Built target ament_cmake_python_copy_robot_pos_interface
[6.764s] [  6%] [34m[1mGenerating C++ code for ROS interfaces[0m
[8.345s] [  9%] [32mBuilding C object CMakeFiles/robot_pos_interface__rosidl_generator_c.dir/rosidl_generator_c/robot_pos_interface/msg/detail/robot_position__functions.c.o[0m
[8.384s] [  9%] Built target robot_pos_interface__cpp
[8.468s] [ 12%] [34m[1mGenerating C++ introspection for ROS interfaces[0m
[8.469s] [ 16%] [34m[1mGenerating C++ type support for eProsima Fast-RTPS[0m
[8.879s] running egg_info
[8.896s] creating robot_pos_interface.egg-info
[8.897s] writing robot_pos_interface.egg-info/PKG-INFO
[8.898s] writing dependency_links to robot_pos_interface.egg-info/dependency_links.txt
[8.899s] writing top-level names to robot_pos_interface.egg-info/top_level.txt
[8.900s] writing manifest file 'robot_pos_interface.egg-info/SOURCES.txt'
[8.927s] reading manifest file 'robot_pos_interface.egg-info/SOURCES.txt'
[8.937s] writing manifest file 'robot_pos_interface.egg-info/SOURCES.txt'
[8.948s] [ 19%] [32m[1mLinking C shared library librobot_pos_interface__rosidl_generator_c.so[0m
[9.278s] [ 19%] Built target ament_cmake_python_build_robot_pos_interface_egg
[9.319s] [ 19%] Built target robot_pos_interface__rosidl_generator_c
[9.379s] [ 22%] [34m[1mGenerating C++ type support dispatch for ROS interfaces[0m
[9.389s] [ 25%] [34m[1mGenerating C introspection for ROS interfaces[0m
[10.211s] [ 29%] [32mBuilding CXX object CMakeFiles/robot_pos_interface__rosidl_typesupport_introspection_cpp.dir/rosidl_typesupport_introspection_cpp/robot_pos_interface/msg/detail/robot_position__type_support.cpp.o[0m
[10.585s] [ 32%] [32mBuilding CXX object CMakeFiles/robot_pos_interface__rosidl_typesupport_fastrtps_cpp.dir/rosidl_typesupport_fastrtps_cpp/robot_pos_interface/msg/detail/dds_fastrtps/robot_position__type_support.cpp.o[0m
[10.985s] [ 35%] [32mBuilding CXX object CMakeFiles/robot_pos_interface__rosidl_typesupport_cpp.dir/rosidl_typesupport_cpp/robot_pos_interface/msg/robot_position__type_support.cpp.o[0m
[11.387s] [ 38%] [32mBuilding C object CMakeFiles/robot_pos_interface__rosidl_typesupport_introspection_c.dir/rosidl_typesupport_introspection_c/robot_pos_interface/msg/detail/robot_position__type_support.c.o[0m
[11.889s] [ 41%] [32m[1mLinking C shared library librobot_pos_interface__rosidl_typesupport_introspection_c.so[0m
[12.296s] [ 41%] Built target robot_pos_interface__rosidl_typesupport_introspection_c
[12.417s] [ 45%] [34m[1mGenerating C type support dispatch for ROS interfaces[0m
[13.766s] [ 48%] [32m[1mLinking CXX shared library librobot_pos_interface__rosidl_typesupport_cpp.so[0m
[14.101s] [ 48%] Built target robot_pos_interface__rosidl_typesupport_cpp
[14.151s] [ 51%] [32m[1mLinking CXX shared library librobot_pos_interface__rosidl_typesupport_fastrtps_cpp.so[0m
[14.186s] [ 54%] [34m[1mGenerating C type support for eProsima Fast-RTPS[0m
[14.238s] [ 58%] [32mBuilding CXX object CMakeFiles/robot_pos_interface__rosidl_typesupport_c.dir/rosidl_typesupport_c/robot_pos_interface/msg/robot_position__type_support.cpp.o[0m
[14.496s] [ 61%] [32m[1mLinking CXX shared library librobot_pos_interface__rosidl_typesupport_c.so[0m
[14.770s] [ 61%] Built target robot_pos_interface__rosidl_typesupport_c
[14.792s] [ 61%] Built target robot_pos_interface__rosidl_typesupport_fastrtps_cpp
[14.817s] [ 64%] [32m[1mLinking CXX shared library librobot_pos_interface__rosidl_typesupport_introspection_cpp.so[0m
[15.001s] [ 64%] Built target robot_pos_interface__rosidl_typesupport_introspection_cpp
[15.713s] [ 67%] [32mBuilding CXX object CMakeFiles/robot_pos_interface__rosidl_typesupport_fastrtps_c.dir/rosidl_typesupport_fastrtps_c/robot_pos_interface/msg/detail/robot_position__type_support_c.cpp.o[0m
[17.344s] [ 70%] [32m[1mLinking CXX shared library librobot_pos_interface__rosidl_typesupport_fastrtps_c.so[0m
[17.681s] [ 70%] Built target robot_pos_interface__rosidl_typesupport_fastrtps_c
[17.769s] [ 70%] Built target robot_pos_interface
[17.858s] [ 74%] [34m[1mGenerating Python code for ROS interfaces[0m
[19.249s] [ 74%] Built target robot_pos_interface__py
[19.339s] [ 77%] [32mBuilding C object CMakeFiles/robot_pos_interface__rosidl_generator_py.dir/rosidl_generator_py/robot_pos_interface/msg/_robot_position_s.c.o[0m
[19.962s] [ 80%] [32m[1mLinking C shared library rosidl_generator_py/robot_pos_interface/librobot_pos_interface__rosidl_generator_py.so[0m
[20.154s] [ 80%] Built target robot_pos_interface__rosidl_generator_py
[20.256s] [ 83%] [32mBuilding C object CMakeFiles/robot_pos_interface__rosidl_typesupport_fastrtps_c__pyext.dir/rosidl_generator_py/robot_pos_interface/_robot_pos_interface_s.ep.rosidl_typesupport_fastrtps_c.c.o[0m
[20.281s] [ 87%] [32mBuilding C object CMakeFiles/robot_pos_interface__rosidl_typesupport_c__pyext.dir/rosidl_generator_py/robot_pos_interface/_robot_pos_interface_s.ep.rosidl_typesupport_c.c.o[0m
[20.302s] [ 90%] [32mBuilding C object CMakeFiles/robot_pos_interface__rosidl_typesupport_introspection_c__pyext.dir/rosidl_generator_py/robot_pos_interface/_robot_pos_interface_s.ep.rosidl_typesupport_introspection_c.c.o[0m
[20.831s] [ 93%] [32m[1mLinking C shared library rosidl_generator_py/robot_pos_interface/robot_pos_interface_s__rosidl_typesupport_fastrtps_c.cpython-310-aarch64-linux-gnu.so[0m
[20.833s] [ 96%] [32m[1mLinking C shared library rosidl_generator_py/robot_pos_interface/robot_pos_interface_s__rosidl_typesupport_c.cpython-310-aarch64-linux-gnu.so[0m
[20.835s] [100%] [32m[1mLinking C shared library rosidl_generator_py/robot_pos_interface/robot_pos_interface_s__rosidl_typesupport_introspection_c.cpython-310-aarch64-linux-gnu.so[0m
[21.028s] [100%] Built target robot_pos_interface__rosidl_typesupport_c__pyext
[21.034s] [100%] Built target robot_pos_interface__rosidl_typesupport_introspection_c__pyext
[21.045s] [100%] Built target robot_pos_interface__rosidl_typesupport_fastrtps_c__pyext
[21.094s] Invoked command in '/home/robot1/ros2_ws/src/build/robot_pos_interface' returned '0': CMAKE_PREFIX_PATH=${CMAKE_PREFIX_PATH}:/home/robot1/ros2_ws/install/py_ping:/home/robot1/ros2_ws/install/position_updater:/home/robot1/ros2_ws/install/map_viewer:/home/robot1/ros2_ws/install/map_updater:/opt/ros/humble /usr/bin/cmake --build /home/robot1/ros2_ws/src/build/robot_pos_interface -- -j4 -l4
[21.499s] Invoking command in '/home/robot1/ros2_ws/src/build/robot_pos_interface': CMAKE_PREFIX_PATH=${CMAKE_PREFIX_PATH}:/home/robot1/ros2_ws/install/py_ping:/home/robot1/ros2_ws/install/position_updater:/home/robot1/ros2_ws/install/map_viewer:/home/robot1/ros2_ws/install/map_updater:/opt/ros/humble /usr/bin/cmake --install /home/robot1/ros2_ws/src/build/robot_pos_interface
[21.527s] -- Install configuration: ""
[21.528s] -- Installing: /home/robot1/ros2_ws/src/install/robot_pos_interface/share/ament_index/resource_index/rosidl_interfaces/robot_pos_interface
[21.530s] -- Installing: /home/robot1/ros2_ws/src/install/robot_pos_interface/include/robot_pos_interface/robot_pos_interface
[21.530s] -- Installing: /home/robot1/ros2_ws/src/install/robot_pos_interface/include/robot_pos_interface/robot_pos_interface/msg
[21.531s] -- Installing: /home/robot1/ros2_ws/src/install/robot_pos_interface/include/robot_pos_interface/robot_pos_interface/msg/detail
[21.532s] -- Installing: /home/robot1/ros2_ws/src/install/robot_pos_interface/include/robot_pos_interface/robot_pos_interface/msg/detail/robot_position__struct.h
[21.533s] -- Installing: /home/robot1/ros2_ws/src/install/robot_pos_interface/include/robot_pos_interface/robot_pos_interface/msg/detail/robot_position__type_support.h
[21.535s] -- Installing: /home/robot1/ros2_ws/src/install/robot_pos_interface/include/robot_pos_interface/robot_pos_interface/msg/detail/robot_position__functions.h
[21.536s] -- Installing: /home/robot1/ros2_ws/src/install/robot_pos_interface/include/robot_pos_interface/robot_pos_interface/msg/detail/robot_position__functions.c
[21.537s] -- Installing: /home/robot1/ros2_ws/src/install/robot_pos_interface/include/robot_pos_interface/robot_pos_interface/msg/rosidl_generator_c__visibility_control.h
[21.538s] -- Installing: /home/robot1/ros2_ws/src/install/robot_pos_interface/include/robot_pos_interface/robot_pos_interface/msg/robot_position.h
[21.540s] -- Installing: /home/robot1/ros2_ws/src/install/robot_pos_interface/share/robot_pos_interface/environment/library_path.sh
[21.541s] -- Installing: /home/robot1/ros2_ws/src/install/robot_pos_interface/share/robot_pos_interface/environment/library_path.dsv
[21.542s] -- Installing: /home/robot1/ros2_ws/src/install/robot_pos_interface/lib/librobot_pos_interface__rosidl_generator_c.so
[21.545s] -- Set runtime path of "/home/robot1/ros2_ws/src/install/robot_pos_interface/lib/librobot_pos_interface__rosidl_generator_c.so" to ""
[21.545s] -- Up-to-date: /home/robot1/ros2_ws/src/install/robot_pos_interface/include/robot_pos_interface/robot_pos_interface
[21.545s] -- Up-to-date: /home/robot1/ros2_ws/src/install/robot_pos_interface/include/robot_pos_interface/robot_pos_interface/msg
[21.546s] -- Up-to-date: /home/robot1/ros2_ws/src/install/robot_pos_interface/include/robot_pos_interface/robot_pos_interface/msg/detail
[21.546s] -- Installing: /home/robot1/ros2_ws/src/install/robot_pos_interface/include/robot_pos_interface/robot_pos_interface/msg/detail/robot_position__rosidl_typesupport_fastrtps_c.h
[21.547s] -- Installing: /home/robot1/ros2_ws/src/install/robot_pos_interface/include/robot_pos_interface/robot_pos_interface/msg/rosidl_typesupport_fastrtps_c__visibility_control.h
[21.549s] -- Installing: /home/robot1/ros2_ws/src/install/robot_pos_interface/lib/librobot_pos_interface__rosidl_typesupport_fastrtps_c.so
[21.551s] -- Set runtime path of "/home/robot1/ros2_ws/src/install/robot_pos_interface/lib/librobot_pos_interface__rosidl_typesupport_fastrtps_c.so" to ""
[21.552s] -- Up-to-date: /home/robot1/ros2_ws/src/install/robot_pos_interface/include/robot_pos_interface/robot_pos_interface
[21.552s] -- Up-to-date: /home/robot1/ros2_ws/src/install/robot_pos_interface/include/robot_pos_interface/robot_pos_interface/msg
[21.552s] -- Installing: /home/robot1/ros2_ws/src/install/robot_pos_interface/include/robot_pos_interface/robot_pos_interface/msg/rosidl_typesupport_introspection_c__visibility_control.h
[21.554s] -- Up-to-date: /home/robot1/ros2_ws/src/install/robot_pos_interface/include/robot_pos_interface/robot_pos_interface/msg/detail
[21.554s] -- Installing: /home/robot1/ros2_ws/src/install/robot_pos_interface/include/robot_pos_interface/robot_pos_interface/msg/detail/robot_position__type_support.c
[21.555s] -- Installing: /home/robot1/ros2_ws/src/install/robot_pos_interface/include/robot_pos_interface/robot_pos_interface/msg/detail/robot_position__rosidl_typesupport_introspection_c.h
[21.557s] -- Installing: /home/robot1/ros2_ws/src/install/robot_pos_interface/lib/librobot_pos_interface__rosidl_typesupport_introspection_c.so
[21.559s] -- Set runtime path of "/home/robot1/ros2_ws/src/install/robot_pos_interface/lib/librobot_pos_interface__rosidl_typesupport_introspection_c.so" to ""
[21.560s] -- Installing: /home/robot1/ros2_ws/src/install/robot_pos_interface/lib/librobot_pos_interface__rosidl_typesupport_c.so
[21.562s] -- Set runtime path of "/home/robot1/ros2_ws/src/install/robot_pos_interface/lib/librobot_pos_interface__rosidl_typesupport_c.so" to ""
[21.562s] -- Up-to-date: /home/robot1/ros2_ws/src/install/robot_pos_interface/include/robot_pos_interface/robot_pos_interface
[21.567s] -- Up-to-date: /home/robot1/ros2_ws/src/install/robot_pos_interface/include/robot_pos_interface/robot_pos_interface/msg
[21.568s] -- Installing: /home/robot1/ros2_ws/src/install/robot_pos_interface/include/robot_pos_interface/robot_pos_interface/msg/robot_position.hpp
[21.568s] -- Up-to-date: /home/robot1/ros2_ws/src/install/robot_pos_interface/include/robot_pos_interface/robot_pos_interface/msg/detail
[21.568s] -- Installing: /home/robot1/ros2_ws/src/install/robot_pos_interface/include/robot_pos_interface/robot_pos_interface/msg/detail/robot_position__builder.hpp
[21.569s] -- Installing: /home/robot1/ros2_ws/src/install/robot_pos_interface/include/robot_pos_interface/robot_pos_interface/msg/detail/robot_position__traits.hpp
[21.570s] -- Installing: /home/robot1/ros2_ws/src/install/robot_pos_interface/include/robot_pos_interface/robot_pos_interface/msg/detail/robot_position__struct.hpp
[21.570s] -- Up-to-date: /home/robot1/ros2_ws/src/install/robot_pos_interface/include/robot_pos_interface/robot_pos_interface
[21.571s] -- Up-to-date: /home/robot1/ros2_ws/src/install/robot_pos_interface/include/robot_pos_interface/robot_pos_interface/msg
[21.571s] -- Up-to-date: /home/robot1/ros2_ws/src/install/robot_pos_interface/include/robot_pos_interface/robot_pos_interface/msg/detail
[21.571s] -- Installing: /home/robot1/ros2_ws/src/install/robot_pos_interface/include/robot_pos_interface/robot_pos_interface/msg/detail/dds_fastrtps
[21.572s] -- Installing: /home/robot1/ros2_ws/src/install/robot_pos_interface/include/robot_pos_interface/robot_pos_interface/msg/detail/robot_position__rosidl_typesupport_fastrtps_cpp.hpp
[21.572s] -- Installing: /home/robot1/ros2_ws/src/install/robot_pos_interface/include/robot_pos_interface/robot_pos_interface/msg/rosidl_typesupport_fastrtps_cpp__visibility_control.h
[21.574s] -- Installing: /home/robot1/ros2_ws/src/install/robot_pos_interface/lib/librobot_pos_interface__rosidl_typesupport_fastrtps_cpp.so
[21.577s] -- Set runtime path of "/home/robot1/ros2_ws/src/install/robot_pos_interface/lib/librobot_pos_interface__rosidl_typesupport_fastrtps_cpp.so" to ""
[21.577s] -- Up-to-date: /home/robot1/ros2_ws/src/install/robot_pos_interface/include/robot_pos_interface/robot_pos_interface
[21.578s] -- Up-to-date: /home/robot1/ros2_ws/src/install/robot_pos_interface/include/robot_pos_interface/robot_pos_interface/msg
[21.578s] -- Up-to-date: /home/robot1/ros2_ws/src/install/robot_pos_interface/include/robot_pos_interface/robot_pos_interface/msg/detail
[21.579s] -- Installing: /home/robot1/ros2_ws/src/install/robot_pos_interface/include/robot_pos_interface/robot_pos_interface/msg/detail/robot_position__rosidl_typesupport_introspection_cpp.hpp
[21.580s] -- Installing: /home/robot1/ros2_ws/src/install/robot_pos_interface/include/robot_pos_interface/robot_pos_interface/msg/detail/robot_position__type_support.cpp
[21.581s] -- Installing: /home/robot1/ros2_ws/src/install/robot_pos_interface/lib/librobot_pos_interface__rosidl_typesupport_introspection_cpp.so
[21.585s] -- Set runtime path of "/home/robot1/ros2_ws/src/install/robot_pos_interface/lib/librobot_pos_interface__rosidl_typesupport_introspection_cpp.so" to ""
[21.585s] -- Installing: /home/robot1/ros2_ws/src/install/robot_pos_interface/lib/librobot_pos_interface__rosidl_typesupport_cpp.so
[21.587s] -- Set runtime path of "/home/robot1/ros2_ws/src/install/robot_pos_interface/lib/librobot_pos_interface__rosidl_typesupport_cpp.so" to ""
[21.588s] -- Installing: /home/robot1/ros2_ws/src/install/robot_pos_interface/share/robot_pos_interface/environment/pythonpath.sh
[21.589s] -- Installing: /home/robot1/ros2_ws/src/install/robot_pos_interface/share/robot_pos_interface/environment/pythonpath.dsv
[21.590s] -- Installing: /home/robot1/ros2_ws/src/install/robot_pos_interface/local/lib/python3.10/dist-packages/robot_pos_interface-0.0.0-py3.10.egg-info
[21.606s] -- Installing: /home/robot1/ros2_ws/src/install/robot_pos_interface/local/lib/python3.10/dist-packages/robot_pos_interface-0.0.0-py3.10.egg-info/dependency_links.txt
[21.606s] -- Installing: /home/robot1/ros2_ws/src/install/robot_pos_interface/local/lib/python3.10/dist-packages/robot_pos_interface-0.0.0-py3.10.egg-info/SOURCES.txt
[21.606s] -- Installing: /home/robot1/ros2_ws/src/install/robot_pos_interface/local/lib/python3.10/dist-packages/robot_pos_interface-0.0.0-py3.10.egg-info/top_level.txt
[21.607s] -- Installing: /home/robot1/ros2_ws/src/install/robot_pos_interface/local/lib/python3.10/dist-packages/robot_pos_interface-0.0.0-py3.10.egg-info/PKG-INFO
[21.607s] -- Installing: /home/robot1/ros2_ws/src/install/robot_pos_interface/local/lib/python3.10/dist-packages/robot_pos_interface
[21.607s] -- Installing: /home/robot1/ros2_ws/src/install/robot_pos_interface/local/lib/python3.10/dist-packages/robot_pos_interface/_robot_pos_interface_s.ep.rosidl_typesupport_c.c
[21.608s] -- Installing: /home/robot1/ros2_ws/src/install/robot_pos_interface/local/lib/python3.10/dist-packages/robot_pos_interface/librobot_pos_interface__rosidl_generator_py.so
[21.608s] -- Installing: /home/robot1/ros2_ws/src/install/robot_pos_interface/local/lib/python3.10/dist-packages/robot_pos_interface/msg
[21.608s] -- Installing: /home/robot1/ros2_ws/src/install/robot_pos_interface/local/lib/python3.10/dist-packages/robot_pos_interface/msg/__init__.py
[21.609s] -- Installing: /home/robot1/ros2_ws/src/install/robot_pos_interface/local/lib/python3.10/dist-packages/robot_pos_interface/msg/_robot_position.py
[21.609s] -- Installing: /home/robot1/ros2_ws/src/install/robot_pos_interface/local/lib/python3.10/dist-packages/robot_pos_interface/msg/_robot_position_s.c
[21.610s] -- Installing: /home/robot1/ros2_ws/src/install/robot_pos_interface/local/lib/python3.10/dist-packages/robot_pos_interface/robot_pos_interface_s__rosidl_typesupport_introspection_c.cpython-310-aarch64-linux-gnu.so
[21.610s] -- Installing: /home/robot1/ros2_ws/src/install/robot_pos_interface/local/lib/python3.10/dist-packages/robot_pos_interface/__init__.py
[21.610s] -- Installing: /home/robot1/ros2_ws/src/install/robot_pos_interface/local/lib/python3.10/dist-packages/robot_pos_interface/_robot_pos_interface_s.ep.rosidl_typesupport_introspection_c.c
[21.611s] -- Installing: /home/robot1/ros2_ws/src/install/robot_pos_interface/local/lib/python3.10/dist-packages/robot_pos_interface/robot_pos_interface_s__rosidl_typesupport_fastrtps_c.cpython-310-aarch64-linux-gnu.so
[21.611s] -- Installing: /home/robot1/ros2_ws/src/install/robot_pos_interface/local/lib/python3.10/dist-packages/robot_pos_interface/_robot_pos_interface_s.ep.rosidl_typesupport_fastrtps_c.c
[21.612s] -- Installing: /home/robot1/ros2_ws/src/install/robot_pos_interface/local/lib/python3.10/dist-packages/robot_pos_interface/robot_pos_interface_s__rosidl_typesupport_c.cpython-310-aarch64-linux-gnu.so
[21.789s] Listing '/home/robot1/ros2_ws/src/install/robot_pos_interface/local/lib/python3.10/dist-packages/robot_pos_interface'...
[21.790s] Compiling '/home/robot1/ros2_ws/src/install/robot_pos_interface/local/lib/python3.10/dist-packages/robot_pos_interface/__init__.py'...
[21.790s] Listing '/home/robot1/ros2_ws/src/install/robot_pos_interface/local/lib/python3.10/dist-packages/robot_pos_interface/msg'...
[21.791s] Compiling '/home/robot1/ros2_ws/src/install/robot_pos_interface/local/lib/python3.10/dist-packages/robot_pos_interface/msg/__init__.py'...
[21.792s] Compiling '/home/robot1/ros2_ws/src/install/robot_pos_interface/local/lib/python3.10/dist-packages/robot_pos_interface/msg/_robot_position.py'...
[21.815s] -- Installing: /home/robot1/ros2_ws/src/install/robot_pos_interface/local/lib/python3.10/dist-packages/robot_pos_interface/robot_pos_interface_s__rosidl_typesupport_fastrtps_c.cpython-310-aarch64-linux-gnu.so
[21.818s] -- Set runtime path of "/home/robot1/ros2_ws/src/install/robot_pos_interface/local/lib/python3.10/dist-packages/robot_pos_interface/robot_pos_interface_s__rosidl_typesupport_fastrtps_c.cpython-310-aarch64-linux-gnu.so" to ""
[21.819s] -- Installing: /home/robot1/ros2_ws/src/install/robot_pos_interface/local/lib/python3.10/dist-packages/robot_pos_interface/robot_pos_interface_s__rosidl_typesupport_introspection_c.cpython-310-aarch64-linux-gnu.so
[21.822s] -- Set runtime path of "/home/robot1/ros2_ws/src/install/robot_pos_interface/local/lib/python3.10/dist-packages/robot_pos_interface/robot_pos_interface_s__rosidl_typesupport_introspection_c.cpython-310-aarch64-linux-gnu.so" to ""
[21.824s] -- Installing: /home/robot1/ros2_ws/src/install/robot_pos_interface/local/lib/python3.10/dist-packages/robot_pos_interface/robot_pos_interface_s__rosidl_typesupport_c.cpython-310-aarch64-linux-gnu.so
[21.826s] -- Set runtime path of "/home/robot1/ros2_ws/src/install/robot_pos_interface/local/lib/python3.10/dist-packages/robot_pos_interface/robot_pos_interface_s__rosidl_typesupport_c.cpython-310-aarch64-linux-gnu.so" to ""
[21.827s] -- Installing: /home/robot1/ros2_ws/src/install/robot_pos_interface/lib/librobot_pos_interface__rosidl_generator_py.so
[21.829s] -- Set runtime path of "/home/robot1/ros2_ws/src/install/robot_pos_interface/lib/librobot_pos_interface__rosidl_generator_py.so" to ""
[21.830s] -- Installing: /home/robot1/ros2_ws/src/install/robot_pos_interface/share/robot_pos_interface/msg/RobotPosition.idl
[21.831s] -- Installing: /home/robot1/ros2_ws/src/install/robot_pos_interface/share/robot_pos_interface/msg/RobotPosition.msg
[21.832s] -- Installing: /home/robot1/ros2_ws/src/install/robot_pos_interface/share/ament_index/resource_index/package_run_dependencies/robot_pos_interface
[21.834s] -- Installing: /home/robot1/ros2_ws/src/install/robot_pos_interface/share/ament_index/resource_index/parent_prefix_path/robot_pos_interface
[21.835s] -- Installing: /home/robot1/ros2_ws/src/install/robot_pos_interface/share/robot_pos_interface/environment/ament_prefix_path.sh
[21.836s] -- Installing: /home/robot1/ros2_ws/src/install/robot_pos_interface/share/robot_pos_interface/environment/ament_prefix_path.dsv
[21.838s] -- Installing: /home/robot1/ros2_ws/src/install/robot_pos_interface/share/robot_pos_interface/environment/path.sh
[21.839s] -- Installing: /home/robot1/ros2_ws/src/install/robot_pos_interface/share/robot_pos_interface/environment/path.dsv
[21.840s] -- Installing: /home/robot1/ros2_ws/src/install/robot_pos_interface/share/robot_pos_interface/local_setup.bash
[21.841s] -- Installing: /home/robot1/ros2_ws/src/install/robot_pos_interface/share/robot_pos_interface/local_setup.sh
[21.842s] -- Installing: /home/robot1/ros2_ws/src/install/robot_pos_interface/share/robot_pos_interface/local_setup.zsh
[21.843s] -- Installing: /home/robot1/ros2_ws/src/install/robot_pos_interface/share/robot_pos_interface/local_setup.dsv
[21.844s] -- Installing: /home/robot1/ros2_ws/src/install/robot_pos_interface/share/robot_pos_interface/package.dsv
[21.846s] -- Installing: /home/robot1/ros2_ws/src/install/robot_pos_interface/share/ament_index/resource_index/packages/robot_pos_interface
[21.848s] -- Installing: /home/robot1/ros2_ws/src/install/robot_pos_interface/share/robot_pos_interface/cmake/export_robot_pos_interface__rosidl_generator_cExport.cmake
[21.849s] -- Installing: /home/robot1/ros2_ws/src/install/robot_pos_interface/share/robot_pos_interface/cmake/export_robot_pos_interface__rosidl_generator_cExport-noconfig.cmake
[21.852s] -- Installing: /home/robot1/ros2_ws/src/install/robot_pos_interface/share/robot_pos_interface/cmake/export_robot_pos_interface__rosidl_typesupport_fastrtps_cExport.cmake
[21.853s] -- Installing: /home/robot1/ros2_ws/src/install/robot_pos_interface/share/robot_pos_interface/cmake/export_robot_pos_interface__rosidl_typesupport_fastrtps_cExport-noconfig.cmake
[21.854s] -- Installing: /home/robot1/ros2_ws/src/install/robot_pos_interface/share/robot_pos_interface/cmake/robot_pos_interface__rosidl_typesupport_introspection_cExport.cmake
[21.856s] -- Installing: /home/robot1/ros2_ws/src/install/robot_pos_interface/share/robot_pos_interface/cmake/robot_pos_interface__rosidl_typesupport_introspection_cExport-noconfig.cmake
[21.858s] -- Installing: /home/robot1/ros2_ws/src/install/robot_pos_interface/share/robot_pos_interface/cmake/robot_pos_interface__rosidl_typesupport_cExport.cmake
[21.860s] -- Installing: /home/robot1/ros2_ws/src/install/robot_pos_interface/share/robot_pos_interface/cmake/robot_pos_interface__rosidl_typesupport_cExport-noconfig.cmake
[21.861s] -- Installing: /home/robot1/ros2_ws/src/install/robot_pos_interface/share/robot_pos_interface/cmake/export_robot_pos_interface__rosidl_generator_cppExport.cmake
[21.863s] -- Installing: /home/robot1/ros2_ws/src/install/robot_pos_interface/share/robot_pos_interface/cmake/export_robot_pos_interface__rosidl_typesupport_fastrtps_cppExport.cmake
[21.865s] -- Installing: /home/robot1/ros2_ws/src/install/robot_pos_interface/share/robot_pos_interface/cmake/export_robot_pos_interface__rosidl_typesupport_fastrtps_cppExport-noconfig.cmake
[21.866s] -- Installing: /home/robot1/ros2_ws/src/install/robot_pos_interface/share/robot_pos_interface/cmake/robot_pos_interface__rosidl_typesupport_introspection_cppExport.cmake
[21.868s] -- Installing: /home/robot1/ros2_ws/src/install/robot_pos_interface/share/robot_pos_interface/cmake/robot_pos_interface__rosidl_typesupport_introspection_cppExport-noconfig.cmake
[21.870s] -- Installing: /home/robot1/ros2_ws/src/install/robot_pos_interface/share/robot_pos_interface/cmake/robot_pos_interface__rosidl_typesupport_cppExport.cmake
[21.871s] -- Installing: /home/robot1/ros2_ws/src/install/robot_pos_interface/share/robot_pos_interface/cmake/robot_pos_interface__rosidl_typesupport_cppExport-noconfig.cmake
[21.873s] -- Installing: /home/robot1/ros2_ws/src/install/robot_pos_interface/share/robot_pos_interface/cmake/export_robot_pos_interface__rosidl_generator_pyExport.cmake
[21.875s] -- Installing: /home/robot1/ros2_ws/src/install/robot_pos_interface/share/robot_pos_interface/cmake/export_robot_pos_interface__rosidl_generator_pyExport-noconfig.cmake
[21.876s] -- Installing: /home/robot1/ros2_ws/src/install/robot_pos_interface/share/robot_pos_interface/cmake/rosidl_cmake-extras.cmake
[21.878s] -- Installing: /home/robot1/ros2_ws/src/install/robot_pos_interface/share/robot_pos_interface/cmake/ament_cmake_export_include_directories-extras.cmake
[21.879s] -- Installing: /home/robot1/ros2_ws/src/install/robot_pos_interface/share/robot_pos_interface/cmake/ament_cmake_export_libraries-extras.cmake
[21.881s] -- Installing: /home/robot1/ros2_ws/src/install/robot_pos_interface/share/robot_pos_interface/cmake/ament_cmake_export_targets-extras.cmake
[21.882s] -- Installing: /home/robot1/ros2_ws/src/install/robot_pos_interface/share/robot_pos_interface/cmake/rosidl_cmake_export_typesupport_targets-extras.cmake
[21.884s] -- Installing: /home/robot1/ros2_ws/src/install/robot_pos_interface/share/robot_pos_interface/cmake/ament_cmake_export_dependencies-extras.cmake
[21.885s] -- Installing: /home/robot1/ros2_ws/src/install/robot_pos_interface/share/robot_pos_interface/cmake/rosidl_cmake_export_typesupport_libraries-extras.cmake
[21.887s] -- Installing: /home/robot1/ros2_ws/src/install/robot_pos_interface/share/robot_pos_interface/cmake/robot_pos_interfaceConfig.cmake
[21.888s] -- Installing: /home/robot1/ros2_ws/src/install/robot_pos_interface/share/robot_pos_interface/cmake/robot_pos_interfaceConfig-version.cmake
[21.890s] -- Installing: /home/robot1/ros2_ws/src/install/robot_pos_interface/share/robot_pos_interface/package.xml
[21.898s] Invoked command in '/home/robot1/ros2_ws/src/build/robot_pos_interface' returned '0': CMAKE_PREFIX_PATH=${CMAKE_PREFIX_PATH}:/home/robot1/ros2_ws/install/py_ping:/home/robot1/ros2_ws/install/position_updater:/home/robot1/ros2_ws/install/map_viewer:/home/robot1/ros2_ws/install/map_updater:/opt/ros/humble /usr/bin/cmake --install /home/robot1/ros2_ws/src/build/robot_pos_interface
