running egg_info
writing ../build/gotoxy/gotoxy.egg-info/PKG-INFO
writing dependency_links to ../build/gotoxy/gotoxy.egg-info/dependency_links.txt
writing entry points to ../build/gotoxy/gotoxy.egg-info/entry_points.txt
writing requirements to ../build/gotoxy/gotoxy.egg-info/requires.txt
writing top-level names to ../build/gotoxy/gotoxy.egg-info/top_level.txt
reading manifest file '../build/gotoxy/gotoxy.egg-info/SOURCES.txt'
adding license file 'LICENSE'
writing manifest file '../build/gotoxy/gotoxy.egg-info/SOURCES.txt'
running build
running build_py
copying gotoxy/gotoxy_action_server.py -> /home/robot1/ros2_ws/src/build/gotoxy/build/lib/gotoxy
running install
running install_lib
copying /home/robot1/ros2_ws/src/build/gotoxy/build/lib/gotoxy/gotoxy_action_server.py -> /home/robot1/ros2_ws/src/install/gotoxy/lib/python3.10/site-packages/gotoxy
byte-compiling /home/robot1/ros2_ws/src/install/gotoxy/lib/python3.10/site-packages/gotoxy/gotoxy_action_server.py to gotoxy_action_server.cpython-310.pyc
running install_data
running install_egg_info
removing '/home/robot1/ros2_ws/src/install/gotoxy/lib/python3.10/site-packages/gotoxy-0.32.0-py3.10.egg-info' (and everything under it)
Copying ../build/gotoxy/gotoxy.egg-info to /home/robot1/ros2_ws/src/install/gotoxy/lib/python3.10/site-packages/gotoxy-0.32.0-py3.10.egg-info
running install_scripts
Installing gotoxy_client script to /home/robot1/ros2_ws/src/install/gotoxy/lib/action_tutorials_py
Installing gotoxy_server script to /home/robot1/ros2_ws/src/install/gotoxy/lib/action_tutorials_py
writing list of installed files to '/home/robot1/ros2_ws/src/build/gotoxy/install.log'
