[3.298s] Invoking command in '/home/robot1/ros2_ws/src/gotoxy': PYTHONPATH=/home/robot1/ros2_ws/src/build/gotoxy/prefix_override:/home/robot1/ros2_ws/src/install/gotoxy/lib/python3.10/site-packages:${PYTHONPATH} /usr/bin/python3 setup.py egg_info --egg-base ../build/gotoxy build --build-base /home/robot1/ros2_ws/src/build/gotoxy/build install --record /home/robot1/ros2_ws/src/build/gotoxy/install.log --single-version-externally-managed
[4.406s] running egg_info
[4.408s] writing ../build/gotoxy/gotoxy.egg-info/PKG-INFO
[4.409s] writing dependency_links to ../build/gotoxy/gotoxy.egg-info/dependency_links.txt
[4.411s] writing entry points to ../build/gotoxy/gotoxy.egg-info/entry_points.txt
[4.412s] writing requirements to ../build/gotoxy/gotoxy.egg-info/requires.txt
[4.412s] writing top-level names to ../build/gotoxy/gotoxy.egg-info/top_level.txt
[4.418s] package init file 'gotoxy/__init__.py' not found (or not a regular file)
[4.420s] reading manifest file '../build/gotoxy/gotoxy.egg-info/SOURCES.txt'
[4.421s] adding license file 'LICENSE'
[4.424s] writing manifest file '../build/gotoxy/gotoxy.egg-info/SOURCES.txt'
[4.424s] running build
[4.425s] running build_py
[4.425s] copying gotoxy/gotoxy_action_server.py -> /home/robot1/ros2_ws/src/build/gotoxy/build/lib/gotoxy
[4.427s] running install
[4.427s] /usr/lib/python3/dist-packages/setuptools/command/install.py:34: SetuptoolsDeprecationWarning: setup.py install is deprecated. Use build and pip and other standards-based tools.
[4.427s]   warnings.warn(
[4.428s] running install_lib
[4.431s] copying /home/robot1/ros2_ws/src/build/gotoxy/build/lib/gotoxy/gotoxy_action_server.py -> /home/robot1/ros2_ws/src/install/gotoxy/lib/python3.10/site-packages/gotoxy
[4.435s] byte-compiling /home/robot1/ros2_ws/src/install/gotoxy/lib/python3.10/site-packages/gotoxy/gotoxy_action_server.py to gotoxy_action_server.cpython-310.pyc
[4.440s] running install_data
[4.442s] running install_egg_info
[4.449s] removing '/home/robot1/ros2_ws/src/install/gotoxy/lib/python3.10/site-packages/gotoxy-0.32.0-py3.10.egg-info' (and everything under it)
[4.450s] Copying ../build/gotoxy/gotoxy.egg-info to /home/robot1/ros2_ws/src/install/gotoxy/lib/python3.10/site-packages/gotoxy-0.32.0-py3.10.egg-info
[4.455s] running install_scripts
[4.538s] Installing gotoxy_client script to /home/robot1/ros2_ws/src/install/gotoxy/lib/action_tutorials_py
[4.539s] Installing gotoxy_server script to /home/robot1/ros2_ws/src/install/gotoxy/lib/action_tutorials_py
[4.540s] writing list of installed files to '/home/robot1/ros2_ws/src/build/gotoxy/install.log'
[4.653s] Invoked command in '/home/robot1/ros2_ws/src/gotoxy' returned '0': PYTHONPATH=/home/robot1/ros2_ws/src/build/gotoxy/prefix_override:/home/robot1/ros2_ws/src/install/gotoxy/lib/python3.10/site-packages:${PYTHONPATH} /usr/bin/python3 setup.py egg_info --egg-base ../build/gotoxy build --build-base /home/robot1/ros2_ws/src/build/gotoxy/build install --record /home/robot1/ros2_ws/src/build/gotoxy/install.log --single-version-externally-managed
