[5.937s] DEBUG:colcon:Command line arguments: ['/usr/bin/colcon', 'build', '--packages-select', 'robot_pos_interface']
[5.937s] DEBUG:colcon:Parsed command line arguments: Namespace(log_base=None, log_level=None, verb_name='build', build_base='build', install_base='install', merge_install=False, symlink_install=False, test_result_base=None, continue_on_error=False, executor='parallel', parallel_workers=4, event_handlers=None, ignore_user_meta=False, metas=['./colcon.meta'], base_paths=['.'], packages_ignore=None, packages_ignore_regex=None, paths=None, packages_up_to=None, packages_up_to_regex=None, packages_above=None, packages_above_and_dependencies=None, packages_above_depth=None, packages_select_by_dep=None, packages_skip_by_dep=None, packages_skip_up_to=None, packages_select_build_failed=False, packages_skip_build_finished=False, packages_select_test_failures=False, packages_skip_test_passed=False, packages_select=['robot_pos_interface'], packages_skip=None, packages_select_regex=None, packages_skip_regex=None, packages_start=None, packages_end=None, allow_overriding=[], cmake_args=None, cmake_target=None, cmake_target_skip_unavailable=False, cmake_clean_cache=False, cmake_clean_first=False, cmake_force_configure=False, ament_cmake_args=None, catkin_cmake_args=None, catkin_skip_building_tests=False, verb_parser=<colcon_defaults.argument_parser.defaults.DefaultArgumentsDecorator object at 0xffffb7c7f340>, verb_extension=<colcon_core.verb.build.BuildVerb object at 0xffffb7f756f0>, main=<bound method BuildVerb.main of <colcon_core.verb.build.BuildVerb object at 0xffffb7f756f0>>)
[6.218s] Level 1:colcon.colcon_core.package_discovery:discover_packages(colcon_meta) check parameters
[6.218s] Level 1:colcon.colcon_core.package_discovery:discover_packages(recursive) check parameters
[6.218s] Level 1:colcon.colcon_core.package_discovery:discover_packages(ignore) check parameters
[6.218s] Level 1:colcon.colcon_core.package_discovery:discover_packages(path) check parameters
[6.219s] Level 1:colcon.colcon_core.package_discovery:discover_packages(colcon_meta) discover
[6.219s] Level 1:colcon.colcon_core.package_discovery:discover_packages(recursive) discover
[6.219s] INFO:colcon.colcon_core.package_discovery:Crawling recursively for packages in '/home/robot1/ros2_ws/src'
[6.220s] Level 1:colcon.colcon_core.package_identification:_identify(.) by extensions ['ignore', 'ignore_ament_install']
[6.220s] Level 1:colcon.colcon_core.package_identification:_identify(.) by extension 'ignore'
[6.221s] Level 1:colcon.colcon_core.package_identification:_identify(.) by extension 'ignore_ament_install'
[6.221s] Level 1:colcon.colcon_core.package_identification:_identify(.) by extensions ['colcon_pkg']
[6.221s] Level 1:colcon.colcon_core.package_identification:_identify(.) by extension 'colcon_pkg'
[6.221s] Level 1:colcon.colcon_core.package_identification:_identify(.) by extensions ['colcon_meta']
[6.221s] Level 1:colcon.colcon_core.package_identification:_identify(.) by extension 'colcon_meta'
[6.222s] Level 1:colcon.colcon_core.package_identification:_identify(.) by extensions ['ros']
[6.222s] Level 1:colcon.colcon_core.package_identification:_identify(.) by extension 'ros'
[6.271s] Level 1:colcon.colcon_core.package_identification:_identify(.) by extensions ['cmake', 'python']
[6.271s] Level 1:colcon.colcon_core.package_identification:_identify(.) by extension 'cmake'
[6.271s] Level 1:colcon.colcon_core.package_identification:_identify(.) by extension 'python'
[6.272s] Level 1:colcon.colcon_core.package_identification:_identify(.) by extensions ['python_setup_py']
[6.272s] Level 1:colcon.colcon_core.package_identification:_identify(.) by extension 'python_setup_py'
[6.273s] Level 1:colcon.colcon_core.package_identification:_identify(ROSArduinoBridge-RF24) by extensions ['ignore', 'ignore_ament_install']
[6.273s] Level 1:colcon.colcon_core.package_identification:_identify(ROSArduinoBridge-RF24) by extension 'ignore'
[6.273s] Level 1:colcon.colcon_core.package_identification:_identify(ROSArduinoBridge-RF24) by extension 'ignore_ament_install'
[6.274s] Level 1:colcon.colcon_core.package_identification:_identify(ROSArduinoBridge-RF24) by extensions ['colcon_pkg']
[6.274s] Level 1:colcon.colcon_core.package_identification:_identify(ROSArduinoBridge-RF24) by extension 'colcon_pkg'
[6.274s] Level 1:colcon.colcon_core.package_identification:_identify(ROSArduinoBridge-RF24) by extensions ['colcon_meta']
[6.274s] Level 1:colcon.colcon_core.package_identification:_identify(ROSArduinoBridge-RF24) by extension 'colcon_meta'
[6.275s] Level 1:colcon.colcon_core.package_identification:_identify(ROSArduinoBridge-RF24) by extensions ['ros']
[6.275s] Level 1:colcon.colcon_core.package_identification:_identify(ROSArduinoBridge-RF24) by extension 'ros'
[6.275s] Level 1:colcon.colcon_core.package_identification:_identify(ROSArduinoBridge-RF24) by extensions ['cmake', 'python']
[6.275s] Level 1:colcon.colcon_core.package_identification:_identify(ROSArduinoBridge-RF24) by extension 'cmake'
[6.276s] Level 1:colcon.colcon_core.package_identification:_identify(ROSArduinoBridge-RF24) by extension 'python'
[6.276s] Level 1:colcon.colcon_core.package_identification:_identify(ROSArduinoBridge-RF24) by extensions ['python_setup_py']
[6.276s] Level 1:colcon.colcon_core.package_identification:_identify(ROSArduinoBridge-RF24) by extension 'python_setup_py'
[6.277s] Level 1:colcon.colcon_core.package_identification:_identify(ROSArduinoPixyBridge) by extensions ['ignore', 'ignore_ament_install']
[6.277s] Level 1:colcon.colcon_core.package_identification:_identify(ROSArduinoPixyBridge) by extension 'ignore'
[6.277s] Level 1:colcon.colcon_core.package_identification:_identify(ROSArduinoPixyBridge) by extension 'ignore_ament_install'
[6.278s] Level 1:colcon.colcon_core.package_identification:_identify(ROSArduinoPixyBridge) by extensions ['colcon_pkg']
[6.278s] Level 1:colcon.colcon_core.package_identification:_identify(ROSArduinoPixyBridge) by extension 'colcon_pkg'
[6.278s] Level 1:colcon.colcon_core.package_identification:_identify(ROSArduinoPixyBridge) by extensions ['colcon_meta']
[6.278s] Level 1:colcon.colcon_core.package_identification:_identify(ROSArduinoPixyBridge) by extension 'colcon_meta'
[6.278s] Level 1:colcon.colcon_core.package_identification:_identify(ROSArduinoPixyBridge) by extensions ['ros']
[6.279s] Level 1:colcon.colcon_core.package_identification:_identify(ROSArduinoPixyBridge) by extension 'ros'
[6.279s] Level 1:colcon.colcon_core.package_identification:_identify(ROSArduinoPixyBridge) by extensions ['cmake', 'python']
[6.279s] Level 1:colcon.colcon_core.package_identification:_identify(ROSArduinoPixyBridge) by extension 'cmake'
[6.279s] Level 1:colcon.colcon_core.package_identification:_identify(ROSArduinoPixyBridge) by extension 'python'
[6.280s] Level 1:colcon.colcon_core.package_identification:_identify(ROSArduinoPixyBridge) by extensions ['python_setup_py']
[6.280s] Level 1:colcon.colcon_core.package_identification:_identify(ROSArduinoPixyBridge) by extension 'python_setup_py'
[6.280s] Level 1:colcon.colcon_core.package_identification:_identify(ROS_GUI) by extensions ['ignore', 'ignore_ament_install']
[6.281s] Level 1:colcon.colcon_core.package_identification:_identify(ROS_GUI) by extension 'ignore'
[6.281s] Level 1:colcon.colcon_core.package_identification:_identify(ROS_GUI) by extension 'ignore_ament_install'
[6.281s] Level 1:colcon.colcon_core.package_identification:_identify(ROS_GUI) by extensions ['colcon_pkg']
[6.282s] Level 1:colcon.colcon_core.package_identification:_identify(ROS_GUI) by extension 'colcon_pkg'
[6.282s] Level 1:colcon.colcon_core.package_identification:_identify(ROS_GUI) by extensions ['colcon_meta']
[6.282s] Level 1:colcon.colcon_core.package_identification:_identify(ROS_GUI) by extension 'colcon_meta'
[6.282s] Level 1:colcon.colcon_core.package_identification:_identify(ROS_GUI) by extensions ['ros']
[6.282s] Level 1:colcon.colcon_core.package_identification:_identify(ROS_GUI) by extension 'ros'
[6.283s] Level 1:colcon.colcon_core.package_identification:_identify(ROS_GUI) by extensions ['cmake', 'python']
[6.283s] Level 1:colcon.colcon_core.package_identification:_identify(ROS_GUI) by extension 'cmake'
[6.283s] Level 1:colcon.colcon_core.package_identification:_identify(ROS_GUI) by extension 'python'
[6.284s] Level 1:colcon.colcon_core.package_identification:_identify(ROS_GUI) by extensions ['python_setup_py']
[6.284s] Level 1:colcon.colcon_core.package_identification:_identify(ROS_GUI) by extension 'python_setup_py'
[6.284s] Level 1:colcon.colcon_core.package_identification:_identify(ROS_GUI/tkinter_serial_monitor-1.0.0) by extensions ['ignore', 'ignore_ament_install']
[6.285s] Level 1:colcon.colcon_core.package_identification:_identify(ROS_GUI/tkinter_serial_monitor-1.0.0) by extension 'ignore'
[6.285s] Level 1:colcon.colcon_core.package_identification:_identify(ROS_GUI/tkinter_serial_monitor-1.0.0) by extension 'ignore_ament_install'
[6.285s] Level 1:colcon.colcon_core.package_identification:_identify(ROS_GUI/tkinter_serial_monitor-1.0.0) by extensions ['colcon_pkg']
[6.286s] Level 1:colcon.colcon_core.package_identification:_identify(ROS_GUI/tkinter_serial_monitor-1.0.0) by extension 'colcon_pkg'
[6.286s] Level 1:colcon.colcon_core.package_identification:_identify(ROS_GUI/tkinter_serial_monitor-1.0.0) by extensions ['colcon_meta']
[6.286s] Level 1:colcon.colcon_core.package_identification:_identify(ROS_GUI/tkinter_serial_monitor-1.0.0) by extension 'colcon_meta'
[6.286s] Level 1:colcon.colcon_core.package_identification:_identify(ROS_GUI/tkinter_serial_monitor-1.0.0) by extensions ['ros']
[6.286s] Level 1:colcon.colcon_core.package_identification:_identify(ROS_GUI/tkinter_serial_monitor-1.0.0) by extension 'ros'
[6.287s] Level 1:colcon.colcon_core.package_identification:_identify(ROS_GUI/tkinter_serial_monitor-1.0.0) by extensions ['cmake', 'python']
[6.287s] Level 1:colcon.colcon_core.package_identification:_identify(ROS_GUI/tkinter_serial_monitor-1.0.0) by extension 'cmake'
[6.287s] Level 1:colcon.colcon_core.package_identification:_identify(ROS_GUI/tkinter_serial_monitor-1.0.0) by extension 'python'
[6.288s] DEBUG:colcon.colcon_core.package_identification:Python package in 'ROS_GUI/tkinter_serial_monitor-1.0.0' passes arguments to the setup() function which requires a different identification extension than 'python'
[6.288s] Level 1:colcon.colcon_core.package_identification:_identify(ROS_GUI/tkinter_serial_monitor-1.0.0) by extensions ['python_setup_py']
[6.288s] Level 1:colcon.colcon_core.package_identification:_identify(ROS_GUI/tkinter_serial_monitor-1.0.0) by extension 'python_setup_py'
[7.759s] DEBUG:colcon.colcon_core.package_identification:Package 'ROS_GUI/tkinter_serial_monitor-1.0.0' with type 'python' and name 'tkinter_serial_monitor'
[7.760s] Level 1:colcon.colcon_core.package_identification:_identify(build) by extensions ['ignore', 'ignore_ament_install']
[7.760s] Level 1:colcon.colcon_core.package_identification:_identify(build) by extension 'ignore'
[7.761s] Level 1:colcon.colcon_core.package_identification:_identify(build) ignored
[7.761s] Level 1:colcon.colcon_core.package_identification:_identify(install) by extensions ['ignore', 'ignore_ament_install']
[7.762s] Level 1:colcon.colcon_core.package_identification:_identify(install) by extension 'ignore'
[7.762s] Level 1:colcon.colcon_core.package_identification:_identify(install) ignored
[7.763s] Level 1:colcon.colcon_core.package_identification:_identify(log) by extensions ['ignore', 'ignore_ament_install']
[7.763s] Level 1:colcon.colcon_core.package_identification:_identify(log) by extension 'ignore'
[7.763s] Level 1:colcon.colcon_core.package_identification:_identify(log) ignored
[7.764s] Level 1:colcon.colcon_core.package_identification:_identify(map_interface) by extensions ['ignore', 'ignore_ament_install']
[7.764s] Level 1:colcon.colcon_core.package_identification:_identify(map_interface) by extension 'ignore'
[7.765s] Level 1:colcon.colcon_core.package_identification:_identify(map_interface) by extension 'ignore_ament_install'
[7.765s] Level 1:colcon.colcon_core.package_identification:_identify(map_interface) by extensions ['colcon_pkg']
[7.765s] Level 1:colcon.colcon_core.package_identification:_identify(map_interface) by extension 'colcon_pkg'
[7.766s] Level 1:colcon.colcon_core.package_identification:_identify(map_interface) by extensions ['colcon_meta']
[7.766s] Level 1:colcon.colcon_core.package_identification:_identify(map_interface) by extension 'colcon_meta'
[7.766s] Level 1:colcon.colcon_core.package_identification:_identify(map_interface) by extensions ['ros']
[7.766s] Level 1:colcon.colcon_core.package_identification:_identify(map_interface) by extension 'ros'
[7.775s] DEBUG:colcon.colcon_core.package_identification:Package 'map_interface' with type 'ros.ament_cmake' and name 'map_interface'
[7.776s] Level 1:colcon.colcon_core.package_identification:_identify(map_updater) by extensions ['ignore', 'ignore_ament_install']
[7.777s] Level 1:colcon.colcon_core.package_identification:_identify(map_updater) by extension 'ignore'
[7.777s] Level 1:colcon.colcon_core.package_identification:_identify(map_updater) by extension 'ignore_ament_install'
[7.777s] Level 1:colcon.colcon_core.package_identification:_identify(map_updater) by extensions ['colcon_pkg']
[7.777s] Level 1:colcon.colcon_core.package_identification:_identify(map_updater) by extension 'colcon_pkg'
[7.778s] Level 1:colcon.colcon_core.package_identification:_identify(map_updater) by extensions ['colcon_meta']
[7.778s] Level 1:colcon.colcon_core.package_identification:_identify(map_updater) by extension 'colcon_meta'
[7.778s] Level 1:colcon.colcon_core.package_identification:_identify(map_updater) by extensions ['ros']
[7.778s] Level 1:colcon.colcon_core.package_identification:_identify(map_updater) by extension 'ros'
[7.780s] DEBUG:colcon.colcon_core.package_identification:Package 'map_updater' with type 'ros.ament_python' and name 'map_updater'
[7.781s] Level 1:colcon.colcon_core.package_identification:_identify(map_viewer) by extensions ['ignore', 'ignore_ament_install']
[7.782s] Level 1:colcon.colcon_core.package_identification:_identify(map_viewer) by extension 'ignore'
[7.782s] Level 1:colcon.colcon_core.package_identification:_identify(map_viewer) by extension 'ignore_ament_install'
[7.782s] Level 1:colcon.colcon_core.package_identification:_identify(map_viewer) by extensions ['colcon_pkg']
[7.782s] Level 1:colcon.colcon_core.package_identification:_identify(map_viewer) by extension 'colcon_pkg'
[7.783s] Level 1:colcon.colcon_core.package_identification:_identify(map_viewer) by extensions ['colcon_meta']
[7.783s] Level 1:colcon.colcon_core.package_identification:_identify(map_viewer) by extension 'colcon_meta'
[7.783s] Level 1:colcon.colcon_core.package_identification:_identify(map_viewer) by extensions ['ros']
[7.783s] Level 1:colcon.colcon_core.package_identification:_identify(map_viewer) by extension 'ros'
[7.785s] DEBUG:colcon.colcon_core.package_identification:Package 'map_viewer' with type 'ros.ament_python' and name 'map_viewer'
[7.786s] Level 1:colcon.colcon_core.package_identification:_identify(pixy_viewer) by extensions ['ignore', 'ignore_ament_install']
[7.787s] Level 1:colcon.colcon_core.package_identification:_identify(pixy_viewer) by extension 'ignore'
[7.787s] Level 1:colcon.colcon_core.package_identification:_identify(pixy_viewer) by extension 'ignore_ament_install'
[7.787s] Level 1:colcon.colcon_core.package_identification:_identify(pixy_viewer) by extensions ['colcon_pkg']
[7.787s] Level 1:colcon.colcon_core.package_identification:_identify(pixy_viewer) by extension 'colcon_pkg'
[7.788s] Level 1:colcon.colcon_core.package_identification:_identify(pixy_viewer) by extensions ['colcon_meta']
[7.788s] Level 1:colcon.colcon_core.package_identification:_identify(pixy_viewer) by extension 'colcon_meta'
[7.788s] Level 1:colcon.colcon_core.package_identification:_identify(pixy_viewer) by extensions ['ros']
[7.788s] Level 1:colcon.colcon_core.package_identification:_identify(pixy_viewer) by extension 'ros'
[7.789s] Level 1:colcon.colcon_core.package_identification:_identify(pixy_viewer) by extensions ['cmake', 'python']
[7.789s] Level 1:colcon.colcon_core.package_identification:_identify(pixy_viewer) by extension 'cmake'
[7.789s] Level 1:colcon.colcon_core.package_identification:_identify(pixy_viewer) by extension 'python'
[7.789s] Level 1:colcon.colcon_core.package_identification:_identify(pixy_viewer) by extensions ['python_setup_py']
[7.790s] Level 1:colcon.colcon_core.package_identification:_identify(pixy_viewer) by extension 'python_setup_py'
[7.790s] Level 1:colcon.colcon_core.package_identification:_identify(pwm_interface) by extensions ['ignore', 'ignore_ament_install']
[7.791s] Level 1:colcon.colcon_core.package_identification:_identify(pwm_interface) by extension 'ignore'
[7.791s] Level 1:colcon.colcon_core.package_identification:_identify(pwm_interface) by extension 'ignore_ament_install'
[7.791s] Level 1:colcon.colcon_core.package_identification:_identify(pwm_interface) by extensions ['colcon_pkg']
[7.791s] Level 1:colcon.colcon_core.package_identification:_identify(pwm_interface) by extension 'colcon_pkg'
[7.792s] Level 1:colcon.colcon_core.package_identification:_identify(pwm_interface) by extensions ['colcon_meta']
[7.792s] Level 1:colcon.colcon_core.package_identification:_identify(pwm_interface) by extension 'colcon_meta'
[7.792s] Level 1:colcon.colcon_core.package_identification:_identify(pwm_interface) by extensions ['ros']
[7.792s] Level 1:colcon.colcon_core.package_identification:_identify(pwm_interface) by extension 'ros'
[7.795s] DEBUG:colcon.colcon_core.package_identification:Package 'pwm_interface' with type 'ros.ament_cmake' and name 'pwm_interface'
[7.796s] Level 1:colcon.colcon_core.package_identification:_identify(py_motor_raw_pwm) by extensions ['ignore', 'ignore_ament_install']
[7.796s] Level 1:colcon.colcon_core.package_identification:_identify(py_motor_raw_pwm) by extension 'ignore'
[7.796s] Level 1:colcon.colcon_core.package_identification:_identify(py_motor_raw_pwm) by extension 'ignore_ament_install'
[7.797s] Level 1:colcon.colcon_core.package_identification:_identify(py_motor_raw_pwm) by extensions ['colcon_pkg']
[7.797s] Level 1:colcon.colcon_core.package_identification:_identify(py_motor_raw_pwm) by extension 'colcon_pkg'
[7.797s] Level 1:colcon.colcon_core.package_identification:_identify(py_motor_raw_pwm) by extensions ['colcon_meta']
[7.797s] Level 1:colcon.colcon_core.package_identification:_identify(py_motor_raw_pwm) by extension 'colcon_meta'
[7.797s] Level 1:colcon.colcon_core.package_identification:_identify(py_motor_raw_pwm) by extensions ['ros']
[7.798s] Level 1:colcon.colcon_core.package_identification:_identify(py_motor_raw_pwm) by extension 'ros'
[7.800s] DEBUG:colcon.colcon_core.package_identification:Package 'py_motor_raw_pwm' with type 'ros.ament_python' and name 'py_motor_raw_pwm'
[7.801s] Level 1:colcon.colcon_core.package_identification:_identify(py_ping) by extensions ['ignore', 'ignore_ament_install']
[7.801s] Level 1:colcon.colcon_core.package_identification:_identify(py_ping) by extension 'ignore'
[7.802s] Level 1:colcon.colcon_core.package_identification:_identify(py_ping) by extension 'ignore_ament_install'
[7.802s] Level 1:colcon.colcon_core.package_identification:_identify(py_ping) by extensions ['colcon_pkg']
[7.802s] Level 1:colcon.colcon_core.package_identification:_identify(py_ping) by extension 'colcon_pkg'
[7.802s] Level 1:colcon.colcon_core.package_identification:_identify(py_ping) by extensions ['colcon_meta']
[7.802s] Level 1:colcon.colcon_core.package_identification:_identify(py_ping) by extension 'colcon_meta'
[7.803s] Level 1:colcon.colcon_core.package_identification:_identify(py_ping) by extensions ['ros']
[7.803s] Level 1:colcon.colcon_core.package_identification:_identify(py_ping) by extension 'ros'
[7.805s] DEBUG:colcon.colcon_core.package_identification:Package 'py_ping' with type 'ros.ament_python' and name 'py_ping'
[7.806s] Level 1:colcon.colcon_core.package_identification:_identify(robot_pos_interface) by extensions ['ignore', 'ignore_ament_install']
[7.806s] Level 1:colcon.colcon_core.package_identification:_identify(robot_pos_interface) by extension 'ignore'
[7.807s] Level 1:colcon.colcon_core.package_identification:_identify(robot_pos_interface) by extension 'ignore_ament_install'
[7.807s] Level 1:colcon.colcon_core.package_identification:_identify(robot_pos_interface) by extensions ['colcon_pkg']
[7.807s] Level 1:colcon.colcon_core.package_identification:_identify(robot_pos_interface) by extension 'colcon_pkg'
[7.808s] Level 1:colcon.colcon_core.package_identification:_identify(robot_pos_interface) by extensions ['colcon_meta']
[7.808s] Level 1:colcon.colcon_core.package_identification:_identify(robot_pos_interface) by extension 'colcon_meta'
[7.808s] Level 1:colcon.colcon_core.package_identification:_identify(robot_pos_interface) by extensions ['ros']
[7.808s] Level 1:colcon.colcon_core.package_identification:_identify(robot_pos_interface) by extension 'ros'
[7.810s] DEBUG:colcon.colcon_core.package_identification:Package 'robot_pos_interface' with type 'ros.ament_cmake' and name 'robot_pos_interface'
[7.811s] Level 1:colcon.colcon_core.package_identification:_identify(robot_positions) by extensions ['ignore', 'ignore_ament_install']
[7.811s] Level 1:colcon.colcon_core.package_identification:_identify(robot_positions) by extension 'ignore'
[7.812s] Level 1:colcon.colcon_core.package_identification:_identify(robot_positions) by extension 'ignore_ament_install'
[7.812s] Level 1:colcon.colcon_core.package_identification:_identify(robot_positions) by extensions ['colcon_pkg']
[7.812s] Level 1:colcon.colcon_core.package_identification:_identify(robot_positions) by extension 'colcon_pkg'
[7.812s] Level 1:colcon.colcon_core.package_identification:_identify(robot_positions) by extensions ['colcon_meta']
[7.812s] Level 1:colcon.colcon_core.package_identification:_identify(robot_positions) by extension 'colcon_meta'
[7.813s] Level 1:colcon.colcon_core.package_identification:_identify(robot_positions) by extensions ['ros']
[7.813s] Level 1:colcon.colcon_core.package_identification:_identify(robot_positions) by extension 'ros'
[7.815s] DEBUG:colcon.colcon_core.package_identification:Package 'robot_positions' with type 'ros.ament_python' and name 'robot_positions'
[7.815s] Level 1:colcon.colcon_core.package_discovery:discover_packages(recursive) using defaults
[7.816s] Level 1:colcon.colcon_core.package_discovery:discover_packages(ignore) discover
[7.816s] Level 1:colcon.colcon_core.package_discovery:discover_packages(ignore) using defaults
[7.816s] Level 1:colcon.colcon_core.package_discovery:discover_packages(path) discover
[7.816s] Level 1:colcon.colcon_core.package_discovery:discover_packages(path) using defaults
[8.190s] INFO:colcon.colcon_core.package_selection:Skipping not selected package 'map_interface' in 'map_interface'
[8.190s] INFO:colcon.colcon_core.package_selection:Skipping not selected package 'pwm_interface' in 'pwm_interface'
[8.196s] INFO:colcon.colcon_core.package_selection:Skipping not selected package 'py_ping' in 'py_ping'
[8.196s] INFO:colcon.colcon_core.package_selection:Skipping not selected package 'robot_positions' in 'robot_positions'
[8.196s] INFO:colcon.colcon_core.package_selection:Skipping not selected package 'tkinter_serial_monitor' in 'ROS_GUI/tkinter_serial_monitor-1.0.0'
[8.196s] INFO:colcon.colcon_core.package_selection:Skipping not selected package 'map_updater' in 'map_updater'
[8.197s] INFO:colcon.colcon_core.package_selection:Skipping not selected package 'map_viewer' in 'map_viewer'
[8.197s] INFO:colcon.colcon_core.package_selection:Skipping not selected package 'py_motor_raw_pwm' in 'py_motor_raw_pwm'
[8.370s] Level 1:colcon.colcon_core.package_discovery:discover_packages(prefix_path) check parameters
[8.370s] Level 1:colcon.colcon_core.package_discovery:discover_packages(prefix_path) discover
[8.544s] DEBUG:colcon.colcon_installed_package_information.package_discovery:Found 9 installed packages in /home/robot1/ros2_ws/install
[8.649s] DEBUG:colcon.colcon_installed_package_information.package_discovery:Found 270 installed packages in /opt/ros/humble
[8.656s] Level 1:colcon.colcon_core.package_discovery:discover_packages(prefix_path) using defaults
[9.177s] Level 5:colcon.colcon_core.verb:set package 'robot_pos_interface' build argument 'cmake_args' from command line to 'None'
[9.177s] Level 5:colcon.colcon_core.verb:set package 'robot_pos_interface' build argument 'cmake_target' from command line to 'None'
[9.177s] Level 5:colcon.colcon_core.verb:set package 'robot_pos_interface' build argument 'cmake_target_skip_unavailable' from command line to 'False'
[9.177s] Level 5:colcon.colcon_core.verb:set package 'robot_pos_interface' build argument 'cmake_clean_cache' from command line to 'False'
[9.177s] Level 5:colcon.colcon_core.verb:set package 'robot_pos_interface' build argument 'cmake_clean_first' from command line to 'False'
[9.178s] Level 5:colcon.colcon_core.verb:set package 'robot_pos_interface' build argument 'cmake_force_configure' from command line to 'False'
[9.178s] Level 5:colcon.colcon_core.verb:set package 'robot_pos_interface' build argument 'ament_cmake_args' from command line to 'None'
[9.178s] Level 5:colcon.colcon_core.verb:set package 'robot_pos_interface' build argument 'catkin_cmake_args' from command line to 'None'
[9.178s] Level 5:colcon.colcon_core.verb:set package 'robot_pos_interface' build argument 'catkin_skip_building_tests' from command line to 'False'
[9.178s] DEBUG:colcon.colcon_core.verb:Building package 'robot_pos_interface' with the following arguments: {'ament_cmake_args': None, 'build_base': '/home/robot1/ros2_ws/src/build/robot_pos_interface', 'catkin_cmake_args': None, 'catkin_skip_building_tests': False, 'cmake_args': None, 'cmake_clean_cache': False, 'cmake_clean_first': False, 'cmake_force_configure': False, 'cmake_target': None, 'cmake_target_skip_unavailable': False, 'install_base': '/home/robot1/ros2_ws/src/install/robot_pos_interface', 'merge_install': False, 'path': '/home/robot1/ros2_ws/src/robot_pos_interface', 'symlink_install': False, 'test_result_base': None}
[9.260s] INFO:colcon.colcon_core.executor:Executing jobs using 'parallel' executor
[9.344s] DEBUG:colcon.colcon_parallel_executor.executor.parallel:run_until_complete
[9.345s] INFO:colcon.colcon_ros.task.ament_cmake.build:Building ROS package in '/home/robot1/ros2_ws/src/robot_pos_interface' with build type 'ament_cmake'
[9.346s] INFO:colcon.colcon_cmake.task.cmake.build:Building CMake package in '/home/robot1/ros2_ws/src/robot_pos_interface'
[9.441s] INFO:colcon.colcon_core.plugin_system:Skipping extension 'colcon_core.shell.bat': Not used on non-Windows systems
[9.442s] INFO:colcon.colcon_core.shell:Skip shell extension 'powershell' for command environment: Not usable outside of PowerShell
[9.442s] DEBUG:colcon.colcon_core.shell:Skip shell extension 'dsv' for command environment
[9.750s] DEBUG:colcon.colcon_core.event_handler.log_command:Invoking command in '/home/robot1/ros2_ws/src/build/robot_pos_interface': CMAKE_PREFIX_PATH=${CMAKE_PREFIX_PATH}:/home/robot1/ros2_ws/install/py_ping:/home/robot1/ros2_ws/install/position_updater:/home/robot1/ros2_ws/install/map_viewer:/home/robot1/ros2_ws/install/map_updater:/opt/ros/humble /usr/bin/cmake /home/robot1/ros2_ws/src/robot_pos_interface -DCMAKE_INSTALL_PREFIX=/home/robot1/ros2_ws/src/install/robot_pos_interface
[15.189s] DEBUG:colcon.colcon_core.event_handler.log_command:Invoked command in '/home/robot1/ros2_ws/src/build/robot_pos_interface' returned '1': CMAKE_PREFIX_PATH=${CMAKE_PREFIX_PATH}:/home/robot1/ros2_ws/install/py_ping:/home/robot1/ros2_ws/install/position_updater:/home/robot1/ros2_ws/install/map_viewer:/home/robot1/ros2_ws/install/map_updater:/opt/ros/humble /usr/bin/cmake /home/robot1/ros2_ws/src/robot_pos_interface -DCMAKE_INSTALL_PREFIX=/home/robot1/ros2_ws/src/install/robot_pos_interface
[15.242s] Level 1:colcon.colcon_core.environment:create_environment_scripts_only(robot_pos_interface)
[15.341s] Level 1:colcon.colcon_core.environment:checking '/home/robot1/ros2_ws/src/install/robot_pos_interface' for CMake module files
[15.343s] Level 1:colcon.colcon_core.environment:checking '/home/robot1/ros2_ws/src/install/robot_pos_interface' for CMake config files
[15.345s] Level 1:colcon.colcon_core.environment:checking '/home/robot1/ros2_ws/src/install/robot_pos_interface/bin'
[15.345s] Level 1:colcon.colcon_core.environment:checking '/home/robot1/ros2_ws/src/install/robot_pos_interface/lib/pkgconfig/robot_pos_interface.pc'
[15.346s] Level 1:colcon.colcon_core.environment:checking '/home/robot1/ros2_ws/src/install/robot_pos_interface/lib/python3.10/site-packages'
[15.347s] Level 1:colcon.colcon_core.environment:checking '/home/robot1/ros2_ws/src/install/robot_pos_interface/bin'
[15.432s] INFO:colcon.colcon_core.shell:Creating package script '/home/robot1/ros2_ws/src/install/robot_pos_interface/share/robot_pos_interface/package.ps1'
[15.436s] INFO:colcon.colcon_core.shell:Creating package descriptor '/home/robot1/ros2_ws/src/install/robot_pos_interface/share/robot_pos_interface/package.dsv'
[15.438s] INFO:colcon.colcon_core.shell:Creating package script '/home/robot1/ros2_ws/src/install/robot_pos_interface/share/robot_pos_interface/package.sh'
[15.441s] INFO:colcon.colcon_core.shell:Creating package script '/home/robot1/ros2_ws/src/install/robot_pos_interface/share/robot_pos_interface/package.bash'
[15.445s] INFO:colcon.colcon_core.shell:Creating package script '/home/robot1/ros2_ws/src/install/robot_pos_interface/share/robot_pos_interface/package.zsh'
[15.448s] Level 1:colcon.colcon_core.environment:create_file_with_runtime_dependencies(/home/robot1/ros2_ws/src/install/robot_pos_interface/share/colcon-core/packages/robot_pos_interface)
[15.459s] DEBUG:colcon.colcon_parallel_executor.executor.parallel:closing loop
[15.460s] DEBUG:colcon.colcon_parallel_executor.executor.parallel:loop closed
[15.461s] DEBUG:colcon.colcon_parallel_executor.executor.parallel:run_until_complete finished with '1'
[15.461s] DEBUG:colcon.colcon_core.event_reactor:joining thread
[15.570s] INFO:colcon.colcon_core.plugin_system:Skipping extension 'colcon_notification.desktop_notification.terminal_notifier': Not used on non-Darwin systems
[15.571s] INFO:colcon.colcon_core.plugin_system:Skipping extension 'colcon_notification.desktop_notification.win32': Not used on non-Windows systems
[15.571s] INFO:colcon.colcon_notification.desktop_notification:Sending desktop notification using 'notify2'
[15.630s] DEBUG:colcon.colcon_core.event_reactor:joined thread
[15.723s] INFO:colcon.colcon_core.shell:Creating prefix script '/home/robot1/ros2_ws/src/install/local_setup.ps1'
[15.727s] INFO:colcon.colcon_core.shell:Creating prefix util module '/home/robot1/ros2_ws/src/install/_local_setup_util_ps1.py'
[15.732s] INFO:colcon.colcon_core.shell:Creating prefix chain script '/home/robot1/ros2_ws/src/install/setup.ps1'
[15.822s] INFO:colcon.colcon_core.shell:Creating prefix script '/home/robot1/ros2_ws/src/install/local_setup.sh'
[15.824s] INFO:colcon.colcon_core.shell:Creating prefix util module '/home/robot1/ros2_ws/src/install/_local_setup_util_sh.py'
[15.827s] INFO:colcon.colcon_core.shell:Creating prefix chain script '/home/robot1/ros2_ws/src/install/setup.sh'
[15.918s] INFO:colcon.colcon_core.shell:Creating prefix script '/home/robot1/ros2_ws/src/install/local_setup.bash'
[15.920s] INFO:colcon.colcon_core.shell:Creating prefix chain script '/home/robot1/ros2_ws/src/install/setup.bash'
[16.008s] INFO:colcon.colcon_core.shell:Creating prefix script '/home/robot1/ros2_ws/src/install/local_setup.zsh'
[16.010s] INFO:colcon.colcon_core.shell:Creating prefix chain script '/home/robot1/ros2_ws/src/install/setup.zsh'
