running egg_info
creating ../build/gotoxy/gotoxy.egg-info
writing ../build/gotoxy/gotoxy.egg-info/PKG-INFO
writing dependency_links to ../build/gotoxy/gotoxy.egg-info/dependency_links.txt
writing entry points to ../build/gotoxy/gotoxy.egg-info/entry_points.txt
writing requirements to ../build/gotoxy/gotoxy.egg-info/requires.txt
writing top-level names to ../build/gotoxy/gotoxy.egg-info/top_level.txt
writing manifest file '../build/gotoxy/gotoxy.egg-info/SOURCES.txt'
package init file 'gotoxy/__init__.py' not found (or not a regular file)
reading manifest file '../build/gotoxy/gotoxy.egg-info/SOURCES.txt'
adding license file 'LICENSE'
writing manifest file '../build/gotoxy/gotoxy.egg-info/SOURCES.txt'
running build
running build_py
creating /home/robot1/ros2_ws/src/build/gotoxy/build
creating /home/robot1/ros2_ws/src/build/gotoxy/build/lib
creating /home/robot1/ros2_ws/src/build/gotoxy/build/lib/gotoxy
copying gotoxy/gotoxy_action_server.py -> /home/robot1/ros2_ws/src/build/gotoxy/build/lib/gotoxy
copying gotoxy/gotoxy_action_client.py -> /home/robot1/ros2_ws/src/build/gotoxy/build/lib/gotoxy
running install
/usr/lib/python3/dist-packages/setuptools/command/install.py:34: SetuptoolsDeprecationWarning: setup.py install is deprecated. Use build and pip and other standards-based tools.
  warnings.warn(
running install_lib
creating /home/robot1/ros2_ws/src/install/gotoxy/lib/python3.10/site-packages/gotoxy
copying /home/robot1/ros2_ws/src/build/gotoxy/build/lib/gotoxy/gotoxy_action_server.py -> /home/robot1/ros2_ws/src/install/gotoxy/lib/python3.10/site-packages/gotoxy
copying /home/robot1/ros2_ws/src/build/gotoxy/build/lib/gotoxy/gotoxy_action_client.py -> /home/robot1/ros2_ws/src/install/gotoxy/lib/python3.10/site-packages/gotoxy
byte-compiling /home/robot1/ros2_ws/src/install/gotoxy/lib/python3.10/site-packages/gotoxy/gotoxy_action_server.py to gotoxy_action_server.cpython-310.pyc
byte-compiling /home/robot1/ros2_ws/src/install/gotoxy/lib/python3.10/site-packages/gotoxy/gotoxy_action_client.py to gotoxy_action_client.cpython-310.pyc
running install_data
creating /home/robot1/ros2_ws/src/install/gotoxy/share/ament_index
creating /home/robot1/ros2_ws/src/install/gotoxy/share/ament_index/resource_index
creating /home/robot1/ros2_ws/src/install/gotoxy/share/ament_index/resource_index/packages
copying resource/gotoxy -> /home/robot1/ros2_ws/src/install/gotoxy/share/ament_index/resource_index/packages
copying package.xml -> /home/robot1/ros2_ws/src/install/gotoxy/share/gotoxy
running install_egg_info
Copying ../build/gotoxy/gotoxy.egg-info to /home/robot1/ros2_ws/src/install/gotoxy/lib/python3.10/site-packages/gotoxy-0.32.0-py3.10.egg-info
running install_scripts
Installing gotoxy_client script to /home/robot1/ros2_ws/src/install/gotoxy/lib/action_tutorials_py
Installing gotoxy_server script to /home/robot1/ros2_ws/src/install/gotoxy/lib/action_tutorials_py
writing list of installed files to '/home/robot1/ros2_ws/src/build/gotoxy/install.log'
