[3.330s] Invoking command in '/home/robot1/ros2_ws/src/gotoxy': PYTHONPATH=/home/robot1/ros2_ws/src/build/gotoxy/prefix_override:/home/robot1/ros2_ws/src/install/gotoxy/lib/python3.10/site-packages:${PYTHONPATH} /usr/bin/python3 setup.py egg_info --egg-base ../build/gotoxy build --build-base /home/robot1/ros2_ws/src/build/gotoxy/build install --record /home/robot1/ros2_ws/src/build/gotoxy/install.log --single-version-externally-managed
[4.462s] running egg_info
[4.464s] creating ../build/gotoxy/gotoxy.egg-info
[4.465s] writing ../build/gotoxy/gotoxy.egg-info/PKG-INFO
[4.466s] writing dependency_links to ../build/gotoxy/gotoxy.egg-info/dependency_links.txt
[4.467s] writing entry points to ../build/gotoxy/gotoxy.egg-info/entry_points.txt
[4.467s] writing requirements to ../build/gotoxy/gotoxy.egg-info/requires.txt
[4.468s] writing top-level names to ../build/gotoxy/gotoxy.egg-info/top_level.txt
[4.468s] writing manifest file '../build/gotoxy/gotoxy.egg-info/SOURCES.txt'
[4.474s] package init file 'gotoxy/__init__.py' not found (or not a regular file)
[4.476s] reading manifest file '../build/gotoxy/gotoxy.egg-info/SOURCES.txt'
[4.477s] adding license file 'LICENSE'
[4.479s] writing manifest file '../build/gotoxy/gotoxy.egg-info/SOURCES.txt'
[4.479s] running build
[4.480s] running build_py
[4.480s] creating /home/robot1/ros2_ws/src/build/gotoxy/build
[4.481s] creating /home/robot1/ros2_ws/src/build/gotoxy/build/lib
[4.481s] creating /home/robot1/ros2_ws/src/build/gotoxy/build/lib/gotoxy
[4.482s] copying gotoxy/gotoxy_action_server.py -> /home/robot1/ros2_ws/src/build/gotoxy/build/lib/gotoxy
[4.482s] copying gotoxy/gotoxy_action_client.py -> /home/robot1/ros2_ws/src/build/gotoxy/build/lib/gotoxy
[4.483s] running install
[4.483s] /usr/lib/python3/dist-packages/setuptools/command/install.py:34: SetuptoolsDeprecationWarning: setup.py install is deprecated. Use build and pip and other standards-based tools.
[4.484s]   warnings.warn(
[4.485s] running install_lib
[4.488s] creating /home/robot1/ros2_ws/src/install/gotoxy/lib/python3.10/site-packages/gotoxy
[4.488s] copying /home/robot1/ros2_ws/src/build/gotoxy/build/lib/gotoxy/gotoxy_action_server.py -> /home/robot1/ros2_ws/src/install/gotoxy/lib/python3.10/site-packages/gotoxy
[4.489s] copying /home/robot1/ros2_ws/src/build/gotoxy/build/lib/gotoxy/gotoxy_action_client.py -> /home/robot1/ros2_ws/src/install/gotoxy/lib/python3.10/site-packages/gotoxy
[4.492s] byte-compiling /home/robot1/ros2_ws/src/install/gotoxy/lib/python3.10/site-packages/gotoxy/gotoxy_action_server.py to gotoxy_action_server.cpython-310.pyc
[4.496s] byte-compiling /home/robot1/ros2_ws/src/install/gotoxy/lib/python3.10/site-packages/gotoxy/gotoxy_action_client.py to gotoxy_action_client.cpython-310.pyc
[4.498s] running install_data
[4.501s] creating /home/robot1/ros2_ws/src/install/gotoxy/share/ament_index
[4.501s] creating /home/robot1/ros2_ws/src/install/gotoxy/share/ament_index/resource_index
[4.501s] creating /home/robot1/ros2_ws/src/install/gotoxy/share/ament_index/resource_index/packages
[4.502s] copying resource/gotoxy -> /home/robot1/ros2_ws/src/install/gotoxy/share/ament_index/resource_index/packages
[4.502s] copying package.xml -> /home/robot1/ros2_ws/src/install/gotoxy/share/gotoxy
[4.503s] running install_egg_info
[4.510s] Copying ../build/gotoxy/gotoxy.egg-info to /home/robot1/ros2_ws/src/install/gotoxy/lib/python3.10/site-packages/gotoxy-0.32.0-py3.10.egg-info
[4.514s] running install_scripts
[4.597s] Installing gotoxy_client script to /home/robot1/ros2_ws/src/install/gotoxy/lib/action_tutorials_py
[4.598s] Installing gotoxy_server script to /home/robot1/ros2_ws/src/install/gotoxy/lib/action_tutorials_py
[4.599s] writing list of installed files to '/home/robot1/ros2_ws/src/build/gotoxy/install.log'
[4.712s] Invoked command in '/home/robot1/ros2_ws/src/gotoxy' returned '0': PYTHONPATH=/home/robot1/ros2_ws/src/build/gotoxy/prefix_override:/home/robot1/ros2_ws/src/install/gotoxy/lib/python3.10/site-packages:${PYTHONPATH} /usr/bin/python3 setup.py egg_info --egg-base ../build/gotoxy build --build-base /home/robot1/ros2_ws/src/build/gotoxy/build install --record /home/robot1/ros2_ws/src/build/gotoxy/install.log --single-version-externally-managed
