[4.464s] DEBUG:colcon:Command line arguments: ['/usr/bin/colcon', 'build', '--packages-select', 'py_motor_raw_pwm']
[4.465s] DEBUG:colcon:Parsed command line arguments: Namespace(log_base=None, log_level=None, verb_name='build', build_base='build', install_base='install', merge_install=False, symlink_install=False, test_result_base=None, continue_on_error=False, executor='parallel', parallel_workers=4, event_handlers=None, ignore_user_meta=False, metas=['./colcon.meta'], base_paths=['.'], packages_ignore=None, packages_ignore_regex=None, paths=None, packages_up_to=None, packages_up_to_regex=None, packages_above=None, packages_above_and_dependencies=None, packages_above_depth=None, packages_select_by_dep=None, packages_skip_by_dep=None, packages_skip_up_to=None, packages_select_build_failed=False, packages_skip_build_finished=False, packages_select_test_failures=False, packages_skip_test_passed=False, packages_select=['py_motor_raw_pwm'], packages_skip=None, packages_select_regex=None, packages_skip_regex=None, packages_start=None, packages_end=None, allow_overriding=[], cmake_args=None, cmake_target=None, cmake_target_skip_unavailable=False, cmake_clean_cache=False, cmake_clean_first=False, cmake_force_configure=False, ament_cmake_args=None, catkin_cmake_args=None, catkin_skip_building_tests=False, verb_parser=<colcon_defaults.argument_parser.defaults.DefaultArgumentsDecorator object at 0xffffbafa9810>, verb_extension=<colcon_core.verb.build.BuildVerb object at 0xffffbbf04bb0>, main=<bound method BuildVerb.main of <colcon_core.verb.build.BuildVerb object at 0xffffbbf04bb0>>)
[4.668s] Level 1:colcon.colcon_core.package_discovery:discover_packages(colcon_meta) check parameters
[4.669s] Level 1:colcon.colcon_core.package_discovery:discover_packages(recursive) check parameters
[4.669s] Level 1:colcon.colcon_core.package_discovery:discover_packages(ignore) check parameters
[4.669s] Level 1:colcon.colcon_core.package_discovery:discover_packages(path) check parameters
[4.669s] Level 1:colcon.colcon_core.package_discovery:discover_packages(colcon_meta) discover
[4.669s] Level 1:colcon.colcon_core.package_discovery:discover_packages(recursive) discover
[4.669s] INFO:colcon.colcon_core.package_discovery:Crawling recursively for packages in '/home/robot1/ros2_ws/src'
[4.670s] Level 1:colcon.colcon_core.package_identification:_identify(.) by extensions ['ignore', 'ignore_ament_install']
[4.670s] Level 1:colcon.colcon_core.package_identification:_identify(.) by extension 'ignore'
[4.671s] Level 1:colcon.colcon_core.package_identification:_identify(.) by extension 'ignore_ament_install'
[4.671s] Level 1:colcon.colcon_core.package_identification:_identify(.) by extensions ['colcon_pkg']
[4.671s] Level 1:colcon.colcon_core.package_identification:_identify(.) by extension 'colcon_pkg'
[4.671s] Level 1:colcon.colcon_core.package_identification:_identify(.) by extensions ['colcon_meta']
[4.671s] Level 1:colcon.colcon_core.package_identification:_identify(.) by extension 'colcon_meta'
[4.671s] Level 1:colcon.colcon_core.package_identification:_identify(.) by extensions ['ros']
[4.671s] Level 1:colcon.colcon_core.package_identification:_identify(.) by extension 'ros'
[4.718s] Level 1:colcon.colcon_core.package_identification:_identify(.) by extensions ['cmake', 'python']
[4.718s] Level 1:colcon.colcon_core.package_identification:_identify(.) by extension 'cmake'
[4.719s] Level 1:colcon.colcon_core.package_identification:_identify(.) by extension 'python'
[4.719s] Level 1:colcon.colcon_core.package_identification:_identify(.) by extensions ['python_setup_py']
[4.719s] Level 1:colcon.colcon_core.package_identification:_identify(.) by extension 'python_setup_py'
[4.719s] Level 1:colcon.colcon_core.package_identification:_identify(ROSArduinoBridge-RF24) by extensions ['ignore', 'ignore_ament_install']
[4.720s] Level 1:colcon.colcon_core.package_identification:_identify(ROSArduinoBridge-RF24) by extension 'ignore'
[4.720s] Level 1:colcon.colcon_core.package_identification:_identify(ROSArduinoBridge-RF24) by extension 'ignore_ament_install'
[4.720s] Level 1:colcon.colcon_core.package_identification:_identify(ROSArduinoBridge-RF24) by extensions ['colcon_pkg']
[4.720s] Level 1:colcon.colcon_core.package_identification:_identify(ROSArduinoBridge-RF24) by extension 'colcon_pkg'
[4.721s] Level 1:colcon.colcon_core.package_identification:_identify(ROSArduinoBridge-RF24) by extensions ['colcon_meta']
[4.721s] Level 1:colcon.colcon_core.package_identification:_identify(ROSArduinoBridge-RF24) by extension 'colcon_meta'
[4.721s] Level 1:colcon.colcon_core.package_identification:_identify(ROSArduinoBridge-RF24) by extensions ['ros']
[4.721s] Level 1:colcon.colcon_core.package_identification:_identify(ROSArduinoBridge-RF24) by extension 'ros'
[4.721s] Level 1:colcon.colcon_core.package_identification:_identify(ROSArduinoBridge-RF24) by extensions ['cmake', 'python']
[4.721s] Level 1:colcon.colcon_core.package_identification:_identify(ROSArduinoBridge-RF24) by extension 'cmake'
[4.722s] Level 1:colcon.colcon_core.package_identification:_identify(ROSArduinoBridge-RF24) by extension 'python'
[4.722s] Level 1:colcon.colcon_core.package_identification:_identify(ROSArduinoBridge-RF24) by extensions ['python_setup_py']
[4.722s] Level 1:colcon.colcon_core.package_identification:_identify(ROSArduinoBridge-RF24) by extension 'python_setup_py'
[4.722s] Level 1:colcon.colcon_core.package_identification:_identify(ROSArduinoPixyBridge) by extensions ['ignore', 'ignore_ament_install']
[4.723s] Level 1:colcon.colcon_core.package_identification:_identify(ROSArduinoPixyBridge) by extension 'ignore'
[4.723s] Level 1:colcon.colcon_core.package_identification:_identify(ROSArduinoPixyBridge) by extension 'ignore_ament_install'
[4.723s] Level 1:colcon.colcon_core.package_identification:_identify(ROSArduinoPixyBridge) by extensions ['colcon_pkg']
[4.723s] Level 1:colcon.colcon_core.package_identification:_identify(ROSArduinoPixyBridge) by extension 'colcon_pkg'
[4.723s] Level 1:colcon.colcon_core.package_identification:_identify(ROSArduinoPixyBridge) by extensions ['colcon_meta']
[4.723s] Level 1:colcon.colcon_core.package_identification:_identify(ROSArduinoPixyBridge) by extension 'colcon_meta'
[4.724s] Level 1:colcon.colcon_core.package_identification:_identify(ROSArduinoPixyBridge) by extensions ['ros']
[4.724s] Level 1:colcon.colcon_core.package_identification:_identify(ROSArduinoPixyBridge) by extension 'ros'
[4.724s] Level 1:colcon.colcon_core.package_identification:_identify(ROSArduinoPixyBridge) by extensions ['cmake', 'python']
[4.724s] Level 1:colcon.colcon_core.package_identification:_identify(ROSArduinoPixyBridge) by extension 'cmake'
[4.724s] Level 1:colcon.colcon_core.package_identification:_identify(ROSArduinoPixyBridge) by extension 'python'
[4.724s] Level 1:colcon.colcon_core.package_identification:_identify(ROSArduinoPixyBridge) by extensions ['python_setup_py']
[4.725s] Level 1:colcon.colcon_core.package_identification:_identify(ROSArduinoPixyBridge) by extension 'python_setup_py'
[4.725s] Level 1:colcon.colcon_core.package_identification:_identify(ROS_GUI) by extensions ['ignore', 'ignore_ament_install']
[4.725s] Level 1:colcon.colcon_core.package_identification:_identify(ROS_GUI) by extension 'ignore'
[4.725s] Level 1:colcon.colcon_core.package_identification:_identify(ROS_GUI) by extension 'ignore_ament_install'
[4.726s] Level 1:colcon.colcon_core.package_identification:_identify(ROS_GUI) by extensions ['colcon_pkg']
[4.726s] Level 1:colcon.colcon_core.package_identification:_identify(ROS_GUI) by extension 'colcon_pkg'
[4.726s] Level 1:colcon.colcon_core.package_identification:_identify(ROS_GUI) by extensions ['colcon_meta']
[4.726s] Level 1:colcon.colcon_core.package_identification:_identify(ROS_GUI) by extension 'colcon_meta'
[4.726s] Level 1:colcon.colcon_core.package_identification:_identify(ROS_GUI) by extensions ['ros']
[4.726s] Level 1:colcon.colcon_core.package_identification:_identify(ROS_GUI) by extension 'ros'
[4.727s] Level 1:colcon.colcon_core.package_identification:_identify(ROS_GUI) by extensions ['cmake', 'python']
[4.727s] Level 1:colcon.colcon_core.package_identification:_identify(ROS_GUI) by extension 'cmake'
[4.727s] Level 1:colcon.colcon_core.package_identification:_identify(ROS_GUI) by extension 'python'
[4.727s] Level 1:colcon.colcon_core.package_identification:_identify(ROS_GUI) by extensions ['python_setup_py']
[4.727s] Level 1:colcon.colcon_core.package_identification:_identify(ROS_GUI) by extension 'python_setup_py'
[4.728s] Level 1:colcon.colcon_core.package_identification:_identify(ROS_GUI/tkinter_serial_monitor-1.0.0) by extensions ['ignore', 'ignore_ament_install']
[4.728s] Level 1:colcon.colcon_core.package_identification:_identify(ROS_GUI/tkinter_serial_monitor-1.0.0) by extension 'ignore'
[4.728s] Level 1:colcon.colcon_core.package_identification:_identify(ROS_GUI/tkinter_serial_monitor-1.0.0) by extension 'ignore_ament_install'
[4.728s] Level 1:colcon.colcon_core.package_identification:_identify(ROS_GUI/tkinter_serial_monitor-1.0.0) by extensions ['colcon_pkg']
[4.728s] Level 1:colcon.colcon_core.package_identification:_identify(ROS_GUI/tkinter_serial_monitor-1.0.0) by extension 'colcon_pkg'
[4.729s] Level 1:colcon.colcon_core.package_identification:_identify(ROS_GUI/tkinter_serial_monitor-1.0.0) by extensions ['colcon_meta']
[4.729s] Level 1:colcon.colcon_core.package_identification:_identify(ROS_GUI/tkinter_serial_monitor-1.0.0) by extension 'colcon_meta'
[4.729s] Level 1:colcon.colcon_core.package_identification:_identify(ROS_GUI/tkinter_serial_monitor-1.0.0) by extensions ['ros']
[4.729s] Level 1:colcon.colcon_core.package_identification:_identify(ROS_GUI/tkinter_serial_monitor-1.0.0) by extension 'ros'
[4.729s] Level 1:colcon.colcon_core.package_identification:_identify(ROS_GUI/tkinter_serial_monitor-1.0.0) by extensions ['cmake', 'python']
[4.729s] Level 1:colcon.colcon_core.package_identification:_identify(ROS_GUI/tkinter_serial_monitor-1.0.0) by extension 'cmake'
[4.730s] Level 1:colcon.colcon_core.package_identification:_identify(ROS_GUI/tkinter_serial_monitor-1.0.0) by extension 'python'
[4.730s] DEBUG:colcon.colcon_core.package_identification:Python package in 'ROS_GUI/tkinter_serial_monitor-1.0.0' passes arguments to the setup() function which requires a different identification extension than 'python'
[4.730s] Level 1:colcon.colcon_core.package_identification:_identify(ROS_GUI/tkinter_serial_monitor-1.0.0) by extensions ['python_setup_py']
[4.730s] Level 1:colcon.colcon_core.package_identification:_identify(ROS_GUI/tkinter_serial_monitor-1.0.0) by extension 'python_setup_py'
[5.902s] DEBUG:colcon.colcon_core.package_identification:Package 'ROS_GUI/tkinter_serial_monitor-1.0.0' with type 'python' and name 'tkinter_serial_monitor'
[5.903s] Level 1:colcon.colcon_core.package_identification:_identify(__pycache__) by extensions ['ignore', 'ignore_ament_install']
[5.903s] Level 1:colcon.colcon_core.package_identification:_identify(__pycache__) by extension 'ignore'
[5.903s] Level 1:colcon.colcon_core.package_identification:_identify(__pycache__) by extension 'ignore_ament_install'
[5.904s] Level 1:colcon.colcon_core.package_identification:_identify(__pycache__) by extensions ['colcon_pkg']
[5.904s] Level 1:colcon.colcon_core.package_identification:_identify(__pycache__) by extension 'colcon_pkg'
[5.904s] Level 1:colcon.colcon_core.package_identification:_identify(__pycache__) by extensions ['colcon_meta']
[5.904s] Level 1:colcon.colcon_core.package_identification:_identify(__pycache__) by extension 'colcon_meta'
[5.904s] Level 1:colcon.colcon_core.package_identification:_identify(__pycache__) by extensions ['ros']
[5.904s] Level 1:colcon.colcon_core.package_identification:_identify(__pycache__) by extension 'ros'
[5.905s] Level 1:colcon.colcon_core.package_identification:_identify(__pycache__) by extensions ['cmake', 'python']
[5.905s] Level 1:colcon.colcon_core.package_identification:_identify(__pycache__) by extension 'cmake'
[5.905s] Level 1:colcon.colcon_core.package_identification:_identify(__pycache__) by extension 'python'
[5.905s] Level 1:colcon.colcon_core.package_identification:_identify(__pycache__) by extensions ['python_setup_py']
[5.905s] Level 1:colcon.colcon_core.package_identification:_identify(__pycache__) by extension 'python_setup_py'
[5.906s] Level 1:colcon.colcon_core.package_identification:_identify(build) by extensions ['ignore', 'ignore_ament_install']
[5.906s] Level 1:colcon.colcon_core.package_identification:_identify(build) by extension 'ignore'
[5.906s] Level 1:colcon.colcon_core.package_identification:_identify(build) ignored
[5.907s] Level 1:colcon.colcon_core.package_identification:_identify(gotoxy) by extensions ['ignore', 'ignore_ament_install']
[5.907s] Level 1:colcon.colcon_core.package_identification:_identify(gotoxy) by extension 'ignore'
[5.907s] Level 1:colcon.colcon_core.package_identification:_identify(gotoxy) by extension 'ignore_ament_install'
[5.907s] Level 1:colcon.colcon_core.package_identification:_identify(gotoxy) by extensions ['colcon_pkg']
[5.908s] Level 1:colcon.colcon_core.package_identification:_identify(gotoxy) by extension 'colcon_pkg'
[5.908s] Level 1:colcon.colcon_core.package_identification:_identify(gotoxy) by extensions ['colcon_meta']
[5.908s] Level 1:colcon.colcon_core.package_identification:_identify(gotoxy) by extension 'colcon_meta'
[5.908s] Level 1:colcon.colcon_core.package_identification:_identify(gotoxy) by extensions ['ros']
[5.908s] Level 1:colcon.colcon_core.package_identification:_identify(gotoxy) by extension 'ros'
[5.916s] DEBUG:colcon.colcon_core.package_identification:Package 'gotoxy' with type 'ros.ament_python' and name 'gotoxy'
[5.917s] Level 1:colcon.colcon_core.package_identification:_identify(gotoxy_interface) by extensions ['ignore', 'ignore_ament_install']
[5.917s] Level 1:colcon.colcon_core.package_identification:_identify(gotoxy_interface) by extension 'ignore'
[5.918s] Level 1:colcon.colcon_core.package_identification:_identify(gotoxy_interface) by extension 'ignore_ament_install'
[5.918s] Level 1:colcon.colcon_core.package_identification:_identify(gotoxy_interface) by extensions ['colcon_pkg']
[5.918s] Level 1:colcon.colcon_core.package_identification:_identify(gotoxy_interface) by extension 'colcon_pkg'
[5.918s] Level 1:colcon.colcon_core.package_identification:_identify(gotoxy_interface) by extensions ['colcon_meta']
[5.918s] Level 1:colcon.colcon_core.package_identification:_identify(gotoxy_interface) by extension 'colcon_meta'
[5.919s] Level 1:colcon.colcon_core.package_identification:_identify(gotoxy_interface) by extensions ['ros']
[5.919s] Level 1:colcon.colcon_core.package_identification:_identify(gotoxy_interface) by extension 'ros'
[5.921s] DEBUG:colcon.colcon_core.package_identification:Package 'gotoxy_interface' with type 'ros.ament_cmake' and name 'gotoxy_interface'
[5.921s] Level 1:colcon.colcon_core.package_identification:_identify(install) by extensions ['ignore', 'ignore_ament_install']
[5.922s] Level 1:colcon.colcon_core.package_identification:_identify(install) by extension 'ignore'
[5.922s] Level 1:colcon.colcon_core.package_identification:_identify(install) ignored
[5.923s] Level 1:colcon.colcon_core.package_identification:_identify(log) by extensions ['ignore', 'ignore_ament_install']
[5.923s] Level 1:colcon.colcon_core.package_identification:_identify(log) by extension 'ignore'
[5.923s] Level 1:colcon.colcon_core.package_identification:_identify(log) ignored
[5.924s] Level 1:colcon.colcon_core.package_identification:_identify(map_interface) by extensions ['ignore', 'ignore_ament_install']
[5.924s] Level 1:colcon.colcon_core.package_identification:_identify(map_interface) by extension 'ignore'
[5.924s] Level 1:colcon.colcon_core.package_identification:_identify(map_interface) by extension 'ignore_ament_install'
[5.925s] Level 1:colcon.colcon_core.package_identification:_identify(map_interface) by extensions ['colcon_pkg']
[5.925s] Level 1:colcon.colcon_core.package_identification:_identify(map_interface) by extension 'colcon_pkg'
[5.925s] Level 1:colcon.colcon_core.package_identification:_identify(map_interface) by extensions ['colcon_meta']
[5.925s] Level 1:colcon.colcon_core.package_identification:_identify(map_interface) by extension 'colcon_meta'
[5.925s] Level 1:colcon.colcon_core.package_identification:_identify(map_interface) by extensions ['ros']
[5.925s] Level 1:colcon.colcon_core.package_identification:_identify(map_interface) by extension 'ros'
[5.927s] DEBUG:colcon.colcon_core.package_identification:Package 'map_interface' with type 'ros.ament_cmake' and name 'map_interface'
[5.928s] Level 1:colcon.colcon_core.package_identification:_identify(map_updater) by extensions ['ignore', 'ignore_ament_install']
[5.928s] Level 1:colcon.colcon_core.package_identification:_identify(map_updater) by extension 'ignore'
[5.928s] Level 1:colcon.colcon_core.package_identification:_identify(map_updater) by extension 'ignore_ament_install'
[5.928s] Level 1:colcon.colcon_core.package_identification:_identify(map_updater) by extensions ['colcon_pkg']
[5.929s] Level 1:colcon.colcon_core.package_identification:_identify(map_updater) by extension 'colcon_pkg'
[5.929s] Level 1:colcon.colcon_core.package_identification:_identify(map_updater) by extensions ['colcon_meta']
[5.929s] Level 1:colcon.colcon_core.package_identification:_identify(map_updater) by extension 'colcon_meta'
[5.929s] Level 1:colcon.colcon_core.package_identification:_identify(map_updater) by extensions ['ros']
[5.929s] Level 1:colcon.colcon_core.package_identification:_identify(map_updater) by extension 'ros'
[5.931s] DEBUG:colcon.colcon_core.package_identification:Package 'map_updater' with type 'ros.ament_python' and name 'map_updater'
[5.932s] Level 1:colcon.colcon_core.package_identification:_identify(map_viewer) by extensions ['ignore', 'ignore_ament_install']
[5.932s] Level 1:colcon.colcon_core.package_identification:_identify(map_viewer) by extension 'ignore'
[5.933s] Level 1:colcon.colcon_core.package_identification:_identify(map_viewer) by extension 'ignore_ament_install'
[5.933s] Level 1:colcon.colcon_core.package_identification:_identify(map_viewer) by extensions ['colcon_pkg']
[5.933s] Level 1:colcon.colcon_core.package_identification:_identify(map_viewer) by extension 'colcon_pkg'
[5.933s] Level 1:colcon.colcon_core.package_identification:_identify(map_viewer) by extensions ['colcon_meta']
[5.933s] Level 1:colcon.colcon_core.package_identification:_identify(map_viewer) by extension 'colcon_meta'
[5.933s] Level 1:colcon.colcon_core.package_identification:_identify(map_viewer) by extensions ['ros']
[5.933s] Level 1:colcon.colcon_core.package_identification:_identify(map_viewer) by extension 'ros'
[5.935s] DEBUG:colcon.colcon_core.package_identification:Package 'map_viewer' with type 'ros.ament_python' and name 'map_viewer'
[5.936s] Level 1:colcon.colcon_core.package_identification:_identify(pixy_viewer) by extensions ['ignore', 'ignore_ament_install']
[5.936s] Level 1:colcon.colcon_core.package_identification:_identify(pixy_viewer) by extension 'ignore'
[5.936s] Level 1:colcon.colcon_core.package_identification:_identify(pixy_viewer) by extension 'ignore_ament_install'
[5.937s] Level 1:colcon.colcon_core.package_identification:_identify(pixy_viewer) by extensions ['colcon_pkg']
[5.937s] Level 1:colcon.colcon_core.package_identification:_identify(pixy_viewer) by extension 'colcon_pkg'
[5.937s] Level 1:colcon.colcon_core.package_identification:_identify(pixy_viewer) by extensions ['colcon_meta']
[5.937s] Level 1:colcon.colcon_core.package_identification:_identify(pixy_viewer) by extension 'colcon_meta'
[5.937s] Level 1:colcon.colcon_core.package_identification:_identify(pixy_viewer) by extensions ['ros']
[5.937s] Level 1:colcon.colcon_core.package_identification:_identify(pixy_viewer) by extension 'ros'
[5.938s] Level 1:colcon.colcon_core.package_identification:_identify(pixy_viewer) by extensions ['cmake', 'python']
[5.938s] Level 1:colcon.colcon_core.package_identification:_identify(pixy_viewer) by extension 'cmake'
[5.938s] Level 1:colcon.colcon_core.package_identification:_identify(pixy_viewer) by extension 'python'
[5.938s] Level 1:colcon.colcon_core.package_identification:_identify(pixy_viewer) by extensions ['python_setup_py']
[5.938s] Level 1:colcon.colcon_core.package_identification:_identify(pixy_viewer) by extension 'python_setup_py'
[5.939s] Level 1:colcon.colcon_core.package_identification:_identify(pwm_interface) by extensions ['ignore', 'ignore_ament_install']
[5.939s] Level 1:colcon.colcon_core.package_identification:_identify(pwm_interface) by extension 'ignore'
[5.939s] Level 1:colcon.colcon_core.package_identification:_identify(pwm_interface) by extension 'ignore_ament_install'
[5.939s] Level 1:colcon.colcon_core.package_identification:_identify(pwm_interface) by extensions ['colcon_pkg']
[5.939s] Level 1:colcon.colcon_core.package_identification:_identify(pwm_interface) by extension 'colcon_pkg'
[5.940s] Level 1:colcon.colcon_core.package_identification:_identify(pwm_interface) by extensions ['colcon_meta']
[5.940s] Level 1:colcon.colcon_core.package_identification:_identify(pwm_interface) by extension 'colcon_meta'
[5.940s] Level 1:colcon.colcon_core.package_identification:_identify(pwm_interface) by extensions ['ros']
[5.940s] Level 1:colcon.colcon_core.package_identification:_identify(pwm_interface) by extension 'ros'
[5.942s] DEBUG:colcon.colcon_core.package_identification:Package 'pwm_interface' with type 'ros.ament_cmake' and name 'pwm_interface'
[5.942s] Level 1:colcon.colcon_core.package_identification:_identify(py_motor_raw_pwm) by extensions ['ignore', 'ignore_ament_install']
[5.943s] Level 1:colcon.colcon_core.package_identification:_identify(py_motor_raw_pwm) by extension 'ignore'
[5.943s] Level 1:colcon.colcon_core.package_identification:_identify(py_motor_raw_pwm) by extension 'ignore_ament_install'
[5.943s] Level 1:colcon.colcon_core.package_identification:_identify(py_motor_raw_pwm) by extensions ['colcon_pkg']
[5.943s] Level 1:colcon.colcon_core.package_identification:_identify(py_motor_raw_pwm) by extension 'colcon_pkg'
[5.943s] Level 1:colcon.colcon_core.package_identification:_identify(py_motor_raw_pwm) by extensions ['colcon_meta']
[5.944s] Level 1:colcon.colcon_core.package_identification:_identify(py_motor_raw_pwm) by extension 'colcon_meta'
[5.944s] Level 1:colcon.colcon_core.package_identification:_identify(py_motor_raw_pwm) by extensions ['ros']
[5.944s] Level 1:colcon.colcon_core.package_identification:_identify(py_motor_raw_pwm) by extension 'ros'
[5.946s] DEBUG:colcon.colcon_core.package_identification:Package 'py_motor_raw_pwm' with type 'ros.ament_python' and name 'py_motor_raw_pwm'
[5.947s] Level 1:colcon.colcon_core.package_identification:_identify(py_ping) by extensions ['ignore', 'ignore_ament_install']
[5.947s] Level 1:colcon.colcon_core.package_identification:_identify(py_ping) by extension 'ignore'
[5.947s] Level 1:colcon.colcon_core.package_identification:_identify(py_ping) by extension 'ignore_ament_install'
[5.947s] Level 1:colcon.colcon_core.package_identification:_identify(py_ping) by extensions ['colcon_pkg']
[5.947s] Level 1:colcon.colcon_core.package_identification:_identify(py_ping) by extension 'colcon_pkg'
[5.948s] Level 1:colcon.colcon_core.package_identification:_identify(py_ping) by extensions ['colcon_meta']
[5.948s] Level 1:colcon.colcon_core.package_identification:_identify(py_ping) by extension 'colcon_meta'
[5.948s] Level 1:colcon.colcon_core.package_identification:_identify(py_ping) by extensions ['ros']
[5.948s] Level 1:colcon.colcon_core.package_identification:_identify(py_ping) by extension 'ros'
[5.950s] DEBUG:colcon.colcon_core.package_identification:Package 'py_ping' with type 'ros.ament_python' and name 'py_ping'
[5.950s] Level 1:colcon.colcon_core.package_identification:_identify(robot_pos_interface) by extensions ['ignore', 'ignore_ament_install']
[5.951s] Level 1:colcon.colcon_core.package_identification:_identify(robot_pos_interface) by extension 'ignore'
[5.951s] Level 1:colcon.colcon_core.package_identification:_identify(robot_pos_interface) by extension 'ignore_ament_install'
[5.951s] Level 1:colcon.colcon_core.package_identification:_identify(robot_pos_interface) by extensions ['colcon_pkg']
[5.951s] Level 1:colcon.colcon_core.package_identification:_identify(robot_pos_interface) by extension 'colcon_pkg'
[5.951s] Level 1:colcon.colcon_core.package_identification:_identify(robot_pos_interface) by extensions ['colcon_meta']
[5.952s] Level 1:colcon.colcon_core.package_identification:_identify(robot_pos_interface) by extension 'colcon_meta'
[5.952s] Level 1:colcon.colcon_core.package_identification:_identify(robot_pos_interface) by extensions ['ros']
[5.952s] Level 1:colcon.colcon_core.package_identification:_identify(robot_pos_interface) by extension 'ros'
[5.954s] DEBUG:colcon.colcon_core.package_identification:Package 'robot_pos_interface' with type 'ros.ament_cmake' and name 'robot_pos_interface'
[5.954s] Level 1:colcon.colcon_core.package_identification:_identify(robot_positions) by extensions ['ignore', 'ignore_ament_install']
[5.955s] Level 1:colcon.colcon_core.package_identification:_identify(robot_positions) by extension 'ignore'
[5.955s] Level 1:colcon.colcon_core.package_identification:_identify(robot_positions) by extension 'ignore_ament_install'
[5.955s] Level 1:colcon.colcon_core.package_identification:_identify(robot_positions) by extensions ['colcon_pkg']
[5.955s] Level 1:colcon.colcon_core.package_identification:_identify(robot_positions) by extension 'colcon_pkg'
[5.955s] Level 1:colcon.colcon_core.package_identification:_identify(robot_positions) by extensions ['colcon_meta']
[5.955s] Level 1:colcon.colcon_core.package_identification:_identify(robot_positions) by extension 'colcon_meta'
[5.956s] Level 1:colcon.colcon_core.package_identification:_identify(robot_positions) by extensions ['ros']
[5.956s] Level 1:colcon.colcon_core.package_identification:_identify(robot_positions) by extension 'ros'
[5.958s] DEBUG:colcon.colcon_core.package_identification:Package 'robot_positions' with type 'ros.ament_python' and name 'robot_positions'
[5.958s] Level 1:colcon.colcon_core.package_discovery:discover_packages(recursive) using defaults
[5.959s] Level 1:colcon.colcon_core.package_discovery:discover_packages(ignore) discover
[5.959s] Level 1:colcon.colcon_core.package_discovery:discover_packages(ignore) using defaults
[5.959s] Level 1:colcon.colcon_core.package_discovery:discover_packages(path) discover
[5.959s] Level 1:colcon.colcon_core.package_discovery:discover_packages(path) using defaults
[6.233s] INFO:colcon.colcon_core.package_selection:Skipping not selected package 'gotoxy_interface' in 'gotoxy_interface'
[6.233s] INFO:colcon.colcon_core.package_selection:Skipping not selected package 'map_interface' in 'map_interface'
[6.233s] INFO:colcon.colcon_core.package_selection:Skipping not selected package 'pwm_interface' in 'pwm_interface'
[6.233s] INFO:colcon.colcon_core.package_selection:Skipping not selected package 'py_ping' in 'py_ping'
[6.233s] INFO:colcon.colcon_core.package_selection:Skipping not selected package 'robot_pos_interface' in 'robot_pos_interface'
[6.233s] INFO:colcon.colcon_core.package_selection:Skipping not selected package 'tkinter_serial_monitor' in 'ROS_GUI/tkinter_serial_monitor-1.0.0'
[6.234s] INFO:colcon.colcon_core.package_selection:Skipping not selected package 'gotoxy' in 'gotoxy'
[6.234s] INFO:colcon.colcon_core.package_selection:Skipping not selected package 'map_updater' in 'map_updater'
[6.234s] INFO:colcon.colcon_core.package_selection:Skipping not selected package 'map_viewer' in 'map_viewer'
[6.234s] INFO:colcon.colcon_core.package_selection:Skipping not selected package 'robot_positions' in 'robot_positions'
[6.359s] Level 1:colcon.colcon_core.package_discovery:discover_packages(prefix_path) check parameters
[6.359s] Level 1:colcon.colcon_core.package_discovery:discover_packages(prefix_path) discover
[6.425s] WARNING:colcon.colcon_ros.prefix_path.ament:The path '/home/robot1/ros2_ws/install/py_motor_raw_pwm' in the environment variable AMENT_PREFIX_PATH doesn't exist
[6.492s] DEBUG:colcon.colcon_installed_package_information.package_discovery:Found 2 installed packages in /home/robot1/ros2_ws/src/install
[6.557s] DEBUG:colcon.colcon_installed_package_information.package_discovery:Found 10 installed packages in /home/robot1/ros2_ws/install
[6.628s] DEBUG:colcon.colcon_installed_package_information.package_discovery:Found 270 installed packages in /opt/ros/humble
[6.635s] Level 1:colcon.colcon_core.package_discovery:discover_packages(prefix_path) using defaults
[7.026s] Level 5:colcon.colcon_core.verb:set package 'py_motor_raw_pwm' build argument 'cmake_args' from command line to 'None'
[7.027s] Level 5:colcon.colcon_core.verb:set package 'py_motor_raw_pwm' build argument 'cmake_target' from command line to 'None'
[7.027s] Level 5:colcon.colcon_core.verb:set package 'py_motor_raw_pwm' build argument 'cmake_target_skip_unavailable' from command line to 'False'
[7.027s] Level 5:colcon.colcon_core.verb:set package 'py_motor_raw_pwm' build argument 'cmake_clean_cache' from command line to 'False'
[7.027s] Level 5:colcon.colcon_core.verb:set package 'py_motor_raw_pwm' build argument 'cmake_clean_first' from command line to 'False'
[7.027s] Level 5:colcon.colcon_core.verb:set package 'py_motor_raw_pwm' build argument 'cmake_force_configure' from command line to 'False'
[7.027s] Level 5:colcon.colcon_core.verb:set package 'py_motor_raw_pwm' build argument 'ament_cmake_args' from command line to 'None'
[7.027s] Level 5:colcon.colcon_core.verb:set package 'py_motor_raw_pwm' build argument 'catkin_cmake_args' from command line to 'None'
[7.027s] Level 5:colcon.colcon_core.verb:set package 'py_motor_raw_pwm' build argument 'catkin_skip_building_tests' from command line to 'False'
[7.027s] DEBUG:colcon.colcon_core.verb:Building package 'py_motor_raw_pwm' with the following arguments: {'ament_cmake_args': None, 'build_base': '/home/robot1/ros2_ws/src/build/py_motor_raw_pwm', 'catkin_cmake_args': None, 'catkin_skip_building_tests': False, 'cmake_args': None, 'cmake_clean_cache': False, 'cmake_clean_first': False, 'cmake_force_configure': False, 'cmake_target': None, 'cmake_target_skip_unavailable': False, 'install_base': '/home/robot1/ros2_ws/src/install/py_motor_raw_pwm', 'merge_install': False, 'path': '/home/robot1/ros2_ws/src/py_motor_raw_pwm', 'symlink_install': False, 'test_result_base': None}
[7.091s] INFO:colcon.colcon_core.executor:Executing jobs using 'parallel' executor
[7.156s] DEBUG:colcon.colcon_parallel_executor.executor.parallel:run_until_complete
[7.157s] INFO:colcon.colcon_ros.task.ament_python.build:Building ROS package in '/home/robot1/ros2_ws/src/py_motor_raw_pwm' with build type 'ament_python'
[7.157s] Level 1:colcon.colcon_core.shell:create_environment_hook('py_motor_raw_pwm', 'ament_prefix_path')
[7.232s] INFO:colcon.colcon_core.plugin_system:Skipping extension 'colcon_core.shell.bat': Not used on non-Windows systems
[7.232s] INFO:colcon.colcon_core.shell:Creating environment hook '/home/robot1/ros2_ws/src/install/py_motor_raw_pwm/share/py_motor_raw_pwm/hook/ament_prefix_path.ps1'
[7.235s] INFO:colcon.colcon_core.shell:Creating environment descriptor '/home/robot1/ros2_ws/src/install/py_motor_raw_pwm/share/py_motor_raw_pwm/hook/ament_prefix_path.dsv'
[7.237s] INFO:colcon.colcon_core.shell:Creating environment hook '/home/robot1/ros2_ws/src/install/py_motor_raw_pwm/share/py_motor_raw_pwm/hook/ament_prefix_path.sh'
[7.304s] INFO:colcon.colcon_core.shell:Skip shell extension 'powershell' for command environment: Not usable outside of PowerShell
[7.304s] DEBUG:colcon.colcon_core.shell:Skip shell extension 'dsv' for command environment
[8.787s] INFO:colcon.colcon_core.task.python.build:Building Python package in '/home/robot1/ros2_ws/src/py_motor_raw_pwm'
[8.850s] INFO:colcon.colcon_core.shell:Skip shell extension 'powershell' for command environment: Not usable outside of PowerShell
[8.851s] DEBUG:colcon.colcon_core.shell:Skip shell extension 'dsv' for command environment
[10.668s] DEBUG:colcon.colcon_core.event_handler.log_command:Invoking command in '/home/robot1/ros2_ws/src/py_motor_raw_pwm': PYTHONPATH=/home/robot1/ros2_ws/src/build/py_motor_raw_pwm/prefix_override:/home/robot1/ros2_ws/src/install/py_motor_raw_pwm/lib/python3.10/site-packages:${PYTHONPATH} /usr/bin/python3 setup.py egg_info --egg-base ../build/py_motor_raw_pwm build --build-base /home/robot1/ros2_ws/src/build/py_motor_raw_pwm/build install --record /home/robot1/ros2_ws/src/build/py_motor_raw_pwm/install.log --single-version-externally-managed
[12.035s] DEBUG:colcon.colcon_core.event_handler.log_command:Invoked command in '/home/robot1/ros2_ws/src/py_motor_raw_pwm' returned '0': PYTHONPATH=/home/robot1/ros2_ws/src/build/py_motor_raw_pwm/prefix_override:/home/robot1/ros2_ws/src/install/py_motor_raw_pwm/lib/python3.10/site-packages:${PYTHONPATH} /usr/bin/python3 setup.py egg_info --egg-base ../build/py_motor_raw_pwm build --build-base /home/robot1/ros2_ws/src/build/py_motor_raw_pwm/build install --record /home/robot1/ros2_ws/src/build/py_motor_raw_pwm/install.log --single-version-externally-managed
[12.112s] Level 1:colcon.colcon_core.environment:checking '/home/robot1/ros2_ws/src/install/py_motor_raw_pwm' for CMake module files
[12.114s] Level 1:colcon.colcon_core.environment:checking '/home/robot1/ros2_ws/src/install/py_motor_raw_pwm' for CMake config files
[12.118s] Level 1:colcon.colcon_core.environment:checking '/home/robot1/ros2_ws/src/install/py_motor_raw_pwm/lib'
[12.119s] Level 1:colcon.colcon_core.environment:checking '/home/robot1/ros2_ws/src/install/py_motor_raw_pwm/bin'
[12.119s] Level 1:colcon.colcon_core.environment:checking '/home/robot1/ros2_ws/src/install/py_motor_raw_pwm/lib/pkgconfig/py_motor_raw_pwm.pc'
[12.120s] Level 1:colcon.colcon_core.environment:checking '/home/robot1/ros2_ws/src/install/py_motor_raw_pwm/lib/python3.10/site-packages'
[12.120s] Level 1:colcon.colcon_core.shell:create_environment_hook('py_motor_raw_pwm', 'pythonpath')
[12.186s] INFO:colcon.colcon_core.shell:Creating environment hook '/home/robot1/ros2_ws/src/install/py_motor_raw_pwm/share/py_motor_raw_pwm/hook/pythonpath.ps1'
[12.188s] INFO:colcon.colcon_core.shell:Creating environment descriptor '/home/robot1/ros2_ws/src/install/py_motor_raw_pwm/share/py_motor_raw_pwm/hook/pythonpath.dsv'
[12.189s] INFO:colcon.colcon_core.shell:Creating environment hook '/home/robot1/ros2_ws/src/install/py_motor_raw_pwm/share/py_motor_raw_pwm/hook/pythonpath.sh'
[12.193s] Level 1:colcon.colcon_core.environment:checking '/home/robot1/ros2_ws/src/install/py_motor_raw_pwm/bin'
[12.193s] Level 1:colcon.colcon_core.environment:create_environment_scripts_only(py_motor_raw_pwm)
[12.264s] INFO:colcon.colcon_core.shell:Creating package script '/home/robot1/ros2_ws/src/install/py_motor_raw_pwm/share/py_motor_raw_pwm/package.ps1'
[12.267s] INFO:colcon.colcon_core.shell:Creating package descriptor '/home/robot1/ros2_ws/src/install/py_motor_raw_pwm/share/py_motor_raw_pwm/package.dsv'
[12.270s] INFO:colcon.colcon_core.shell:Creating package script '/home/robot1/ros2_ws/src/install/py_motor_raw_pwm/share/py_motor_raw_pwm/package.sh'
[12.273s] INFO:colcon.colcon_core.shell:Creating package script '/home/robot1/ros2_ws/src/install/py_motor_raw_pwm/share/py_motor_raw_pwm/package.bash'
[12.276s] INFO:colcon.colcon_core.shell:Creating package script '/home/robot1/ros2_ws/src/install/py_motor_raw_pwm/share/py_motor_raw_pwm/package.zsh'
[12.279s] Level 1:colcon.colcon_core.environment:create_file_with_runtime_dependencies(/home/robot1/ros2_ws/src/install/py_motor_raw_pwm/share/colcon-core/packages/py_motor_raw_pwm)
[12.281s] DEBUG:colcon.colcon_parallel_executor.executor.parallel:closing loop
[12.282s] DEBUG:colcon.colcon_parallel_executor.executor.parallel:loop closed
[12.283s] DEBUG:colcon.colcon_parallel_executor.executor.parallel:run_until_complete finished with '0'
[12.283s] DEBUG:colcon.colcon_core.event_reactor:joining thread
[12.405s] INFO:colcon.colcon_core.plugin_system:Skipping extension 'colcon_notification.desktop_notification.terminal_notifier': Not used on non-Darwin systems
[12.406s] INFO:colcon.colcon_core.plugin_system:Skipping extension 'colcon_notification.desktop_notification.win32': Not used on non-Windows systems
[12.406s] INFO:colcon.colcon_notification.desktop_notification:Sending desktop notification using 'notify2'
[12.443s] DEBUG:colcon.colcon_core.event_reactor:joined thread
[12.509s] INFO:colcon.colcon_core.shell:Creating prefix script '/home/robot1/ros2_ws/src/install/local_setup.ps1'
[12.512s] INFO:colcon.colcon_core.shell:Creating prefix util module '/home/robot1/ros2_ws/src/install/_local_setup_util_ps1.py'
[12.517s] INFO:colcon.colcon_core.shell:Creating prefix chain script '/home/robot1/ros2_ws/src/install/setup.ps1'
[12.586s] INFO:colcon.colcon_core.shell:Creating prefix script '/home/robot1/ros2_ws/src/install/local_setup.sh'
[12.588s] INFO:colcon.colcon_core.shell:Creating prefix util module '/home/robot1/ros2_ws/src/install/_local_setup_util_sh.py'
[12.590s] INFO:colcon.colcon_core.shell:Creating prefix chain script '/home/robot1/ros2_ws/src/install/setup.sh'
[12.659s] INFO:colcon.colcon_core.shell:Creating prefix script '/home/robot1/ros2_ws/src/install/local_setup.bash'
[12.661s] INFO:colcon.colcon_core.shell:Creating prefix chain script '/home/robot1/ros2_ws/src/install/setup.bash'
[12.739s] INFO:colcon.colcon_core.shell:Creating prefix script '/home/robot1/ros2_ws/src/install/local_setup.zsh'
[12.741s] INFO:colcon.colcon_core.shell:Creating prefix chain script '/home/robot1/ros2_ws/src/install/setup.zsh'
