[3.368s] Invoking command in '/home/robot1/ros2_ws/src/py_motor_raw_pwm': AMENT_PREFIX_PATH=/home/robot1/ros2_ws/src/install/pwm_interface:${AMENT_PREFIX_PATH} CMAKE_PREFIX_PATH=/home/robot1/ros2_ws/src/install/pwm_interface:${CMAKE_PREFIX_PATH} LD_LIBRARY_PATH=/home/robot1/ros2_ws/src/install/pwm_interface/lib:${LD_LIBRARY_PATH} PYTHONPATH=/home/robot1/ros2_ws/src/build/py_motor_raw_pwm/prefix_override:/home/robot1/ros2_ws/src/install/py_motor_raw_pwm/lib/python3.10/site-packages:/home/robot1/ros2_ws/src/install/pwm_interface/local/lib/python3.10/dist-packages:${PYTHONPATH} /usr/bin/python3 setup.py egg_info --egg-base ../build/py_motor_raw_pwm build --build-base /home/robot1/ros2_ws/src/build/py_motor_raw_pwm/build install --record /home/robot1/ros2_ws/src/build/py_motor_raw_pwm/install.log --single-version-externally-managed
[4.479s] running egg_info
[4.481s] writing ../build/py_motor_raw_pwm/py_motor_raw_pwm.egg-info/PKG-INFO
[4.483s] writing dependency_links to ../build/py_motor_raw_pwm/py_motor_raw_pwm.egg-info/dependency_links.txt
[4.484s] writing entry points to ../build/py_motor_raw_pwm/py_motor_raw_pwm.egg-info/entry_points.txt
[4.485s] writing requirements to ../build/py_motor_raw_pwm/py_motor_raw_pwm.egg-info/requires.txt
[4.485s] writing top-level names to ../build/py_motor_raw_pwm/py_motor_raw_pwm.egg-info/top_level.txt
[4.493s] reading manifest file '../build/py_motor_raw_pwm/py_motor_raw_pwm.egg-info/SOURCES.txt'
[4.497s] writing manifest file '../build/py_motor_raw_pwm/py_motor_raw_pwm.egg-info/SOURCES.txt'
[4.497s] running build
[4.498s] running build_py
[4.499s] running install
[4.500s] /usr/lib/python3/dist-packages/setuptools/command/install.py:34: SetuptoolsDeprecationWarning: setup.py install is deprecated. Use build and pip and other standards-based tools.
[4.500s]   warnings.warn(
[4.501s] running install_lib
[4.507s] running install_data
[4.509s] running install_egg_info
[4.516s] removing '/home/robot1/ros2_ws/src/install/py_motor_raw_pwm/lib/python3.10/site-packages/py_motor_raw_pwm-0.0.0-py3.10.egg-info' (and everything under it)
[4.518s] Copying ../build/py_motor_raw_pwm/py_motor_raw_pwm.egg-info to /home/robot1/ros2_ws/src/install/py_motor_raw_pwm/lib/python3.10/site-packages/py_motor_raw_pwm-0.0.0-py3.10.egg-info
[4.523s] running install_scripts
[4.607s] Installing SetSpeed script to /home/robot1/ros2_ws/src/install/py_motor_raw_pwm/lib/py_motor_raw_pwm
[4.608s] Installing SpeedSetter script to /home/robot1/ros2_ws/src/install/py_motor_raw_pwm/lib/py_motor_raw_pwm
[4.610s] writing list of installed files to '/home/robot1/ros2_ws/src/build/py_motor_raw_pwm/install.log'
[4.721s] Invoked command in '/home/robot1/ros2_ws/src/py_motor_raw_pwm' returned '0': AMENT_PREFIX_PATH=/home/robot1/ros2_ws/src/install/pwm_interface:${AMENT_PREFIX_PATH} CMAKE_PREFIX_PATH=/home/robot1/ros2_ws/src/install/pwm_interface:${CMAKE_PREFIX_PATH} LD_LIBRARY_PATH=/home/robot1/ros2_ws/src/install/pwm_interface/lib:${LD_LIBRARY_PATH} PYTHONPATH=/home/robot1/ros2_ws/src/build/py_motor_raw_pwm/prefix_override:/home/robot1/ros2_ws/src/install/py_motor_raw_pwm/lib/python3.10/site-packages:/home/robot1/ros2_ws/src/install/pwm_interface/local/lib/python3.10/dist-packages:${PYTHONPATH} /usr/bin/python3 setup.py egg_info --egg-base ../build/py_motor_raw_pwm build --build-base /home/robot1/ros2_ws/src/build/py_motor_raw_pwm/build install --record /home/robot1/ros2_ws/src/build/py_motor_raw_pwm/install.log --single-version-externally-managed
