[3.344s] Invoking command in '/home/robot1/ros2_ws/src/py_motor_raw_pwm': AMENT_PREFIX_PATH=/home/robot1/ros2_ws/src/install/pwm_interface:${AMENT_PREFIX_PATH} CMAKE_PREFIX_PATH=/home/robot1/ros2_ws/src/install/pwm_interface:${CMAKE_PREFIX_PATH} LD_LIBRARY_PATH=/home/robot1/ros2_ws/src/install/pwm_interface/lib:${LD_LIBRARY_PATH} PYTHONPATH=/home/robot1/ros2_ws/src/build/py_motor_raw_pwm/prefix_override:/home/robot1/ros2_ws/src/install/py_motor_raw_pwm/lib/python3.10/site-packages:/home/robot1/ros2_ws/src/install/pwm_interface/local/lib/python3.10/dist-packages:${PYTHONPATH} /usr/bin/python3 setup.py egg_info --egg-base ../build/py_motor_raw_pwm build --build-base /home/robot1/ros2_ws/src/build/py_motor_raw_pwm/build install --record /home/robot1/ros2_ws/src/build/py_motor_raw_pwm/install.log --single-version-externally-managed
[4.452s] running egg_info
[4.455s] writing ../build/py_motor_raw_pwm/py_motor_raw_pwm.egg-info/PKG-INFO
[4.457s] writing dependency_links to ../build/py_motor_raw_pwm/py_motor_raw_pwm.egg-info/dependency_links.txt
[4.458s] writing entry points to ../build/py_motor_raw_pwm/py_motor_raw_pwm.egg-info/entry_points.txt
[4.459s] writing requirements to ../build/py_motor_raw_pwm/py_motor_raw_pwm.egg-info/requires.txt
[4.459s] writing top-level names to ../build/py_motor_raw_pwm/py_motor_raw_pwm.egg-info/top_level.txt
[4.467s] reading manifest file '../build/py_motor_raw_pwm/py_motor_raw_pwm.egg-info/SOURCES.txt'
[4.470s] writing manifest file '../build/py_motor_raw_pwm/py_motor_raw_pwm.egg-info/SOURCES.txt'
[4.471s] running build
[4.471s] running build_py
[4.473s] running install
[4.474s] /usr/lib/python3/dist-packages/setuptools/command/install.py:34: SetuptoolsDeprecationWarning: setup.py install is deprecated. Use build and pip and other standards-based tools.
[4.474s]   warnings.warn(
[4.475s] running install_lib
[4.481s] running install_data
[4.483s] running install_egg_info
[4.490s] removing '/home/robot1/ros2_ws/src/install/py_motor_raw_pwm/lib/python3.10/site-packages/py_motor_raw_pwm-0.0.0-py3.10.egg-info' (and everything under it)
[4.492s] Copying ../build/py_motor_raw_pwm/py_motor_raw_pwm.egg-info to /home/robot1/ros2_ws/src/install/py_motor_raw_pwm/lib/python3.10/site-packages/py_motor_raw_pwm-0.0.0-py3.10.egg-info
[4.497s] running install_scripts
[4.580s] Installing SetSpeed script to /home/robot1/ros2_ws/src/install/py_motor_raw_pwm/lib/py_motor_raw_pwm
[4.581s] Installing SpeedSetter script to /home/robot1/ros2_ws/src/install/py_motor_raw_pwm/lib/py_motor_raw_pwm
[4.583s] writing list of installed files to '/home/robot1/ros2_ws/src/build/py_motor_raw_pwm/install.log'
[4.695s] Invoked command in '/home/robot1/ros2_ws/src/py_motor_raw_pwm' returned '0': AMENT_PREFIX_PATH=/home/robot1/ros2_ws/src/install/pwm_interface:${AMENT_PREFIX_PATH} CMAKE_PREFIX_PATH=/home/robot1/ros2_ws/src/install/pwm_interface:${CMAKE_PREFIX_PATH} LD_LIBRARY_PATH=/home/robot1/ros2_ws/src/install/pwm_interface/lib:${LD_LIBRARY_PATH} PYTHONPATH=/home/robot1/ros2_ws/src/build/py_motor_raw_pwm/prefix_override:/home/robot1/ros2_ws/src/install/py_motor_raw_pwm/lib/python3.10/site-packages:/home/robot1/ros2_ws/src/install/pwm_interface/local/lib/python3.10/dist-packages:${PYTHONPATH} /usr/bin/python3 setup.py egg_info --egg-base ../build/py_motor_raw_pwm build --build-base /home/robot1/ros2_ws/src/build/py_motor_raw_pwm/build install --record /home/robot1/ros2_ws/src/build/py_motor_raw_pwm/install.log --single-version-externally-managed
